2025-08-14 13:27:39,988 - __main__ - INFO - start_services:48 - 🚀 Starting Zero Cost Architecture...
2025-08-14 13:27:39,988 - __main__ - INFO - start_services:51 - 📦 Starting File Processor Microservice...
2025-08-14 13:27:40,573 - app.services.file_processor_v2 - INFO - initialize:373 - ✅ File Processor initialized with 2 workers
2025-08-14 13:27:40,574 - __main__ - INFO - start_services:57 - 🔄 Starting Enhanced Replicator Service...
2025-08-14 13:27:40,929 - app.services.file_processor - INFO - __init__:383 - 🚀 FileProcessorEnhanced initialized
2025-08-14 13:27:40,930 - app.services.watermark_service - INFO - __init__:97 - 🎨 Watermark Service Enterprise inicializado
2025-08-14 13:27:40,930 - app.services.discord_sender - INFO - __init__:189 - 🚀 Discord Sender Enterprise initialized - MODO ENVÍO DIRECTO
2025-08-14 13:27:40,930 - app.services.enhanced_replicator_service - INFO - __init__:165 - 🚀 Enhanced Replicator Service v3.0 Enterprise initialized - MODO ENVÍO DIRECTO
2025-08-14 13:27:40,930 - app.services.enhanced_replicator_service - INFO - initialize:175 - 🔧 Initializing Enhanced Replicator Service Enterprise...
2025-08-14 13:27:40,930 - app.services.enhanced_replicator_service - INFO - _verify_dependencies:221 - 🔍 Enterprise dependency verification:
2025-08-14 13:27:40,930 - app.services.enhanced_replicator_service - INFO - _verify_dependencies:225 -    telethon: ✅ Available
2025-08-14 13:27:40,930 - app.services.enhanced_replicator_service - WARNING - _verify_dependencies:225 -    telethon_video_support: ❌ Missing
2025-08-14 13:27:40,930 - app.services.enhanced_replicator_service - INFO - _verify_dependencies:225 -    aiohttp: ✅ Available
2025-08-14 13:27:40,931 - app.services.enhanced_replicator_service - INFO - _verify_dependencies:225 -    pil: ✅ Available
2025-08-14 13:27:40,931 - app.services.enhanced_replicator_service - INFO - _verify_dependencies:225 -    pymupdf: ✅ Available
2025-08-14 13:27:40,931 - app.services.enhanced_replicator_service - INFO - _verify_dependencies:229 -    📹 Video handling: Using document-based detection
2025-08-14 13:27:40,931 - app.services.enhanced_replicator_service - INFO - _initialize_telegram:246 - 📱 Connecting to Telegram Enterprise...
2025-08-14 13:27:40,934 - app.services.file_processor_v2 - INFO - _processing_loop:441 - 🔄 Processing loop started
2025-08-14 13:27:42,427 - app.services.enhanced_replicator_service - INFO - _initialize_telegram:273 - ✅ Telegram Enterprise connected: Ja (@no_username)
2025-08-14 13:27:42,427 - app.services.file_processor - INFO - initialize:137 - ✅ V2 Processor Adapter initialized
2025-08-14 13:27:42,428 - app.services.file_processor - INFO - initialize:395 - ✅ Using V2 processor (microservices architecture)
2025-08-14 13:27:43,138 - app.services.file_processor - INFO - _check_dependencies:415 - 📦 Dependencies:
2025-08-14 13:27:43,138 - app.services.file_processor - INFO - _check_dependencies:418 -    ffmpeg: ✅
2025-08-14 13:27:43,138 - app.services.file_processor - INFO - _check_dependencies:418 -    pymupdf: ✅
2025-08-14 13:27:43,138 - app.services.file_processor - INFO - _check_dependencies:418 -    pil: ✅
2025-08-14 13:27:43,139 - app.services.file_processor - INFO - initialize:405 - ✅ FileProcessorEnhanced ready
2025-08-14 13:27:43,139 - app.services.enhanced_replicator_service - INFO - _initialize_enterprise_services:295 - ✅ File Processor Enterprise initialized
2025-08-14 13:27:43,141 - app.services.watermark_service - INFO - _load_configurations:131 - 📁 Cargadas 1 configuraciones
2025-08-14 13:27:43,156 - app.services.watermark_service - INFO - _preload_fonts:189 - 🔤 Precargadas 6 fuentes
2025-08-14 13:27:43,157 - app.services.watermark_service - INFO - initialize:111 - ✅ Watermark Service Enterprise inicializado correctamente
2025-08-14 13:27:43,157 - app.services.watermark_service - INFO - initialize:112 -    Grupos configurados: 1
2025-08-14 13:27:43,157 - app.services.watermark_service - INFO - initialize:113 -    PIL disponible: ✅
2025-08-14 13:27:43,157 - app.services.enhanced_replicator_service - INFO - _initialize_enterprise_services:295 - ✅ Watermark Service Enterprise initialized
2025-08-14 13:27:43,158 - app.services.discord_sender - INFO - initialize:216 - ✅ Discord Sender Enterprise inicializado
2025-08-14 13:27:43,159 - app.services.enhanced_replicator_service - INFO - _initialize_enterprise_services:295 - ✅ Discord Sender Enterprise initialized
2025-08-14 13:27:43,159 - app.services.enhanced_replicator_service - INFO - _setup_enterprise_event_handlers:337 - 📡 Enterprise event handlers configured
2025-08-14 13:27:43,159 - app.services.enhanced_replicator_service - INFO - _start_background_tasks:869 - 🔄 Enterprise background tasks started
2025-08-14 13:27:43,160 - app.services.enhanced_replicator_service - INFO - initialize:199 - ✅ Enhanced Replicator Service Enterprise initialized successfully
2025-08-14 13:27:43,160 - app.services.enhanced_replicator_service - INFO - _display_enterprise_configuration:942 - 📊 Enterprise Configuration - ENVÍO DIRECTO:
2025-08-14 13:27:43,160 - app.services.enhanced_replicator_service - INFO - _display_enterprise_configuration:943 -    Groups configured: 2
2025-08-14 13:27:43,160 - app.services.enhanced_replicator_service - INFO - _display_enterprise_configuration:944 -    Max concurrent processing: 10
2025-08-14 13:27:43,160 - app.services.enhanced_replicator_service - INFO - _display_enterprise_configuration:945 -    Circuit breaker threshold: 5
2025-08-14 13:27:43,160 - app.services.enhanced_replicator_service - INFO - _display_enterprise_configuration:946 -    Processing timeout: 300s
2025-08-14 13:27:43,160 - app.services.enhanced_replicator_service - INFO - _display_enterprise_configuration:947 -    Direct Sending Settings:
2025-08-14 13:27:43,160 - app.services.enhanced_replicator_service - INFO - _display_enterprise_configuration:948 -      - Max file size: 25MB
2025-08-14 13:27:43,161 - app.services.enhanced_replicator_service - INFO - _display_enterprise_configuration:949 -      - Auto compress: True
2025-08-14 13:27:43,161 - app.services.enhanced_replicator_service - INFO - _display_enterprise_configuration:950 -      - Compression quality: 75
2025-08-14 13:27:43,161 - app.services.enhanced_replicator_service - INFO - _display_enterprise_configuration:951 -      - Prefer direct: True
2025-08-14 13:27:43,161 - app.services.enhanced_replicator_service - INFO - _display_enterprise_configuration:952 -    Enterprise Services:
2025-08-14 13:27:43,161 - app.services.enhanced_replicator_service - INFO - _display_enterprise_configuration:953 -      - File Processor: ✅ Advanced
2025-08-14 13:27:43,161 - app.services.enhanced_replicator_service - INFO - _display_enterprise_configuration:954 -      - Watermark Service: ✅ Multi-tenant
2025-08-14 13:27:43,161 - app.services.enhanced_replicator_service - INFO - _display_enterprise_configuration:955 -      - Discord Sender: ✅ ENVÍO DIRECTO enabled
2025-08-14 13:27:43,161 - app.services.enhanced_replicator_service - INFO - _display_enterprise_configuration:956 -    Dependencies:
2025-08-14 13:27:43,161 - app.services.enhanced_replicator_service - INFO - _display_enterprise_configuration:957 -      - Telethon: ✅
2025-08-14 13:27:43,161 - app.services.enhanced_replicator_service - INFO - _display_enterprise_configuration:958 -      - PIL: ✅
2025-08-14 13:27:43,162 - app.services.enhanced_replicator_service - INFO - _display_enterprise_configuration:959 -      - PyMuPDF: ✅
2025-08-14 13:27:43,162 - app.services.enhanced_replicator_service - INFO - _display_enterprise_configuration:960 -      - aiohttp: ✅
2025-08-14 13:27:43,162 - __main__ - INFO - start_services:64 - 📤 Starting Discord Sender...
2025-08-14 13:27:43,162 - app.services.discord_sender - INFO - __init__:189 - 🚀 Discord Sender Enterprise initialized - MODO ENVÍO DIRECTO
2025-08-14 13:27:43,162 - app.services.discord_sender - INFO - initialize:216 - ✅ Discord Sender Enterprise inicializado
2025-08-14 13:27:43,162 - __main__ - INFO - start_services:71 - 🎨 Starting Watermark Service...
2025-08-14 13:27:43,163 - app.services.watermark_service - INFO - __init__:97 - 🎨 Watermark Service Enterprise inicializado
2025-08-14 13:27:43,163 - app.services.watermark_service - INFO - _load_configurations:131 - 📁 Cargadas 1 configuraciones
2025-08-14 13:27:43,174 - app.services.watermark_service - INFO - _preload_fonts:189 - 🔤 Precargadas 6 fuentes
2025-08-14 13:27:43,174 - app.services.watermark_service - INFO - initialize:111 - ✅ Watermark Service Enterprise inicializado correctamente
2025-08-14 13:27:43,175 - app.services.watermark_service - INFO - initialize:112 -    Grupos configurados: 1
2025-08-14 13:27:43,175 - app.services.watermark_service - INFO - initialize:113 -    PIL disponible: ✅
2025-08-14 13:27:43,175 - __main__ - INFO - start_services:79 - 📊 Starting Web Dashboard...
2025-08-14 13:27:43,180 - __main__ - INFO - start_services:90 - ✅ All services started successfully!
2025-08-14 13:28:13,181 - app.services.enhanced_replicator_service - WARNING - _perform_health_checks:1302 - ⚠️ Low direct sending rate: 0.00%
2025-08-14 13:28:43,186 - app.services.enhanced_replicator_service - WARNING - _perform_health_checks:1302 - ⚠️ Low direct sending rate: 0.00%
2025-08-14 13:29:13,188 - app.services.enhanced_replicator_service - WARNING - _perform_health_checks:1302 - ⚠️ Low direct sending rate: 0.00%
2025-08-14 13:29:41,247 - app.services.discord_sender - INFO - send_message_with_file:310 - ✅ Archivo enviado DIRECTAMENTE: video_enterprise.mp4 (0.1MB)
2025-08-14 13:29:41,248 - app.services.enhanced_replicator_service - INFO - _process_video_enterprise:798 - 🎬 Enterprise video enviado DIRECTAMENTE para group -4989347027
2025-08-14 13:29:43,190 - app.services.enhanced_replicator_service - WARNING - _perform_health_checks:1302 - ⚠️ Low direct sending rate: 50.00%
2025-08-14 13:30:13,192 - app.services.enhanced_replicator_service - WARNING - _perform_health_checks:1302 - ⚠️ Low direct sending rate: 50.00%
2025-08-14 13:30:43,195 - app.services.enhanced_replicator_service - WARNING - _perform_health_checks:1302 - ⚠️ Low direct sending rate: 50.00%
2025-08-14 13:30:47,246 - __main__ - INFO - monitoring_loop:200 - 📊 System: CPU 3.6% | RAM 39.8% | Disk 2.3%
2025-08-14 13:31:13,198 - app.services.enhanced_replicator_service - WARNING - _perform_health_checks:1302 - ⚠️ Low direct sending rate: 50.00%
2025-08-14 13:31:43,199 - app.services.enhanced_replicator_service - WARNING - _perform_health_checks:1302 - ⚠️ Low direct sending rate: 50.00%
2025-08-14 13:32:13,204 - app.services.enhanced_replicator_service - WARNING - _perform_health_checks:1302 - ⚠️ Low direct sending rate: 50.00%
2025-08-14 13:32:43,208 - app.services.enhanced_replicator_service - WARNING - _perform_health_checks:1302 - ⚠️ Low direct sending rate: 50.00%
2025-08-14 13:33:13,211 - app.services.enhanced_replicator_service - WARNING - _perform_health_checks:1302 - ⚠️ Low direct sending rate: 50.00%
2025-08-14 13:33:43,216 - app.services.enhanced_replicator_service - WARNING - _perform_health_checks:1302 - ⚠️ Low direct sending rate: 50.00%
2025-08-14 13:34:13,216 - app.services.enhanced_replicator_service - WARNING - _perform_health_checks:1302 - ⚠️ Low direct sending rate: 50.00%
2025-08-14 13:34:43,219 - app.services.enhanced_replicator_service - WARNING - _perform_health_checks:1302 - ⚠️ Low direct sending rate: 50.00%
2025-08-14 13:35:13,220 - app.services.enhanced_replicator_service - WARNING - _perform_health_checks:1302 - ⚠️ Low direct sending rate: 50.00%
2025-08-14 13:35:42,101 - app.services.discord_sender - INFO - send_message_with_file:310 - ✅ Archivo enviado DIRECTAMENTE: unknown_document (0.0MB)
2025-08-14 13:35:42,102 - app.services.enhanced_replicator_service - INFO - _handle_audio_enterprise:578 - 🎵 Enterprise audio enviado DIRECTAMENTE: unknown_document
2025-08-14 13:35:43,219 - app.services.enhanced_replicator_service - WARNING - _perform_health_checks:1302 - ⚠️ Low direct sending rate: 50.00%
2025-08-14 13:35:52,261 - __main__ - INFO - monitoring_loop:200 - 📊 System: CPU 1.4% | RAM 39.5% | Disk 2.3%
2025-08-14 13:36:02,983 - app.services.discord_sender - INFO - send_message_with_file:310 - ✅ Archivo enviado DIRECTAMENTE: DirectionMovementIndexDMIbyTraderGauls.pdf (1.2MB)
2025-08-14 13:36:02,983 - app.services.enhanced_replicator_service - INFO - _handle_pdf_enterprise:487 - 📄 Enterprise PDF enviado DIRECTAMENTE: DirectionMovementIndexDMIbyTraderGauls.pdf
2025-08-14 13:36:13,220 - app.services.enhanced_replicator_service - WARNING - _perform_health_checks:1302 - ⚠️ Low direct sending rate: 60.00%
2025-08-14 13:36:43,219 - app.services.enhanced_replicator_service - WARNING - _perform_health_checks:1302 - ⚠️ Low direct sending rate: 60.00%
2025-08-14 13:37:13,219 - app.services.enhanced_replicator_service - WARNING - _perform_health_checks:1302 - ⚠️ Low direct sending rate: 60.00%
2025-08-14 13:37:43,219 - app.services.enhanced_replicator_service - WARNING - _perform_health_checks:1302 - ⚠️ Low direct sending rate: 60.00%
2025-08-14 13:38:13,220 - app.services.enhanced_replicator_service - WARNING - _perform_health_checks:1302 - ⚠️ Low direct sending rate: 60.00%
2025-08-14 13:38:43,220 - app.services.enhanced_replicator_service - WARNING - _perform_health_checks:1302 - ⚠️ Low direct sending rate: 60.00%
2025-08-14 13:39:13,220 - app.services.enhanced_replicator_service - WARNING - _perform_health_checks:1302 - ⚠️ Low direct sending rate: 60.00%
2025-08-14 13:39:43,221 - app.services.enhanced_replicator_service - WARNING - _perform_health_checks:1302 - ⚠️ Low direct sending rate: 60.00%
2025-08-14 13:40:13,221 - app.services.enhanced_replicator_service - WARNING - _perform_health_checks:1302 - ⚠️ Low direct sending rate: 60.00%
2025-08-14 13:40:43,221 - app.services.enhanced_replicator_service - WARNING - _perform_health_checks:1302 - ⚠️ Low direct sending rate: 60.00%
2025-08-14 13:40:50,336 - __main__ - INFO - signal_handler:281 - Received shutdown signal
2025-08-14 13:54:50,431 - __main__ - INFO - start_services:48 - 🚀 Starting Zero Cost Architecture...
2025-08-14 13:54:50,431 - __main__ - INFO - start_services:51 - 📦 Starting File Processor Microservice...
2025-08-14 13:54:50,931 - app.services.file_processor_v2 - INFO - initialize:373 - ✅ File Processor initialized with 2 workers
2025-08-14 13:54:50,931 - __main__ - INFO - start_services:57 - 🔄 Starting Enhanced Replicator Service...
2025-08-14 13:54:51,176 - app.services.file_processor - INFO - __init__:383 - 🚀 FileProcessorEnhanced initialized
2025-08-14 13:54:51,176 - app.services.watermark_service - INFO - __init__:97 - 🎨 Watermark Service Enterprise inicializado
2025-08-14 13:54:51,176 - app.services.discord_sender - INFO - __init__:189 - 🚀 Discord Sender Enterprise initialized - MODO ENVÍO DIRECTO
2025-08-14 13:54:51,176 - app.services.enhanced_replicator_service - INFO - __init__:165 - 🚀 Enhanced Replicator Service v3.0 Enterprise initialized - MODO ENVÍO DIRECTO
2025-08-14 13:54:51,177 - app.services.enhanced_replicator_service - INFO - initialize:175 - 🔧 Initializing Enhanced Replicator Service Enterprise...
2025-08-14 13:54:51,177 - app.services.enhanced_replicator_service - INFO - _verify_dependencies:221 - 🔍 Enterprise dependency verification:
2025-08-14 13:54:51,177 - app.services.enhanced_replicator_service - INFO - _verify_dependencies:225 -    telethon: ✅ Available
2025-08-14 13:54:51,177 - app.services.enhanced_replicator_service - WARNING - _verify_dependencies:225 -    telethon_video_support: ❌ Missing
2025-08-14 13:54:51,177 - app.services.enhanced_replicator_service - INFO - _verify_dependencies:225 -    aiohttp: ✅ Available
2025-08-14 13:54:51,178 - app.services.enhanced_replicator_service - INFO - _verify_dependencies:225 -    pil: ✅ Available
2025-08-14 13:54:51,178 - app.services.enhanced_replicator_service - INFO - _verify_dependencies:225 -    pymupdf: ✅ Available
2025-08-14 13:54:51,178 - app.services.enhanced_replicator_service - INFO - _verify_dependencies:229 -    📹 Video handling: Using document-based detection
2025-08-14 13:54:51,179 - app.services.enhanced_replicator_service - INFO - _initialize_telegram:246 - 📱 Connecting to Telegram Enterprise...
2025-08-14 13:54:51,181 - app.services.file_processor_v2 - INFO - _processing_loop:441 - 🔄 Processing loop started
2025-08-14 13:54:53,133 - app.services.enhanced_replicator_service - INFO - _initialize_telegram:273 - ✅ Telegram Enterprise connected: Ja (@no_username)
2025-08-14 13:54:53,133 - app.services.file_processor - INFO - initialize:137 - ✅ V2 Processor Adapter initialized
2025-08-14 13:54:53,133 - app.services.file_processor - INFO - initialize:395 - ✅ Using V2 processor (microservices architecture)
2025-08-14 13:54:53,228 - app.services.file_processor - INFO - _check_dependencies:415 - 📦 Dependencies:
2025-08-14 13:54:53,228 - app.services.file_processor - INFO - _check_dependencies:418 -    ffmpeg: ✅
2025-08-14 13:54:53,228 - app.services.file_processor - INFO - _check_dependencies:418 -    pymupdf: ✅
2025-08-14 13:54:53,228 - app.services.file_processor - INFO - _check_dependencies:418 -    pil: ✅
2025-08-14 13:54:53,229 - app.services.file_processor - INFO - initialize:405 - ✅ FileProcessorEnhanced ready
2025-08-14 13:54:53,229 - app.services.enhanced_replicator_service - INFO - _initialize_enterprise_services:295 - ✅ File Processor Enterprise initialized
2025-08-14 13:54:53,229 - app.services.watermark_service - INFO - _load_configurations:131 - 📁 Cargadas 1 configuraciones
2025-08-14 13:54:53,246 - app.services.watermark_service - INFO - _preload_fonts:189 - 🔤 Precargadas 6 fuentes
2025-08-14 13:54:53,246 - app.services.watermark_service - INFO - initialize:111 - ✅ Watermark Service Enterprise inicializado correctamente
2025-08-14 13:54:53,246 - app.services.watermark_service - INFO - initialize:112 -    Grupos configurados: 1
2025-08-14 13:54:53,247 - app.services.watermark_service - INFO - initialize:113 -    PIL disponible: ✅
2025-08-14 13:54:53,247 - app.services.enhanced_replicator_service - INFO - _initialize_enterprise_services:295 - ✅ Watermark Service Enterprise initialized
2025-08-14 13:54:53,247 - app.services.discord_sender - INFO - initialize:216 - ✅ Discord Sender Enterprise inicializado
2025-08-14 13:54:53,247 - app.services.enhanced_replicator_service - INFO - _initialize_enterprise_services:295 - ✅ Discord Sender Enterprise initialized
2025-08-14 13:54:53,248 - app.services.enhanced_replicator_service - INFO - _setup_enterprise_event_handlers:337 - 📡 Enterprise event handlers configured
2025-08-14 13:54:53,248 - app.services.enhanced_replicator_service - INFO - _start_background_tasks:869 - 🔄 Enterprise background tasks started
2025-08-14 13:54:53,248 - app.services.enhanced_replicator_service - INFO - initialize:199 - ✅ Enhanced Replicator Service Enterprise initialized successfully
2025-08-14 13:54:53,248 - app.services.enhanced_replicator_service - INFO - _display_enterprise_configuration:942 - 📊 Enterprise Configuration - ENVÍO DIRECTO:
2025-08-14 13:54:53,248 - app.services.enhanced_replicator_service - INFO - _display_enterprise_configuration:943 -    Groups configured: 2
2025-08-14 13:54:53,248 - app.services.enhanced_replicator_service - INFO - _display_enterprise_configuration:944 -    Max concurrent processing: 10
2025-08-14 13:54:53,249 - app.services.enhanced_replicator_service - INFO - _display_enterprise_configuration:945 -    Circuit breaker threshold: 5
2025-08-14 13:54:53,249 - app.services.enhanced_replicator_service - INFO - _display_enterprise_configuration:946 -    Processing timeout: 300s
2025-08-14 13:54:53,249 - app.services.enhanced_replicator_service - INFO - _display_enterprise_configuration:947 -    Direct Sending Settings:
2025-08-14 13:54:53,249 - app.services.enhanced_replicator_service - INFO - _display_enterprise_configuration:948 -      - Max file size: 25MB
2025-08-14 13:54:53,249 - app.services.enhanced_replicator_service - INFO - _display_enterprise_configuration:949 -      - Auto compress: True
2025-08-14 13:54:53,249 - app.services.enhanced_replicator_service - INFO - _display_enterprise_configuration:950 -      - Compression quality: 75
2025-08-14 13:54:53,250 - app.services.enhanced_replicator_service - INFO - _display_enterprise_configuration:951 -      - Prefer direct: True
2025-08-14 13:54:53,250 - app.services.enhanced_replicator_service - INFO - _display_enterprise_configuration:952 -    Enterprise Services:
2025-08-14 13:54:53,250 - app.services.enhanced_replicator_service - INFO - _display_enterprise_configuration:953 -      - File Processor: ✅ Advanced
2025-08-14 13:54:53,250 - app.services.enhanced_replicator_service - INFO - _display_enterprise_configuration:954 -      - Watermark Service: ✅ Multi-tenant
2025-08-14 13:54:53,250 - app.services.enhanced_replicator_service - INFO - _display_enterprise_configuration:955 -      - Discord Sender: ✅ ENVÍO DIRECTO enabled
2025-08-14 13:54:53,250 - app.services.enhanced_replicator_service - INFO - _display_enterprise_configuration:956 -    Dependencies:
2025-08-14 13:54:53,250 - app.services.enhanced_replicator_service - INFO - _display_enterprise_configuration:957 -      - Telethon: ✅
2025-08-14 13:54:53,250 - app.services.enhanced_replicator_service - INFO - _display_enterprise_configuration:958 -      - PIL: ✅
2025-08-14 13:54:53,250 - app.services.enhanced_replicator_service - INFO - _display_enterprise_configuration:959 -      - PyMuPDF: ✅
2025-08-14 13:54:53,250 - app.services.enhanced_replicator_service - INFO - _display_enterprise_configuration:960 -      - aiohttp: ✅
2025-08-14 13:54:53,251 - __main__ - INFO - start_services:64 - 📤 Starting Discord Sender...
2025-08-14 13:54:53,251 - app.services.discord_sender - INFO - __init__:189 - 🚀 Discord Sender Enterprise initialized - MODO ENVÍO DIRECTO
2025-08-14 13:54:53,251 - app.services.discord_sender - INFO - initialize:216 - ✅ Discord Sender Enterprise inicializado
2025-08-14 13:54:53,251 - __main__ - INFO - start_services:71 - 🎨 Starting Watermark Service...
2025-08-14 13:54:53,251 - app.services.watermark_service - INFO - __init__:97 - 🎨 Watermark Service Enterprise inicializado
2025-08-14 13:54:53,252 - app.services.watermark_service - INFO - _load_configurations:131 - 📁 Cargadas 1 configuraciones
2025-08-14 13:54:53,257 - app.services.watermark_service - INFO - _preload_fonts:189 - 🔤 Precargadas 6 fuentes
2025-08-14 13:54:53,257 - app.services.watermark_service - INFO - initialize:111 - ✅ Watermark Service Enterprise inicializado correctamente
2025-08-14 13:54:53,257 - app.services.watermark_service - INFO - initialize:112 -    Grupos configurados: 1
2025-08-14 13:54:53,257 - app.services.watermark_service - INFO - initialize:113 -    PIL disponible: ✅
2025-08-14 13:54:53,258 - __main__ - INFO - start_services:79 - 📊 Starting Web Dashboard...
2025-08-14 13:54:53,262 - __main__ - INFO - start_services:90 - ✅ All services started successfully!
2025-08-14 13:55:23,264 - app.services.enhanced_replicator_service - WARNING - _perform_health_checks:1302 - ⚠️ Low direct sending rate: 0.00%
2025-08-14 13:55:53,265 - app.services.enhanced_replicator_service - WARNING - _perform_health_checks:1302 - ⚠️ Low direct sending rate: 0.00%
2025-08-14 13:55:55,303 - __main__ - INFO - monitoring_loop:200 - 📊 System: CPU 8.0% | RAM 44.4% | Disk 2.3%
2025-08-14 13:56:23,269 - app.services.enhanced_replicator_service - WARNING - _perform_health_checks:1302 - ⚠️ Low direct sending rate: 0.00%
2025-08-14 13:56:53,273 - app.services.enhanced_replicator_service - WARNING - _perform_health_checks:1302 - ⚠️ Low direct sending rate: 0.00%
2025-08-14 13:57:23,274 - app.services.enhanced_replicator_service - WARNING - _perform_health_checks:1302 - ⚠️ Low direct sending rate: 0.00%
2025-08-14 13:57:53,275 - app.services.enhanced_replicator_service - WARNING - _perform_health_checks:1302 - ⚠️ Low direct sending rate: 0.00%
2025-08-14 13:58:23,275 - app.services.enhanced_replicator_service - WARNING - _perform_health_checks:1302 - ⚠️ Low direct sending rate: 0.00%
2025-08-14 13:58:53,283 - app.services.enhanced_replicator_service - WARNING - _perform_health_checks:1302 - ⚠️ Low direct sending rate: 0.00%
2025-08-14 13:59:23,283 - app.services.enhanced_replicator_service - WARNING - _perform_health_checks:1302 - ⚠️ Low direct sending rate: 0.00%
2025-08-14 13:59:53,284 - app.services.enhanced_replicator_service - WARNING - _perform_health_checks:1302 - ⚠️ Low direct sending rate: 0.00%
2025-08-14 14:00:23,284 - app.services.enhanced_replicator_service - WARNING - _perform_health_checks:1302 - ⚠️ Low direct sending rate: 0.00%
2025-08-14 15:37:55,434 - app.services.enhanced_replicator_service - WARNING - _perform_health_checks:1302 - ⚠️ Low direct sending rate: 0.00%
2025-08-14 15:38:25,430 - app.services.enhanced_replicator_service - WARNING - _perform_health_checks:1302 - ⚠️ Low direct sending rate: 0.00%
2025-08-14 15:38:55,430 - app.services.enhanced_replicator_service - WARNING - _perform_health_checks:1302 - ⚠️ Low direct sending rate: 0.00%
2025-08-14 15:39:25,435 - app.services.enhanced_replicator_service - WARNING - _perform_health_checks:1302 - ⚠️ Low direct sending rate: 0.00%
2025-08-14 15:39:55,438 - app.services.enhanced_replicator_service - WARNING - _perform_health_checks:1302 - ⚠️ Low direct sending rate: 0.00%
2025-08-14 15:40:04,469 - __main__ - INFO - monitoring_loop:200 - 📊 System: CPU 25.8% | RAM 47.6% | Disk 2.3%
2025-08-14 15:40:25,439 - app.services.enhanced_replicator_service - WARNING - _perform_health_checks:1302 - ⚠️ Low direct sending rate: 0.00%
2025-08-14 15:40:55,442 - app.services.enhanced_replicator_service - WARNING - _perform_health_checks:1302 - ⚠️ Low direct sending rate: 0.00%
2025-08-14 15:41:25,446 - app.services.enhanced_replicator_service - WARNING - _perform_health_checks:1302 - ⚠️ Low direct sending rate: 0.00%
2025-08-14 15:41:55,448 - app.services.enhanced_replicator_service - WARNING - _perform_health_checks:1302 - ⚠️ Low direct sending rate: 0.00%
2025-08-14 15:42:25,453 - app.services.enhanced_replicator_service - WARNING - _perform_health_checks:1302 - ⚠️ Low direct sending rate: 0.00%
2025-08-14 15:42:55,454 - app.services.enhanced_replicator_service - WARNING - _perform_health_checks:1302 - ⚠️ Low direct sending rate: 0.00%
2025-08-14 15:43:25,456 - app.services.enhanced_replicator_service - WARNING - _perform_health_checks:1302 - ⚠️ Low direct sending rate: 0.00%
2025-08-14 15:43:55,458 - app.services.enhanced_replicator_service - WARNING - _perform_health_checks:1302 - ⚠️ Low direct sending rate: 0.00%
2025-08-14 15:44:25,463 - app.services.enhanced_replicator_service - WARNING - _perform_health_checks:1302 - ⚠️ Low direct sending rate: 0.00%
2025-08-14 15:44:55,466 - app.services.enhanced_replicator_service - WARNING - _perform_health_checks:1302 - ⚠️ Low direct sending rate: 0.00%
2025-08-14 15:45:09,482 - __main__ - INFO - monitoring_loop:200 - 📊 System: CPU 2.1% | RAM 48.3% | Disk 2.3%
2025-08-14 15:45:25,466 - app.services.enhanced_replicator_service - WARNING - _perform_health_checks:1302 - ⚠️ Low direct sending rate: 0.00%
2025-08-14 15:45:55,467 - app.services.enhanced_replicator_service - WARNING - _perform_health_checks:1302 - ⚠️ Low direct sending rate: 0.00%
2025-08-14 15:46:25,471 - app.services.enhanced_replicator_service - WARNING - _perform_health_checks:1302 - ⚠️ Low direct sending rate: 0.00%
2025-08-14 15:46:55,472 - app.services.enhanced_replicator_service - WARNING - _perform_health_checks:1302 - ⚠️ Low direct sending rate: 0.00%
2025-08-14 15:47:25,476 - app.services.enhanced_replicator_service - WARNING - _perform_health_checks:1302 - ⚠️ Low direct sending rate: 0.00%
2025-08-14 15:47:55,480 - app.services.enhanced_replicator_service - WARNING - _perform_health_checks:1302 - ⚠️ Low direct sending rate: 0.00%
2025-08-14 15:48:25,481 - app.services.enhanced_replicator_service - WARNING - _perform_health_checks:1302 - ⚠️ Low direct sending rate: 0.00%
2025-08-14 15:48:55,486 - app.services.enhanced_replicator_service - WARNING - _perform_health_checks:1302 - ⚠️ Low direct sending rate: 0.00%
2025-08-14 15:49:25,488 - app.services.enhanced_replicator_service - WARNING - _perform_health_checks:1302 - ⚠️ Low direct sending rate: 0.00%
2025-08-14 15:49:55,489 - app.services.enhanced_replicator_service - WARNING - _perform_health_checks:1302 - ⚠️ Low direct sending rate: 0.00%
2025-08-14 15:50:14,494 - __main__ - INFO - monitoring_loop:200 - 📊 System: CPU 9.4% | RAM 49.1% | Disk 2.3%
2025-08-14 15:50:25,495 - app.services.enhanced_replicator_service - WARNING - _perform_health_checks:1302 - ⚠️ Low direct sending rate: 0.00%
2025-08-14 15:50:55,498 - app.services.enhanced_replicator_service - WARNING - _perform_health_checks:1302 - ⚠️ Low direct sending rate: 0.00%
2025-08-14 15:51:25,499 - app.services.enhanced_replicator_service - WARNING - _perform_health_checks:1302 - ⚠️ Low direct sending rate: 0.00%
2025-08-14 15:51:55,499 - app.services.enhanced_replicator_service - WARNING - _perform_health_checks:1302 - ⚠️ Low direct sending rate: 0.00%
2025-08-14 15:52:25,503 - app.services.enhanced_replicator_service - WARNING - _perform_health_checks:1302 - ⚠️ Low direct sending rate: 0.00%
2025-08-14 15:52:55,508 - app.services.enhanced_replicator_service - WARNING - _perform_health_checks:1302 - ⚠️ Low direct sending rate: 0.00%
2025-08-14 15:53:25,512 - app.services.enhanced_replicator_service - WARNING - _perform_health_checks:1302 - ⚠️ Low direct sending rate: 0.00%
2025-08-14 15:53:55,517 - app.services.enhanced_replicator_service - WARNING - _perform_health_checks:1302 - ⚠️ Low direct sending rate: 0.00%
2025-08-14 15:54:25,520 - app.services.enhanced_replicator_service - WARNING - _perform_health_checks:1302 - ⚠️ Low direct sending rate: 0.00%
2025-08-14 15:54:55,523 - app.services.enhanced_replicator_service - WARNING - _perform_health_checks:1302 - ⚠️ Low direct sending rate: 0.00%
2025-08-14 15:55:19,513 - __main__ - INFO - monitoring_loop:200 - 📊 System: CPU 8.8% | RAM 53.2% | Disk 2.3%
2025-08-14 15:55:25,526 - app.services.enhanced_replicator_service - WARNING - _perform_health_checks:1302 - ⚠️ Low direct sending rate: 0.00%
2025-08-14 15:55:55,526 - app.services.enhanced_replicator_service - WARNING - _perform_health_checks:1302 - ⚠️ Low direct sending rate: 0.00%
2025-08-14 15:56:25,532 - app.services.enhanced_replicator_service - WARNING - _perform_health_checks:1302 - ⚠️ Low direct sending rate: 0.00%
2025-08-14 15:56:55,533 - app.services.enhanced_replicator_service - WARNING - _perform_health_checks:1302 - ⚠️ Low direct sending rate: 0.00%
2025-08-14 15:57:25,533 - app.services.enhanced_replicator_service - WARNING - _perform_health_checks:1302 - ⚠️ Low direct sending rate: 0.00%
2025-08-14 15:57:55,538 - app.services.enhanced_replicator_service - WARNING - _perform_health_checks:1302 - ⚠️ Low direct sending rate: 0.00%
2025-08-14 15:58:25,538 - app.services.enhanced_replicator_service - WARNING - _perform_health_checks:1302 - ⚠️ Low direct sending rate: 0.00%
2025-08-14 15:58:55,543 - app.services.enhanced_replicator_service - WARNING - _perform_health_checks:1302 - ⚠️ Low direct sending rate: 0.00%
2025-08-14 15:59:25,544 - app.services.enhanced_replicator_service - WARNING - _perform_health_checks:1302 - ⚠️ Low direct sending rate: 0.00%
2025-08-14 15:59:55,546 - app.services.enhanced_replicator_service - WARNING - _perform_health_checks:1302 - ⚠️ Low direct sending rate: 0.00%
2025-08-14 16:00:24,527 - __main__ - INFO - monitoring_loop:200 - 📊 System: CPU 14.5% | RAM 54.2% | Disk 2.3%
2025-08-14 16:00:25,549 - app.services.enhanced_replicator_service - WARNING - _perform_health_checks:1302 - ⚠️ Low direct sending rate: 0.00%
2025-08-14 16:00:55,549 - app.services.enhanced_replicator_service - WARNING - _perform_health_checks:1302 - ⚠️ Low direct sending rate: 0.00%
2025-08-14 16:01:25,552 - app.services.enhanced_replicator_service - WARNING - _perform_health_checks:1302 - ⚠️ Low direct sending rate: 0.00%
2025-08-14 16:01:55,552 - app.services.enhanced_replicator_service - WARNING - _perform_health_checks:1302 - ⚠️ Low direct sending rate: 0.00%
2025-08-14 16:02:26,542 - app.services.enhanced_replicator_service - WARNING - _perform_health_checks:1302 - ⚠️ Low direct sending rate: 0.00%
2025-08-14 16:02:56,542 - app.services.enhanced_replicator_service - WARNING - _perform_health_checks:1302 - ⚠️ Low direct sending rate: 0.00%
2025-08-14 16:03:27,546 - app.services.enhanced_replicator_service - WARNING - _perform_health_checks:1302 - ⚠️ Low direct sending rate: 0.00%
2025-08-14 16:03:57,550 - app.services.enhanced_replicator_service - WARNING - _perform_health_checks:1302 - ⚠️ Low direct sending rate: 0.00%
2025-08-14 16:04:28,551 - app.services.enhanced_replicator_service - WARNING - _perform_health_checks:1302 - ⚠️ Low direct sending rate: 0.00%
2025-08-14 16:04:58,552 - app.services.enhanced_replicator_service - WARNING - _perform_health_checks:1302 - ⚠️ Low direct sending rate: 0.00%
2025-08-14 16:05:29,556 - __main__ - INFO - monitoring_loop:200 - 📊 System: CPU 6.0% | RAM 53.2% | Disk 2.3%
2025-08-14 16:05:29,557 - app.services.enhanced_replicator_service - WARNING - _perform_health_checks:1302 - ⚠️ Low direct sending rate: 0.00%
2025-08-14 16:05:59,561 - app.services.enhanced_replicator_service - WARNING - _perform_health_checks:1302 - ⚠️ Low direct sending rate: 0.00%
2025-08-14 16:06:30,563 - app.services.enhanced_replicator_service - WARNING - _perform_health_checks:1302 - ⚠️ Low direct sending rate: 0.00%
2025-08-14 16:07:00,565 - app.services.enhanced_replicator_service - WARNING - _perform_health_checks:1302 - ⚠️ Low direct sending rate: 0.00%
2025-08-14 16:07:31,567 - app.services.enhanced_replicator_service - WARNING - _perform_health_checks:1302 - ⚠️ Low direct sending rate: 0.00%
2025-08-14 16:08:01,567 - app.services.enhanced_replicator_service - WARNING - _perform_health_checks:1302 - ⚠️ Low direct sending rate: 0.00%
2025-08-14 16:08:32,570 - app.services.enhanced_replicator_service - WARNING - _perform_health_checks:1302 - ⚠️ Low direct sending rate: 0.00%
2025-08-14 16:09:02,575 - app.services.enhanced_replicator_service - WARNING - _perform_health_checks:1302 - ⚠️ Low direct sending rate: 0.00%
2025-08-14 16:09:33,573 - app.services.enhanced_replicator_service - WARNING - _perform_health_checks:1302 - ⚠️ Low direct sending rate: 0.00%
2025-08-14 16:10:03,578 - app.services.enhanced_replicator_service - WARNING - _perform_health_checks:1302 - ⚠️ Low direct sending rate: 0.00%
2025-08-14 16:10:34,575 - __main__ - INFO - monitoring_loop:200 - 📊 System: CPU 3.7% | RAM 52.9% | Disk 2.3%
2025-08-14 16:10:34,575 - app.services.enhanced_replicator_service - WARNING - _perform_health_checks:1302 - ⚠️ Low direct sending rate: 0.00%
2025-08-14 16:11:04,581 - app.services.enhanced_replicator_service - WARNING - _perform_health_checks:1302 - ⚠️ Low direct sending rate: 0.00%
2025-08-14 16:11:35,578 - app.services.enhanced_replicator_service - WARNING - _perform_health_checks:1302 - ⚠️ Low direct sending rate: 0.00%
2025-08-14 16:12:05,578 - app.services.enhanced_replicator_service - WARNING - _perform_health_checks:1302 - ⚠️ Low direct sending rate: 0.00%
2025-08-14 16:12:36,580 - app.services.enhanced_replicator_service - WARNING - _perform_health_checks:1302 - ⚠️ Low direct sending rate: 0.00%
2025-08-14 16:13:06,583 - app.services.enhanced_replicator_service - WARNING - _perform_health_checks:1302 - ⚠️ Low direct sending rate: 0.00%
2025-08-14 16:13:37,582 - app.services.enhanced_replicator_service - WARNING - _perform_health_checks:1302 - ⚠️ Low direct sending rate: 0.00%
2025-08-14 16:14:07,588 - app.services.enhanced_replicator_service - WARNING - _perform_health_checks:1302 - ⚠️ Low direct sending rate: 0.00%
2025-08-14 16:14:38,585 - app.services.enhanced_replicator_service - WARNING - _perform_health_checks:1302 - ⚠️ Low direct sending rate: 0.00%
2025-08-14 16:15:08,590 - app.services.enhanced_replicator_service - WARNING - _perform_health_checks:1302 - ⚠️ Low direct sending rate: 0.00%
2025-08-14 16:15:39,590 - __main__ - INFO - monitoring_loop:200 - 📊 System: CPU 6.6% | RAM 56.1% | Disk 2.3%
2025-08-14 16:15:39,591 - app.services.enhanced_replicator_service - WARNING - _perform_health_checks:1302 - ⚠️ Low direct sending rate: 0.00%
2025-08-14 16:16:09,595 - app.services.enhanced_replicator_service - WARNING - _perform_health_checks:1302 - ⚠️ Low direct sending rate: 0.00%
2025-08-14 16:16:40,590 - app.services.enhanced_replicator_service - WARNING - _perform_health_checks:1302 - ⚠️ Low direct sending rate: 0.00%
2025-08-14 16:17:10,591 - app.services.enhanced_replicator_service - WARNING - _perform_health_checks:1302 - ⚠️ Low direct sending rate: 0.00%
2025-08-14 16:17:41,591 - app.services.enhanced_replicator_service - WARNING - _perform_health_checks:1302 - ⚠️ Low direct sending rate: 0.00%
2025-08-14 16:18:11,592 - app.services.enhanced_replicator_service - WARNING - _perform_health_checks:1302 - ⚠️ Low direct sending rate: 0.00%
2025-08-14 16:18:42,594 - app.services.enhanced_replicator_service - WARNING - _perform_health_checks:1302 - ⚠️ Low direct sending rate: 0.00%
2025-08-14 16:19:12,594 - app.services.enhanced_replicator_service - WARNING - _perform_health_checks:1302 - ⚠️ Low direct sending rate: 0.00%
2025-08-14 16:19:43,596 - app.services.enhanced_replicator_service - WARNING - _perform_health_checks:1302 - ⚠️ Low direct sending rate: 0.00%
2025-08-14 16:20:13,601 - app.services.enhanced_replicator_service - WARNING - _perform_health_checks:1302 - ⚠️ Low direct sending rate: 0.00%
2025-08-14 16:20:44,598 - __main__ - INFO - monitoring_loop:200 - 📊 System: CPU 2.9% | RAM 55.8% | Disk 2.3%
2025-08-14 16:20:44,599 - app.services.enhanced_replicator_service - WARNING - _perform_health_checks:1302 - ⚠️ Low direct sending rate: 0.00%
2025-08-14 16:21:14,600 - app.services.enhanced_replicator_service - WARNING - _perform_health_checks:1302 - ⚠️ Low direct sending rate: 0.00%
2025-08-14 16:21:45,607 - app.services.enhanced_replicator_service - WARNING - _perform_health_checks:1302 - ⚠️ Low direct sending rate: 0.00%
2025-08-14 16:22:15,609 - app.services.enhanced_replicator_service - WARNING - _perform_health_checks:1302 - ⚠️ Low direct sending rate: 0.00%
2025-08-14 16:22:46,606 - app.services.enhanced_replicator_service - WARNING - _perform_health_checks:1302 - ⚠️ Low direct sending rate: 0.00%
2025-08-14 16:23:16,611 - app.services.enhanced_replicator_service - WARNING - _perform_health_checks:1302 - ⚠️ Low direct sending rate: 0.00%
2025-08-14 16:23:47,613 - app.services.enhanced_replicator_service - WARNING - _perform_health_checks:1302 - ⚠️ Low direct sending rate: 0.00%
2025-08-14 16:24:17,614 - app.services.enhanced_replicator_service - WARNING - _perform_health_checks:1302 - ⚠️ Low direct sending rate: 0.00%
2025-08-14 16:24:48,615 - app.services.enhanced_replicator_service - WARNING - _perform_health_checks:1302 - ⚠️ Low direct sending rate: 0.00%
2025-08-14 16:25:18,616 - app.services.enhanced_replicator_service - WARNING - _perform_health_checks:1302 - ⚠️ Low direct sending rate: 0.00%
2025-08-14 16:25:49,617 - __main__ - INFO - monitoring_loop:200 - 📊 System: CPU 7.5% | RAM 57.5% | Disk 2.3%
2025-08-14 16:25:49,617 - app.services.enhanced_replicator_service - WARNING - _perform_health_checks:1302 - ⚠️ Low direct sending rate: 0.00%
2025-08-14 16:26:19,617 - app.services.enhanced_replicator_service - WARNING - _perform_health_checks:1302 - ⚠️ Low direct sending rate: 0.00%
2025-08-14 16:26:50,618 - app.services.enhanced_replicator_service - WARNING - _perform_health_checks:1302 - ⚠️ Low direct sending rate: 0.00%
2025-08-14 16:47:09,940 - app.services.enhanced_replicator_service - WARNING - _perform_health_checks:1302 - ⚠️ Low direct sending rate: 0.00%
2025-08-14 16:47:40,946 - app.services.enhanced_replicator_service - WARNING - _perform_health_checks:1302 - ⚠️ Low direct sending rate: 0.00%
2025-08-14 16:48:10,952 - app.services.enhanced_replicator_service - WARNING - _perform_health_checks:1302 - ⚠️ Low direct sending rate: 0.00%
2025-08-14 16:48:41,945 - app.services.enhanced_replicator_service - WARNING - _perform_health_checks:1302 - ⚠️ Low direct sending rate: 0.00%
2025-08-14 16:49:11,951 - app.services.enhanced_replicator_service - WARNING - _perform_health_checks:1302 - ⚠️ Low direct sending rate: 0.00%
2025-08-14 16:49:42,949 - app.services.enhanced_replicator_service - WARNING - _perform_health_checks:1302 - ⚠️ Low direct sending rate: 0.00%
2025-08-14 16:50:12,949 - app.services.enhanced_replicator_service - WARNING - _perform_health_checks:1302 - ⚠️ Low direct sending rate: 0.00%
2025-08-14 16:50:43,951 - __main__ - INFO - monitoring_loop:200 - 📊 System: CPU 5.1% | RAM 57.8% | Disk 2.3%
2025-08-14 16:50:43,952 - app.services.enhanced_replicator_service - WARNING - _perform_health_checks:1302 - ⚠️ Low direct sending rate: 0.00%
2025-08-14 16:51:13,957 - app.services.enhanced_replicator_service - WARNING - _perform_health_checks:1302 - ⚠️ Low direct sending rate: 0.00%
2025-08-14 16:51:44,953 - app.services.enhanced_replicator_service - WARNING - _perform_health_checks:1302 - ⚠️ Low direct sending rate: 0.00%
2025-08-14 16:52:14,954 - app.services.enhanced_replicator_service - WARNING - _perform_health_checks:1302 - ⚠️ Low direct sending rate: 0.00%
2025-08-14 16:52:45,954 - app.services.enhanced_replicator_service - WARNING - _perform_health_checks:1302 - ⚠️ Low direct sending rate: 0.00%
2025-08-14 16:53:15,956 - app.services.enhanced_replicator_service - WARNING - _perform_health_checks:1302 - ⚠️ Low direct sending rate: 0.00%
2025-08-14 16:53:46,959 - app.services.enhanced_replicator_service - WARNING - _perform_health_checks:1302 - ⚠️ Low direct sending rate: 0.00%
2025-08-14 16:54:16,964 - app.services.enhanced_replicator_service - WARNING - _perform_health_checks:1302 - ⚠️ Low direct sending rate: 0.00%
2025-08-14 16:54:47,982 - app.services.enhanced_replicator_service - WARNING - _perform_health_checks:1302 - ⚠️ Low direct sending rate: 0.00%
2025-08-14 16:55:17,985 - app.services.enhanced_replicator_service - WARNING - _perform_health_checks:1302 - ⚠️ Low direct sending rate: 0.00%
2025-08-14 16:55:48,969 - __main__ - INFO - monitoring_loop:200 - 📊 System: CPU 7.2% | RAM 58.7% | Disk 2.3%
2025-08-14 16:55:48,976 - app.services.enhanced_replicator_service - WARNING - _perform_health_checks:1302 - ⚠️ Low direct sending rate: 0.00%
2025-08-14 16:56:18,978 - app.services.enhanced_replicator_service - WARNING - _perform_health_checks:1302 - ⚠️ Low direct sending rate: 0.00%
2025-08-14 16:56:49,978 - app.services.enhanced_replicator_service - WARNING - _perform_health_checks:1302 - ⚠️ Low direct sending rate: 0.00%
2025-08-14 16:57:19,980 - app.services.enhanced_replicator_service - WARNING - _perform_health_checks:1302 - ⚠️ Low direct sending rate: 0.00%
2025-08-14 16:57:50,978 - app.services.enhanced_replicator_service - WARNING - _perform_health_checks:1302 - ⚠️ Low direct sending rate: 0.00%
2025-08-14 16:58:20,978 - app.services.enhanced_replicator_service - WARNING - _perform_health_checks:1302 - ⚠️ Low direct sending rate: 0.00%
2025-08-14 16:58:51,994 - app.services.enhanced_replicator_service - WARNING - _perform_health_checks:1302 - ⚠️ Low direct sending rate: 0.00%
2025-08-14 16:59:21,995 - app.services.enhanced_replicator_service - WARNING - _perform_health_checks:1302 - ⚠️ Low direct sending rate: 0.00%
2025-08-14 16:59:52,997 - app.services.enhanced_replicator_service - WARNING - _perform_health_checks:1302 - ⚠️ Low direct sending rate: 0.00%
2025-08-14 17:00:22,998 - app.services.enhanced_replicator_service - WARNING - _perform_health_checks:1302 - ⚠️ Low direct sending rate: 0.00%
2025-08-14 17:00:53,997 - __main__ - INFO - monitoring_loop:200 - 📊 System: CPU 11.2% | RAM 58.3% | Disk 2.3%
2025-08-14 17:00:54,003 - app.services.enhanced_replicator_service - WARNING - _perform_health_checks:1302 - ⚠️ Low direct sending rate: 0.00%
2025-08-14 17:01:24,008 - app.services.enhanced_replicator_service - WARNING - _perform_health_checks:1302 - ⚠️ Low direct sending rate: 0.00%
2025-08-14 17:01:55,009 - app.services.enhanced_replicator_service - WARNING - _perform_health_checks:1302 - ⚠️ Low direct sending rate: 0.00%
2025-08-14 17:02:25,010 - app.services.enhanced_replicator_service - WARNING - _perform_health_checks:1302 - ⚠️ Low direct sending rate: 0.00%
2025-08-14 17:02:56,012 - app.services.enhanced_replicator_service - WARNING - _perform_health_checks:1302 - ⚠️ Low direct sending rate: 0.00%
2025-08-14 17:03:26,013 - app.services.enhanced_replicator_service - WARNING - _perform_health_checks:1302 - ⚠️ Low direct sending rate: 0.00%
2025-08-14 17:03:57,014 - app.services.enhanced_replicator_service - WARNING - _perform_health_checks:1302 - ⚠️ Low direct sending rate: 0.00%
2025-08-14 17:04:27,015 - app.services.enhanced_replicator_service - WARNING - _perform_health_checks:1302 - ⚠️ Low direct sending rate: 0.00%
2025-08-14 17:04:58,022 - app.services.enhanced_replicator_service - WARNING - _perform_health_checks:1302 - ⚠️ Low direct sending rate: 0.00%
2025-08-14 17:05:28,026 - app.services.enhanced_replicator_service - WARNING - _perform_health_checks:1302 - ⚠️ Low direct sending rate: 0.00%
2025-08-14 17:05:59,013 - __main__ - INFO - monitoring_loop:200 - 📊 System: CPU 10.4% | RAM 58.3% | Disk 2.3%
2025-08-14 17:05:59,018 - app.services.enhanced_replicator_service - WARNING - _perform_health_checks:1302 - ⚠️ Low direct sending rate: 0.00%
2025-08-14 17:06:29,019 - app.services.enhanced_replicator_service - WARNING - _perform_health_checks:1302 - ⚠️ Low direct sending rate: 0.00%
2025-08-14 17:07:00,029 - app.services.enhanced_replicator_service - WARNING - _perform_health_checks:1302 - ⚠️ Low direct sending rate: 0.00%
2025-08-14 17:07:30,031 - app.services.enhanced_replicator_service - WARNING - _perform_health_checks:1302 - ⚠️ Low direct sending rate: 0.00%
2025-08-14 17:08:01,026 - app.services.enhanced_replicator_service - WARNING - _perform_health_checks:1302 - ⚠️ Low direct sending rate: 0.00%
2025-08-14 17:08:31,026 - app.services.enhanced_replicator_service - WARNING - _perform_health_checks:1302 - ⚠️ Low direct sending rate: 0.00%
2025-08-14 17:09:02,036 - app.services.enhanced_replicator_service - WARNING - _perform_health_checks:1302 - ⚠️ Low direct sending rate: 0.00%
2025-08-14 17:09:32,036 - app.services.enhanced_replicator_service - WARNING - _perform_health_checks:1302 - ⚠️ Low direct sending rate: 0.00%
2025-08-14 17:10:03,038 - __main__ - INFO - monitoring_loop:200 - 📊 System: CPU 11.8% | RAM 58.4% | Disk 2.3%
2025-08-14 17:10:03,045 - app.services.enhanced_replicator_service - WARNING - _perform_health_checks:1302 - ⚠️ Low direct sending rate: 0.00%
2025-08-14 17:10:33,047 - app.services.enhanced_replicator_service - WARNING - _perform_health_checks:1302 - ⚠️ Low direct sending rate: 0.00%
2025-08-14 17:11:04,052 - app.services.enhanced_replicator_service - WARNING - _perform_health_checks:1302 - ⚠️ Low direct sending rate: 0.00%
2025-08-14 17:11:34,056 - app.services.enhanced_replicator_service - WARNING - _perform_health_checks:1302 - ⚠️ Low direct sending rate: 0.00%
2025-08-14 17:12:05,053 - app.services.enhanced_replicator_service - WARNING - _perform_health_checks:1302 - ⚠️ Low direct sending rate: 0.00%
2025-08-14 17:12:35,056 - app.services.enhanced_replicator_service - WARNING - _perform_health_checks:1302 - ⚠️ Low direct sending rate: 0.00%
2025-08-14 17:13:06,058 - app.services.enhanced_replicator_service - WARNING - _perform_health_checks:1302 - ⚠️ Low direct sending rate: 0.00%
2025-08-14 17:13:36,058 - app.services.enhanced_replicator_service - WARNING - _perform_health_checks:1302 - ⚠️ Low direct sending rate: 0.00%
2025-08-14 17:14:07,062 - app.services.enhanced_replicator_service - WARNING - _perform_health_checks:1302 - ⚠️ Low direct sending rate: 0.00%
2025-08-14 17:14:37,063 - app.services.enhanced_replicator_service - WARNING - _perform_health_checks:1302 - ⚠️ Low direct sending rate: 0.00%
2025-08-14 17:15:08,057 - __main__ - INFO - monitoring_loop:200 - 📊 System: CPU 17.9% | RAM 58.3% | Disk 2.3%
2025-08-14 17:15:08,063 - app.services.enhanced_replicator_service - WARNING - _perform_health_checks:1302 - ⚠️ Low direct sending rate: 0.00%
2025-08-14 17:15:38,065 - app.services.enhanced_replicator_service - WARNING - _perform_health_checks:1302 - ⚠️ Low direct sending rate: 0.00%
2025-08-14 17:16:09,062 - app.services.enhanced_replicator_service - WARNING - _perform_health_checks:1302 - ⚠️ Low direct sending rate: 0.00%
2025-08-14 17:16:39,064 - app.services.enhanced_replicator_service - WARNING - _perform_health_checks:1302 - ⚠️ Low direct sending rate: 0.00%
2025-08-14 17:17:10,068 - app.services.enhanced_replicator_service - WARNING - _perform_health_checks:1302 - ⚠️ Low direct sending rate: 0.00%
2025-08-14 17:17:40,069 - app.services.enhanced_replicator_service - WARNING - _perform_health_checks:1302 - ⚠️ Low direct sending rate: 0.00%
2025-08-14 17:18:11,070 - app.services.enhanced_replicator_service - WARNING - _perform_health_checks:1302 - ⚠️ Low direct sending rate: 0.00%
2025-08-14 17:18:41,074 - app.services.enhanced_replicator_service - WARNING - _perform_health_checks:1302 - ⚠️ Low direct sending rate: 0.00%
2025-08-14 17:19:12,078 - app.services.enhanced_replicator_service - WARNING - _perform_health_checks:1302 - ⚠️ Low direct sending rate: 0.00%
2025-08-14 17:19:42,078 - app.services.enhanced_replicator_service - WARNING - _perform_health_checks:1302 - ⚠️ Low direct sending rate: 0.00%
2025-08-14 17:20:13,104 - __main__ - INFO - monitoring_loop:200 - 📊 System: CPU 49.1% | RAM 59.1% | Disk 2.3%
2025-08-14 17:20:13,111 - app.services.enhanced_replicator_service - WARNING - _perform_health_checks:1302 - ⚠️ Low direct sending rate: 0.00%
2025-08-14 17:20:43,114 - app.services.enhanced_replicator_service - WARNING - _perform_health_checks:1302 - ⚠️ Low direct sending rate: 0.00%
2025-08-14 17:21:14,119 - app.services.enhanced_replicator_service - WARNING - _perform_health_checks:1302 - ⚠️ Low direct sending rate: 0.00%
2025-08-14 17:21:44,121 - app.services.enhanced_replicator_service - WARNING - _perform_health_checks:1302 - ⚠️ Low direct sending rate: 0.00%
2025-08-14 17:22:15,122 - app.services.enhanced_replicator_service - WARNING - _perform_health_checks:1302 - ⚠️ Low direct sending rate: 0.00%
2025-08-14 17:22:45,126 - app.services.enhanced_replicator_service - WARNING - _perform_health_checks:1302 - ⚠️ Low direct sending rate: 0.00%
2025-08-14 17:23:16,132 - app.services.enhanced_replicator_service - WARNING - _perform_health_checks:1302 - ⚠️ Low direct sending rate: 0.00%
2025-08-14 17:23:46,135 - app.services.enhanced_replicator_service - WARNING - _perform_health_checks:1302 - ⚠️ Low direct sending rate: 0.00%
2025-08-14 17:24:17,135 - app.services.enhanced_replicator_service - WARNING - _perform_health_checks:1302 - ⚠️ Low direct sending rate: 0.00%
2025-08-14 17:24:47,137 - app.services.enhanced_replicator_service - WARNING - _perform_health_checks:1302 - ⚠️ Low direct sending rate: 0.00%
2025-08-14 17:25:18,132 - __main__ - INFO - monitoring_loop:200 - 📊 System: CPU 16.8% | RAM 56.3% | Disk 2.3%
2025-08-14 17:25:18,138 - app.services.enhanced_replicator_service - WARNING - _perform_health_checks:1302 - ⚠️ Low direct sending rate: 0.00%
2025-08-14 17:25:48,140 - app.services.enhanced_replicator_service - WARNING - _perform_health_checks:1302 - ⚠️ Low direct sending rate: 0.00%
2025-08-14 17:26:19,139 - app.services.enhanced_replicator_service - WARNING - _perform_health_checks:1302 - ⚠️ Low direct sending rate: 0.00%
2025-08-14 17:26:49,143 - app.services.enhanced_replicator_service - WARNING - _perform_health_checks:1302 - ⚠️ Low direct sending rate: 0.00%
2025-08-14 17:27:20,143 - app.services.enhanced_replicator_service - WARNING - _perform_health_checks:1302 - ⚠️ Low direct sending rate: 0.00%
2025-08-14 17:27:50,144 - app.services.enhanced_replicator_service - WARNING - _perform_health_checks:1302 - ⚠️ Low direct sending rate: 0.00%
2025-08-14 17:28:21,143 - app.services.enhanced_replicator_service - WARNING - _perform_health_checks:1302 - ⚠️ Low direct sending rate: 0.00%
2025-08-14 17:28:51,147 - app.services.enhanced_replicator_service - WARNING - _perform_health_checks:1302 - ⚠️ Low direct sending rate: 0.00%
2025-08-14 17:29:22,146 - app.services.enhanced_replicator_service - WARNING - _perform_health_checks:1302 - ⚠️ Low direct sending rate: 0.00%
2025-08-14 17:29:52,149 - app.services.enhanced_replicator_service - WARNING - _perform_health_checks:1302 - ⚠️ Low direct sending rate: 0.00%
2025-08-14 17:30:23,145 - __main__ - INFO - monitoring_loop:200 - 📊 System: CPU 10.2% | RAM 56.5% | Disk 2.3%
2025-08-14 17:30:23,153 - app.services.enhanced_replicator_service - WARNING - _perform_health_checks:1302 - ⚠️ Low direct sending rate: 0.00%
2025-08-14 17:30:53,157 - app.services.enhanced_replicator_service - WARNING - _perform_health_checks:1302 - ⚠️ Low direct sending rate: 0.00%
2025-08-14 17:31:24,159 - app.services.enhanced_replicator_service - WARNING - _perform_health_checks:1302 - ⚠️ Low direct sending rate: 0.00%
2025-08-14 17:31:54,162 - app.services.enhanced_replicator_service - WARNING - _perform_health_checks:1302 - ⚠️ Low direct sending rate: 0.00%
2025-08-14 17:32:25,161 - app.services.enhanced_replicator_service - WARNING - _perform_health_checks:1302 - ⚠️ Low direct sending rate: 0.00%
2025-08-14 17:32:55,163 - app.services.enhanced_replicator_service - WARNING - _perform_health_checks:1302 - ⚠️ Low direct sending rate: 0.00%
2025-08-14 17:33:26,164 - app.services.enhanced_replicator_service - WARNING - _perform_health_checks:1302 - ⚠️ Low direct sending rate: 0.00%
2025-08-14 17:33:56,166 - app.services.enhanced_replicator_service - WARNING - _perform_health_checks:1302 - ⚠️ Low direct sending rate: 0.00%
2025-08-14 17:34:27,168 - app.services.enhanced_replicator_service - WARNING - _perform_health_checks:1302 - ⚠️ Low direct sending rate: 0.00%
2025-08-14 17:34:57,172 - app.services.enhanced_replicator_service - WARNING - _perform_health_checks:1302 - ⚠️ Low direct sending rate: 0.00%
2025-08-14 17:35:28,162 - __main__ - INFO - monitoring_loop:200 - 📊 System: CPU 9.1% | RAM 54.3% | Disk 2.3%
2025-08-14 17:35:28,169 - app.services.enhanced_replicator_service - WARNING - _perform_health_checks:1302 - ⚠️ Low direct sending rate: 0.00%
2025-08-14 17:35:58,169 - app.services.enhanced_replicator_service - WARNING - _perform_health_checks:1302 - ⚠️ Low direct sending rate: 0.00%
2025-08-14 17:36:29,173 - app.services.enhanced_replicator_service - WARNING - _perform_health_checks:1302 - ⚠️ Low direct sending rate: 0.00%
2025-08-14 17:36:59,179 - app.services.enhanced_replicator_service - WARNING - _perform_health_checks:1302 - ⚠️ Low direct sending rate: 0.00%
2025-08-14 17:37:30,176 - app.services.enhanced_replicator_service - WARNING - _perform_health_checks:1302 - ⚠️ Low direct sending rate: 0.00%
2025-08-14 17:38:00,177 - app.services.enhanced_replicator_service - WARNING - _perform_health_checks:1302 - ⚠️ Low direct sending rate: 0.00%
2025-08-14 17:38:31,178 - app.services.enhanced_replicator_service - WARNING - _perform_health_checks:1302 - ⚠️ Low direct sending rate: 0.00%
2025-08-14 17:39:01,178 - app.services.enhanced_replicator_service - WARNING - _perform_health_checks:1302 - ⚠️ Low direct sending rate: 0.00%
2025-08-14 17:39:32,184 - app.services.enhanced_replicator_service - WARNING - _perform_health_checks:1302 - ⚠️ Low direct sending rate: 0.00%
2025-08-14 17:40:02,187 - app.services.enhanced_replicator_service - WARNING - _perform_health_checks:1302 - ⚠️ Low direct sending rate: 0.00%
2025-08-14 17:40:33,184 - __main__ - INFO - monitoring_loop:200 - 📊 System: CPU 8.5% | RAM 54.4% | Disk 2.3%
2025-08-14 17:40:33,191 - app.services.enhanced_replicator_service - WARNING - _perform_health_checks:1302 - ⚠️ Low direct sending rate: 0.00%
2025-08-14 17:41:03,194 - app.services.enhanced_replicator_service - WARNING - _perform_health_checks:1302 - ⚠️ Low direct sending rate: 0.00%
2025-08-14 17:41:34,194 - app.services.enhanced_replicator_service - WARNING - _perform_health_checks:1302 - ⚠️ Low direct sending rate: 0.00%
2025-08-14 17:42:04,196 - app.services.enhanced_replicator_service - WARNING - _perform_health_checks:1302 - ⚠️ Low direct sending rate: 0.00%
2025-08-14 17:42:35,198 - app.services.enhanced_replicator_service - WARNING - _perform_health_checks:1302 - ⚠️ Low direct sending rate: 0.00%
2025-08-14 17:43:05,199 - app.services.enhanced_replicator_service - WARNING - _perform_health_checks:1302 - ⚠️ Low direct sending rate: 0.00%
2025-08-14 17:43:36,214 - app.services.enhanced_replicator_service - WARNING - _perform_health_checks:1302 - ⚠️ Low direct sending rate: 0.00%
2025-08-14 17:44:06,216 - app.services.enhanced_replicator_service - WARNING - _perform_health_checks:1302 - ⚠️ Low direct sending rate: 0.00%
2025-08-14 17:44:37,287 - app.services.enhanced_replicator_service - WARNING - _perform_health_checks:1302 - ⚠️ Low direct sending rate: 0.00%
2025-08-14 17:45:07,288 - app.services.enhanced_replicator_service - WARNING - _perform_health_checks:1302 - ⚠️ Low direct sending rate: 0.00%
2025-08-14 17:45:38,213 - __main__ - INFO - monitoring_loop:200 - 📊 System: CPU 5.3% | RAM 54.9% | Disk 2.3%
2025-08-14 17:45:38,219 - app.services.enhanced_replicator_service - WARNING - _perform_health_checks:1302 - ⚠️ Low direct sending rate: 0.00%
2025-08-14 17:46:08,222 - app.services.enhanced_replicator_service - WARNING - _perform_health_checks:1302 - ⚠️ Low direct sending rate: 0.00%
2025-08-14 17:46:39,221 - app.services.enhanced_replicator_service - WARNING - _perform_health_checks:1302 - ⚠️ Low direct sending rate: 0.00%
2025-08-14 17:47:09,224 - app.services.enhanced_replicator_service - WARNING - _perform_health_checks:1302 - ⚠️ Low direct sending rate: 0.00%
2025-08-14 17:47:40,224 - app.services.enhanced_replicator_service - WARNING - _perform_health_checks:1302 - ⚠️ Low direct sending rate: 0.00%
2025-08-14 17:48:10,226 - app.services.enhanced_replicator_service - WARNING - _perform_health_checks:1302 - ⚠️ Low direct sending rate: 0.00%
2025-08-14 17:48:41,226 - app.services.enhanced_replicator_service - WARNING - _perform_health_checks:1302 - ⚠️ Low direct sending rate: 0.00%
2025-08-14 17:49:11,229 - app.services.enhanced_replicator_service - WARNING - _perform_health_checks:1302 - ⚠️ Low direct sending rate: 0.00%
2025-08-14 17:49:42,228 - app.services.enhanced_replicator_service - WARNING - _perform_health_checks:1302 - ⚠️ Low direct sending rate: 0.00%
2025-08-14 17:50:12,231 - app.services.enhanced_replicator_service - WARNING - _perform_health_checks:1302 - ⚠️ Low direct sending rate: 0.00%
2025-08-14 17:50:43,226 - __main__ - INFO - monitoring_loop:200 - 📊 System: CPU 7.7% | RAM 55.2% | Disk 2.3%
2025-08-14 17:50:43,232 - app.services.enhanced_replicator_service - WARNING - _perform_health_checks:1302 - ⚠️ Low direct sending rate: 0.00%
2025-08-14 17:51:13,233 - app.services.enhanced_replicator_service - WARNING - _perform_health_checks:1302 - ⚠️ Low direct sending rate: 0.00%
2025-08-14 17:51:44,240 - app.services.enhanced_replicator_service - WARNING - _perform_health_checks:1302 - ⚠️ Low direct sending rate: 0.00%
2025-08-14 17:52:14,243 - app.services.enhanced_replicator_service - WARNING - _perform_health_checks:1302 - ⚠️ Low direct sending rate: 0.00%
2025-08-14 17:52:45,245 - app.services.enhanced_replicator_service - WARNING - _perform_health_checks:1302 - ⚠️ Low direct sending rate: 0.00%
2025-08-14 17:53:15,247 - app.services.enhanced_replicator_service - WARNING - _perform_health_checks:1302 - ⚠️ Low direct sending rate: 0.00%
2025-08-14 17:53:46,249 - app.services.enhanced_replicator_service - WARNING - _perform_health_checks:1302 - ⚠️ Low direct sending rate: 0.00%
2025-08-14 17:54:16,253 - app.services.enhanced_replicator_service - WARNING - _perform_health_checks:1302 - ⚠️ Low direct sending rate: 0.00%
2025-08-14 17:54:47,252 - app.services.enhanced_replicator_service - WARNING - _perform_health_checks:1302 - ⚠️ Low direct sending rate: 0.00%
2025-08-14 17:55:17,252 - app.services.enhanced_replicator_service - WARNING - _perform_health_checks:1302 - ⚠️ Low direct sending rate: 0.00%
2025-08-14 17:55:48,254 - __main__ - INFO - monitoring_loop:200 - 📊 System: CPU 1.7% | RAM 55.7% | Disk 2.3%
2025-08-14 17:55:48,260 - app.services.enhanced_replicator_service - WARNING - _perform_health_checks:1302 - ⚠️ Low direct sending rate: 0.00%
2025-08-14 17:56:18,262 - app.services.enhanced_replicator_service - WARNING - _perform_health_checks:1302 - ⚠️ Low direct sending rate: 0.00%
2025-08-14 17:56:49,265 - app.services.enhanced_replicator_service - WARNING - _perform_health_checks:1302 - ⚠️ Low direct sending rate: 0.00%
2025-08-14 17:57:19,267 - app.services.enhanced_replicator_service - WARNING - _perform_health_checks:1302 - ⚠️ Low direct sending rate: 0.00%
2025-08-14 17:57:50,271 - app.services.enhanced_replicator_service - WARNING - _perform_health_checks:1302 - ⚠️ Low direct sending rate: 0.00%
2025-08-14 17:58:20,274 - app.services.enhanced_replicator_service - WARNING - _perform_health_checks:1302 - ⚠️ Low direct sending rate: 0.00%
2025-08-14 17:58:51,271 - app.services.enhanced_replicator_service - WARNING - _perform_health_checks:1302 - ⚠️ Low direct sending rate: 0.00%
2025-08-14 17:59:21,277 - app.services.enhanced_replicator_service - WARNING - _perform_health_checks:1302 - ⚠️ Low direct sending rate: 0.00%
2025-08-14 17:59:52,276 - app.services.enhanced_replicator_service - WARNING - _perform_health_checks:1302 - ⚠️ Low direct sending rate: 0.00%
2025-08-14 18:00:22,277 - app.services.enhanced_replicator_service - WARNING - _perform_health_checks:1302 - ⚠️ Low direct sending rate: 0.00%
2025-08-14 18:00:53,273 - __main__ - INFO - monitoring_loop:200 - 📊 System: CPU 1.4% | RAM 54.7% | Disk 2.3%
2025-08-14 18:00:53,280 - app.services.enhanced_replicator_service - WARNING - _perform_health_checks:1302 - ⚠️ Low direct sending rate: 0.00%
2025-08-14 18:01:23,281 - app.services.enhanced_replicator_service - WARNING - _perform_health_checks:1302 - ⚠️ Low direct sending rate: 0.00%
2025-08-14 18:01:54,281 - app.services.enhanced_replicator_service - WARNING - _perform_health_checks:1302 - ⚠️ Low direct sending rate: 0.00%
2025-08-14 18:02:24,285 - app.services.enhanced_replicator_service - WARNING - _perform_health_checks:1302 - ⚠️ Low direct sending rate: 0.00%
2025-08-14 18:02:55,285 - app.services.enhanced_replicator_service - WARNING - _perform_health_checks:1302 - ⚠️ Low direct sending rate: 0.00%
2025-08-14 18:03:25,287 - app.services.enhanced_replicator_service - WARNING - _perform_health_checks:1302 - ⚠️ Low direct sending rate: 0.00%
2025-08-14 18:03:56,286 - app.services.enhanced_replicator_service - WARNING - _perform_health_checks:1302 - ⚠️ Low direct sending rate: 0.00%
2025-08-14 18:04:26,287 - app.services.enhanced_replicator_service - WARNING - _perform_health_checks:1302 - ⚠️ Low direct sending rate: 0.00%
2025-08-14 18:04:57,290 - app.services.enhanced_replicator_service - WARNING - _perform_health_checks:1302 - ⚠️ Low direct sending rate: 0.00%
2025-08-14 18:05:27,295 - app.services.enhanced_replicator_service - WARNING - _perform_health_checks:1302 - ⚠️ Low direct sending rate: 0.00%
2025-08-14 18:05:58,285 - __main__ - INFO - monitoring_loop:200 - 📊 System: CPU 12.5% | RAM 50.7% | Disk 2.3%
2025-08-14 18:05:58,291 - app.services.enhanced_replicator_service - WARNING - _perform_health_checks:1302 - ⚠️ Low direct sending rate: 0.00%
2025-08-14 18:06:28,294 - app.services.enhanced_replicator_service - WARNING - _perform_health_checks:1302 - ⚠️ Low direct sending rate: 0.00%
2025-08-14 18:06:59,294 - app.services.enhanced_replicator_service - WARNING - _perform_health_checks:1302 - ⚠️ Low direct sending rate: 0.00%
2025-08-14 18:07:29,297 - app.services.enhanced_replicator_service - WARNING - _perform_health_checks:1302 - ⚠️ Low direct sending rate: 0.00%
2025-08-14 18:08:00,295 - app.services.enhanced_replicator_service - WARNING - _perform_health_checks:1302 - ⚠️ Low direct sending rate: 0.00%
2025-08-14 18:08:30,298 - app.services.enhanced_replicator_service - WARNING - _perform_health_checks:1302 - ⚠️ Low direct sending rate: 0.00%
2025-08-14 18:09:01,301 - app.services.enhanced_replicator_service - WARNING - _perform_health_checks:1302 - ⚠️ Low direct sending rate: 0.00%
2025-08-14 18:09:31,302 - app.services.enhanced_replicator_service - WARNING - _perform_health_checks:1302 - ⚠️ Low direct sending rate: 0.00%
2025-08-14 18:10:02,298 - __main__ - INFO - monitoring_loop:200 - 📊 System: CPU 7.0% | RAM 50.2% | Disk 2.3%
2025-08-14 18:10:02,304 - app.services.enhanced_replicator_service - WARNING - _perform_health_checks:1302 - ⚠️ Low direct sending rate: 0.00%
2025-08-14 18:10:32,310 - app.services.enhanced_replicator_service - WARNING - _perform_health_checks:1302 - ⚠️ Low direct sending rate: 0.00%
2025-08-14 18:11:03,468 - app.services.enhanced_replicator_service - WARNING - _perform_health_checks:1302 - ⚠️ Low direct sending rate: 0.00%
2025-08-14 18:11:33,473 - app.services.enhanced_replicator_service - WARNING - _perform_health_checks:1302 - ⚠️ Low direct sending rate: 0.00%
2025-08-14 18:12:04,473 - app.services.enhanced_replicator_service - WARNING - _perform_health_checks:1302 - ⚠️ Low direct sending rate: 0.00%
2025-08-14 18:12:34,475 - app.services.enhanced_replicator_service - WARNING - _perform_health_checks:1302 - ⚠️ Low direct sending rate: 0.00%
2025-08-14 18:13:05,476 - app.services.enhanced_replicator_service - WARNING - _perform_health_checks:1302 - ⚠️ Low direct sending rate: 0.00%
2025-08-14 18:13:35,478 - app.services.enhanced_replicator_service - WARNING - _perform_health_checks:1302 - ⚠️ Low direct sending rate: 0.00%
2025-08-14 18:14:06,477 - app.services.enhanced_replicator_service - WARNING - _perform_health_checks:1302 - ⚠️ Low direct sending rate: 0.00%
2025-08-14 18:14:36,480 - app.services.enhanced_replicator_service - WARNING - _perform_health_checks:1302 - ⚠️ Low direct sending rate: 0.00%
2025-08-14 18:15:07,474 - __main__ - INFO - monitoring_loop:200 - 📊 System: CPU 1.3% | RAM 52.7% | Disk 2.3%
2025-08-14 18:15:07,480 - app.services.enhanced_replicator_service - WARNING - _perform_health_checks:1302 - ⚠️ Low direct sending rate: 0.00%
2025-08-14 18:15:37,482 - app.services.enhanced_replicator_service - WARNING - _perform_health_checks:1302 - ⚠️ Low direct sending rate: 0.00%
2025-08-14 18:16:08,483 - app.services.enhanced_replicator_service - WARNING - _perform_health_checks:1302 - ⚠️ Low direct sending rate: 0.00%
2025-08-14 18:16:38,483 - app.services.enhanced_replicator_service - WARNING - _perform_health_checks:1302 - ⚠️ Low direct sending rate: 0.00%
2025-08-14 18:17:09,483 - app.services.enhanced_replicator_service - WARNING - _perform_health_checks:1302 - ⚠️ Low direct sending rate: 0.00%
2025-08-14 18:17:39,489 - app.services.enhanced_replicator_service - WARNING - _perform_health_checks:1302 - ⚠️ Low direct sending rate: 0.00%
2025-08-14 18:18:10,487 - app.services.enhanced_replicator_service - WARNING - _perform_health_checks:1302 - ⚠️ Low direct sending rate: 0.00%
2025-08-14 18:18:40,489 - app.services.enhanced_replicator_service - WARNING - _perform_health_checks:1302 - ⚠️ Low direct sending rate: 0.00%
2025-08-14 18:19:11,489 - app.services.enhanced_replicator_service - WARNING - _perform_health_checks:1302 - ⚠️ Low direct sending rate: 0.00%
2025-08-14 18:19:41,493 - app.services.enhanced_replicator_service - WARNING - _perform_health_checks:1302 - ⚠️ Low direct sending rate: 0.00%
2025-08-14 18:20:12,491 - __main__ - INFO - monitoring_loop:200 - 📊 System: CPU 1.9% | RAM 55.0% | Disk 2.3%
2025-08-14 18:20:12,497 - app.services.enhanced_replicator_service - WARNING - _perform_health_checks:1302 - ⚠️ Low direct sending rate: 0.00%
2025-08-14 18:20:42,503 - app.services.enhanced_replicator_service - WARNING - _perform_health_checks:1302 - ⚠️ Low direct sending rate: 0.00%
2025-08-14 18:21:13,505 - app.services.enhanced_replicator_service - WARNING - _perform_health_checks:1302 - ⚠️ Low direct sending rate: 0.00%
2025-08-14 18:21:43,506 - app.services.enhanced_replicator_service - WARNING - _perform_health_checks:1302 - ⚠️ Low direct sending rate: 0.00%
2025-08-14 18:22:14,503 - app.services.enhanced_replicator_service - WARNING - _perform_health_checks:1302 - ⚠️ Low direct sending rate: 0.00%
2025-08-14 18:22:44,508 - app.services.enhanced_replicator_service - WARNING - _perform_health_checks:1302 - ⚠️ Low direct sending rate: 0.00%
2025-08-14 18:23:15,509 - app.services.enhanced_replicator_service - WARNING - _perform_health_checks:1302 - ⚠️ Low direct sending rate: 0.00%
2025-08-14 18:23:45,511 - app.services.enhanced_replicator_service - WARNING - _perform_health_checks:1302 - ⚠️ Low direct sending rate: 0.00%
2025-08-14 18:24:16,511 - app.services.enhanced_replicator_service - WARNING - _perform_health_checks:1302 - ⚠️ Low direct sending rate: 0.00%
2025-08-14 18:24:46,514 - app.services.enhanced_replicator_service - WARNING - _perform_health_checks:1302 - ⚠️ Low direct sending rate: 0.00%
2025-08-14 18:25:17,508 - __main__ - INFO - monitoring_loop:200 - 📊 System: CPU 1.1% | RAM 55.2% | Disk 2.3%
2025-08-14 18:25:17,515 - app.services.enhanced_replicator_service - WARNING - _perform_health_checks:1302 - ⚠️ Low direct sending rate: 0.00%
2025-08-14 18:25:47,520 - app.services.enhanced_replicator_service - WARNING - _perform_health_checks:1302 - ⚠️ Low direct sending rate: 0.00%
2025-08-14 18:26:18,516 - app.services.enhanced_replicator_service - WARNING - _perform_health_checks:1302 - ⚠️ Low direct sending rate: 0.00%
2025-08-14 18:26:48,518 - app.services.enhanced_replicator_service - WARNING - _perform_health_checks:1302 - ⚠️ Low direct sending rate: 0.00%
2025-08-14 18:27:19,519 - app.services.enhanced_replicator_service - WARNING - _perform_health_checks:1302 - ⚠️ Low direct sending rate: 0.00%
2025-08-14 18:27:49,524 - app.services.enhanced_replicator_service - WARNING - _perform_health_checks:1302 - ⚠️ Low direct sending rate: 0.00%
2025-08-14 18:28:20,529 - app.services.enhanced_replicator_service - WARNING - _perform_health_checks:1302 - ⚠️ Low direct sending rate: 0.00%
2025-08-14 18:28:50,530 - app.services.enhanced_replicator_service - WARNING - _perform_health_checks:1302 - ⚠️ Low direct sending rate: 0.00%
2025-08-14 18:29:21,530 - app.services.enhanced_replicator_service - WARNING - _perform_health_checks:1302 - ⚠️ Low direct sending rate: 0.00%
2025-08-14 19:39:51,609 - app.services.enhanced_replicator_service - WARNING - _perform_health_checks:1302 - ⚠️ Low direct sending rate: 0.00%
2025-08-14 20:28:17,942 - app.services.enhanced_replicator_service - WARNING - _perform_health_checks:1302 - ⚠️ Low direct sending rate: 0.00%
2025-08-14 20:28:47,944 - app.services.enhanced_replicator_service - WARNING - _perform_health_checks:1302 - ⚠️ Low direct sending rate: 0.00%
2025-08-14 20:29:18,935 - app.services.enhanced_replicator_service - WARNING - _perform_health_checks:1302 - ⚠️ Low direct sending rate: 0.00%
2025-08-14 20:29:48,937 - app.services.enhanced_replicator_service - WARNING - _perform_health_checks:1302 - ⚠️ Low direct sending rate: 0.00%
2025-08-14 20:30:19,931 - __main__ - INFO - monitoring_loop:200 - 📊 System: CPU 6.5% | RAM 37.1% | Disk 2.3%
2025-08-14 20:30:19,938 - app.services.enhanced_replicator_service - WARNING - _perform_health_checks:1302 - ⚠️ Low direct sending rate: 0.00%
2025-08-14 20:30:49,939 - app.services.enhanced_replicator_service - WARNING - _perform_health_checks:1302 - ⚠️ Low direct sending rate: 0.00%
2025-08-14 20:31:20,948 - app.services.enhanced_replicator_service - WARNING - _perform_health_checks:1302 - ⚠️ Low direct sending rate: 0.00%
2025-08-14 21:58:35,757 - app.services.enhanced_replicator_service - WARNING - _perform_health_checks:1302 - ⚠️ Low direct sending rate: 0.00%
2025-08-14 21:59:05,813 - app.services.enhanced_replicator_service - WARNING - _perform_health_checks:1302 - ⚠️ Low direct sending rate: 0.00%
2025-08-14 21:59:35,814 - app.services.enhanced_replicator_service - WARNING - _perform_health_checks:1302 - ⚠️ Low direct sending rate: 0.00%
2025-08-14 22:00:03,554 - __main__ - INFO - monitoring_loop:200 - 📊 System: CPU 9.5% | RAM 34.4% | Disk 2.3%
2025-08-14 22:00:05,816 - app.services.enhanced_replicator_service - WARNING - _perform_health_checks:1302 - ⚠️ Low direct sending rate: 0.00%
2025-08-14 22:00:35,818 - app.services.enhanced_replicator_service - WARNING - _perform_health_checks:1302 - ⚠️ Low direct sending rate: 0.00%
2025-08-14 22:01:05,818 - app.services.enhanced_replicator_service - WARNING - _perform_health_checks:1302 - ⚠️ Low direct sending rate: 0.00%
2025-08-14 22:01:35,821 - app.services.enhanced_replicator_service - WARNING - _perform_health_checks:1302 - ⚠️ Low direct sending rate: 0.00%
2025-08-14 22:02:05,821 - app.services.enhanced_replicator_service - WARNING - _perform_health_checks:1302 - ⚠️ Low direct sending rate: 0.00%
2025-08-14 22:02:35,719 - app.services.enhanced_replicator_service - WARNING - _perform_health_checks:1302 - ⚠️ Low direct sending rate: 0.00%
2025-08-14 22:03:06,472 - app.services.enhanced_replicator_service - WARNING - _perform_health_checks:1302 - ⚠️ Low direct sending rate: 0.00%
2025-08-14 22:03:36,477 - app.services.enhanced_replicator_service - WARNING - _perform_health_checks:1302 - ⚠️ Low direct sending rate: 0.00%
2025-08-14 22:21:47,782 - app.services.enhanced_replicator_service - WARNING - _perform_health_checks:1302 - ⚠️ Low direct sending rate: 0.00%
2025-08-14 22:22:17,777 - app.services.enhanced_replicator_service - WARNING - _perform_health_checks:1302 - ⚠️ Low direct sending rate: 0.00%
2025-08-14 22:22:48,778 - app.services.enhanced_replicator_service - WARNING - _perform_health_checks:1302 - ⚠️ Low direct sending rate: 0.00%
2025-08-14 22:23:18,778 - app.services.enhanced_replicator_service - WARNING - _perform_health_checks:1302 - ⚠️ Low direct sending rate: 0.00%
2025-08-14 22:23:49,784 - app.services.enhanced_replicator_service - WARNING - _perform_health_checks:1302 - ⚠️ Low direct sending rate: 0.00%
2025-08-14 22:24:19,786 - app.services.enhanced_replicator_service - WARNING - _perform_health_checks:1302 - ⚠️ Low direct sending rate: 0.00%
2025-08-14 22:24:50,789 - app.services.enhanced_replicator_service - WARNING - _perform_health_checks:1302 - ⚠️ Low direct sending rate: 0.00%
2025-08-14 22:25:20,790 - app.services.enhanced_replicator_service - WARNING - _perform_health_checks:1302 - ⚠️ Low direct sending rate: 0.00%
2025-08-14 22:25:51,782 - __main__ - INFO - monitoring_loop:200 - 📊 System: CPU 18.3% | RAM 42.0% | Disk 2.3%
2025-08-14 22:25:51,788 - app.services.enhanced_replicator_service - WARNING - _perform_health_checks:1302 - ⚠️ Low direct sending rate: 0.00%
2025-08-14 22:26:21,789 - app.services.enhanced_replicator_service - WARNING - _perform_health_checks:1302 - ⚠️ Low direct sending rate: 0.00%
2025-08-14 22:26:52,786 - app.services.enhanced_replicator_service - WARNING - _perform_health_checks:1302 - ⚠️ Low direct sending rate: 0.00%
2025-08-14 22:27:22,789 - app.services.enhanced_replicator_service - WARNING - _perform_health_checks:1302 - ⚠️ Low direct sending rate: 0.00%
2025-08-14 22:27:53,797 - app.services.enhanced_replicator_service - WARNING - _perform_health_checks:1302 - ⚠️ Low direct sending rate: 0.00%
2025-08-14 22:28:23,798 - app.services.enhanced_replicator_service - WARNING - _perform_health_checks:1302 - ⚠️ Low direct sending rate: 0.00%
2025-08-14 22:28:54,795 - app.services.enhanced_replicator_service - WARNING - _perform_health_checks:1302 - ⚠️ Low direct sending rate: 0.00%
2025-08-14 22:29:24,798 - app.services.enhanced_replicator_service - WARNING - _perform_health_checks:1302 - ⚠️ Low direct sending rate: 0.00%
2025-08-14 22:29:55,798 - app.services.enhanced_replicator_service - WARNING - _perform_health_checks:1302 - ⚠️ Low direct sending rate: 0.00%
2025-08-14 22:30:25,800 - app.services.enhanced_replicator_service - WARNING - _perform_health_checks:1302 - ⚠️ Low direct sending rate: 0.00%
2025-08-14 22:30:56,796 - __main__ - INFO - monitoring_loop:200 - 📊 System: CPU 1.6% | RAM 45.4% | Disk 2.3%
2025-08-14 22:30:56,804 - app.services.enhanced_replicator_service - WARNING - _perform_health_checks:1302 - ⚠️ Low direct sending rate: 0.00%
2025-08-14 22:31:26,806 - app.services.enhanced_replicator_service - WARNING - _perform_health_checks:1302 - ⚠️ Low direct sending rate: 0.00%
2025-08-14 22:31:57,808 - app.services.enhanced_replicator_service - WARNING - _perform_health_checks:1302 - ⚠️ Low direct sending rate: 0.00%
2025-08-14 22:32:27,810 - app.services.enhanced_replicator_service - WARNING - _perform_health_checks:1302 - ⚠️ Low direct sending rate: 0.00%
2025-08-14 22:32:58,812 - app.services.enhanced_replicator_service - WARNING - _perform_health_checks:1302 - ⚠️ Low direct sending rate: 0.00%
2025-08-14 22:33:28,817 - app.services.enhanced_replicator_service - WARNING - _perform_health_checks:1302 - ⚠️ Low direct sending rate: 0.00%
2025-08-14 22:33:59,818 - app.services.enhanced_replicator_service - WARNING - _perform_health_checks:1302 - ⚠️ Low direct sending rate: 0.00%
2025-08-14 22:34:29,823 - app.services.enhanced_replicator_service - WARNING - _perform_health_checks:1302 - ⚠️ Low direct sending rate: 0.00%
2025-08-14 22:35:00,815 - __main__ - INFO - monitoring_loop:200 - 📊 System: CPU 8.5% | RAM 46.3% | Disk 2.3%
2025-08-14 22:35:00,821 - app.services.enhanced_replicator_service - WARNING - _perform_health_checks:1302 - ⚠️ Low direct sending rate: 0.00%
2025-08-14 22:35:30,822 - app.services.enhanced_replicator_service - WARNING - _perform_health_checks:1302 - ⚠️ Low direct sending rate: 0.00%
2025-08-14 22:36:01,822 - app.services.enhanced_replicator_service - WARNING - _perform_health_checks:1302 - ⚠️ Low direct sending rate: 0.00%
2025-08-14 22:36:31,823 - app.services.enhanced_replicator_service - WARNING - _perform_health_checks:1302 - ⚠️ Low direct sending rate: 0.00%
2025-08-14 22:37:02,825 - app.services.enhanced_replicator_service - WARNING - _perform_health_checks:1302 - ⚠️ Low direct sending rate: 0.00%
2025-08-14 22:37:32,827 - app.services.enhanced_replicator_service - WARNING - _perform_health_checks:1302 - ⚠️ Low direct sending rate: 0.00%
2025-08-14 22:38:03,827 - app.services.enhanced_replicator_service - WARNING - _perform_health_checks:1302 - ⚠️ Low direct sending rate: 0.00%
2025-08-14 22:38:33,829 - app.services.enhanced_replicator_service - WARNING - _perform_health_checks:1302 - ⚠️ Low direct sending rate: 0.00%
2025-08-14 22:39:04,828 - app.services.enhanced_replicator_service - WARNING - _perform_health_checks:1302 - ⚠️ Low direct sending rate: 0.00%
2025-08-14 22:39:34,831 - app.services.enhanced_replicator_service - WARNING - _perform_health_checks:1302 - ⚠️ Low direct sending rate: 0.00%
2025-08-14 22:40:05,824 - __main__ - INFO - monitoring_loop:200 - 📊 System: CPU 8.9% | RAM 47.2% | Disk 2.3%
2025-08-14 22:40:05,830 - app.services.enhanced_replicator_service - WARNING - _perform_health_checks:1302 - ⚠️ Low direct sending rate: 0.00%
2025-08-14 22:40:35,833 - app.services.enhanced_replicator_service - WARNING - _perform_health_checks:1302 - ⚠️ Low direct sending rate: 0.00%
2025-08-14 22:41:06,833 - app.services.enhanced_replicator_service - WARNING - _perform_health_checks:1302 - ⚠️ Low direct sending rate: 0.00%
2025-08-14 22:41:36,836 - app.services.enhanced_replicator_service - WARNING - _perform_health_checks:1302 - ⚠️ Low direct sending rate: 0.00%
2025-08-14 22:42:07,836 - app.services.enhanced_replicator_service - WARNING - _perform_health_checks:1302 - ⚠️ Low direct sending rate: 0.00%
2025-08-14 22:42:38,608 - app.services.enhanced_replicator_service - WARNING - _perform_health_checks:1302 - ⚠️ Low direct sending rate: 0.00%
2025-08-14 22:42:54,581 - __main__ - INFO - signal_handler:281 - Received shutdown signal
