2025-08-11 08:38:31,520 - __main__ - INFO - start_services:48 - 🚀 Starting Zero Cost Architecture...
2025-08-11 08:38:31,520 - __main__ - INFO - start_services:51 - 📦 Starting File Processor Microservice...
2025-08-11 08:38:32,067 - app.services.file_processor_v2 - INFO - initialize:373 - ✅ File Processor initialized with 2 workers
2025-08-11 08:38:32,067 - __main__ - INFO - start_services:57 - 🔄 Starting Enhanced Replicator Service...
2025-08-11 08:38:32,381 - app.services.file_processor - INFO - __init__:383 - 🚀 FileProcessorEnhanced initialized
2025-08-11 08:38:32,381 - app.services.watermark_service - INFO - __init__:97 - 🎨 Watermark Service Enterprise inicializado
2025-08-11 08:38:32,381 - app.services.discord_sender - INFO - __init__:189 - 🚀 Discord Sender Enterprise initialized - MODO ENVÍO DIRECTO
2025-08-11 08:38:32,381 - app.services.enhanced_replicator_service - INFO - __init__:165 - 🚀 Enhanced Replicator Service v3.0 Enterprise initialized - MODO ENVÍO DIRECTO
2025-08-11 08:38:32,381 - app.services.enhanced_replicator_service - INFO - initialize:175 - 🔧 Initializing Enhanced Replicator Service Enterprise...
2025-08-11 08:38:32,381 - app.services.enhanced_replicator_service - INFO - _verify_dependencies:221 - 🔍 Enterprise dependency verification:
2025-08-11 08:38:32,381 - app.services.enhanced_replicator_service - INFO - _verify_dependencies:225 -    telethon: ✅ Available
2025-08-11 08:38:32,382 - app.services.enhanced_replicator_service - WARNING - _verify_dependencies:225 -    telethon_video_support: ❌ Missing
2025-08-11 08:38:32,382 - app.services.enhanced_replicator_service - INFO - _verify_dependencies:225 -    aiohttp: ✅ Available
2025-08-11 08:38:32,382 - app.services.enhanced_replicator_service - INFO - _verify_dependencies:225 -    pil: ✅ Available
2025-08-11 08:38:32,382 - app.services.enhanced_replicator_service - INFO - _verify_dependencies:225 -    pymupdf: ✅ Available
2025-08-11 08:38:32,382 - app.services.enhanced_replicator_service - INFO - _verify_dependencies:229 -    📹 Video handling: Using document-based detection
2025-08-11 08:38:32,382 - app.services.enhanced_replicator_service - INFO - _initialize_telegram:246 - 📱 Connecting to Telegram Enterprise...
2025-08-11 08:38:32,393 - app.services.file_processor_v2 - INFO - _processing_loop:441 - 🔄 Processing loop started
2025-08-11 08:38:40,305 - __main__ - INFO - signal_handler:281 - Received shutdown signal
2025-08-11 13:37:10,931 - app.services.file_processor - INFO - __init__:383 - 🚀 FileProcessorEnhanced initialized
2025-08-11 13:37:10,934 - app.services.watermark_service - INFO - __init__:97 - 🎨 Watermark Service Enterprise inicializado
2025-08-11 13:37:10,934 - app.services.discord_sender - INFO - __init__:189 - 🚀 Discord Sender Enterprise initialized - MODO ENVÍO DIRECTO
2025-08-11 13:37:10,934 - app.services.enhanced_replicator_service - INFO - __init__:165 - 🚀 Enhanced Replicator Service v3.0 Enterprise initialized - MODO ENVÍO DIRECTO
2025-08-11 13:37:10,935 - app.services.enhanced_replicator_service - INFO - initialize:175 - 🔧 Initializing Enhanced Replicator Service Enterprise...
2025-08-11 13:37:10,935 - app.services.enhanced_replicator_service - INFO - _verify_dependencies:221 - 🔍 Enterprise dependency verification:
2025-08-11 13:37:10,935 - app.services.enhanced_replicator_service - INFO - _verify_dependencies:225 -    telethon: ✅ Available
2025-08-11 13:37:10,936 - app.services.enhanced_replicator_service - WARNING - _verify_dependencies:225 -    telethon_video_support: ❌ Missing
2025-08-11 13:37:10,936 - app.services.enhanced_replicator_service - INFO - _verify_dependencies:225 -    aiohttp: ✅ Available
2025-08-11 13:37:10,936 - app.services.enhanced_replicator_service - INFO - _verify_dependencies:225 -    pil: ✅ Available
2025-08-11 13:37:10,936 - app.services.enhanced_replicator_service - INFO - _verify_dependencies:225 -    pymupdf: ✅ Available
2025-08-11 13:37:10,937 - app.services.enhanced_replicator_service - INFO - _verify_dependencies:229 -    📹 Video handling: Using document-based detection
2025-08-11 13:37:10,937 - app.services.enhanced_replicator_service - INFO - _initialize_telegram:246 - 📱 Connecting to Telegram Enterprise...
2025-08-11 13:37:12,922 - app.services.enhanced_replicator_service - INFO - _initialize_telegram:273 - ✅ Telegram Enterprise connected: Ja (@no_username)
2025-08-11 13:37:12,923 - app.services.file_processor_v2 - INFO - initialize:373 - ✅ File Processor initialized with 2 workers
2025-08-11 13:37:12,923 - app.services.file_processor - INFO - initialize:137 - ✅ V2 Processor Adapter initialized
2025-08-11 13:37:12,924 - app.services.file_processor - INFO - initialize:395 - ✅ Using V2 processor (microservices architecture)
2025-08-11 13:37:12,932 - app.services.file_processor_v2 - INFO - _processing_loop:441 - 🔄 Processing loop started
2025-08-11 13:37:13,492 - app.services.file_processor - INFO - _check_dependencies:415 - 📦 Dependencies:
2025-08-11 13:37:13,492 - app.services.file_processor - INFO - _check_dependencies:418 -    ffmpeg: ✅
2025-08-11 13:37:13,492 - app.services.file_processor - INFO - _check_dependencies:418 -    pymupdf: ✅
2025-08-11 13:37:13,492 - app.services.file_processor - INFO - _check_dependencies:418 -    pil: ✅
2025-08-11 13:37:13,493 - app.services.file_processor - INFO - initialize:405 - ✅ FileProcessorEnhanced ready
2025-08-11 13:37:13,493 - app.services.enhanced_replicator_service - INFO - _initialize_enterprise_services:295 - ✅ File Processor Enterprise initialized
2025-08-11 13:37:13,494 - app.services.watermark_service - INFO - _load_configurations:131 - 📁 Cargadas 1 configuraciones
2025-08-11 13:37:13,507 - app.services.watermark_service - INFO - _preload_fonts:189 - 🔤 Precargadas 6 fuentes
2025-08-11 13:37:13,508 - app.services.watermark_service - INFO - initialize:111 - ✅ Watermark Service Enterprise inicializado correctamente
2025-08-11 13:37:13,508 - app.services.watermark_service - INFO - initialize:112 -    Grupos configurados: 1
2025-08-11 13:37:13,508 - app.services.watermark_service - INFO - initialize:113 -    PIL disponible: ✅
2025-08-11 13:37:13,508 - app.services.enhanced_replicator_service - INFO - _initialize_enterprise_services:295 - ✅ Watermark Service Enterprise initialized
2025-08-11 13:37:13,508 - app.services.discord_sender - INFO - initialize:216 - ✅ Discord Sender Enterprise inicializado
2025-08-11 13:37:13,509 - app.services.enhanced_replicator_service - INFO - _initialize_enterprise_services:295 - ✅ Discord Sender Enterprise initialized
2025-08-11 13:37:13,509 - app.services.enhanced_replicator_service - INFO - _setup_enterprise_event_handlers:337 - 📡 Enterprise event handlers configured
2025-08-11 13:37:13,509 - app.services.enhanced_replicator_service - INFO - _start_background_tasks:869 - 🔄 Enterprise background tasks started
2025-08-11 13:37:13,509 - app.services.enhanced_replicator_service - INFO - initialize:199 - ✅ Enhanced Replicator Service Enterprise initialized successfully
2025-08-11 13:37:13,509 - app.services.enhanced_replicator_service - INFO - _display_enterprise_configuration:942 - 📊 Enterprise Configuration - ENVÍO DIRECTO:
2025-08-11 13:37:13,510 - app.services.enhanced_replicator_service - INFO - _display_enterprise_configuration:943 -    Groups configured: 2
2025-08-11 13:37:13,510 - app.services.enhanced_replicator_service - INFO - _display_enterprise_configuration:944 -    Max concurrent processing: 10
2025-08-11 13:37:13,510 - app.services.enhanced_replicator_service - INFO - _display_enterprise_configuration:945 -    Circuit breaker threshold: 5
2025-08-11 13:37:13,510 - app.services.enhanced_replicator_service - INFO - _display_enterprise_configuration:946 -    Processing timeout: 300s
2025-08-11 13:37:13,511 - app.services.enhanced_replicator_service - INFO - _display_enterprise_configuration:947 -    Direct Sending Settings:
2025-08-11 13:37:13,511 - app.services.enhanced_replicator_service - INFO - _display_enterprise_configuration:948 -      - Max file size: 25MB
2025-08-11 13:37:13,511 - app.services.enhanced_replicator_service - INFO - _display_enterprise_configuration:949 -      - Auto compress: True
2025-08-11 13:37:13,511 - app.services.enhanced_replicator_service - INFO - _display_enterprise_configuration:950 -      - Compression quality: 75
2025-08-11 13:37:13,511 - app.services.enhanced_replicator_service - INFO - _display_enterprise_configuration:951 -      - Prefer direct: True
2025-08-11 13:37:13,511 - app.services.enhanced_replicator_service - INFO - _display_enterprise_configuration:952 -    Enterprise Services:
2025-08-11 13:37:13,511 - app.services.enhanced_replicator_service - INFO - _display_enterprise_configuration:953 -      - File Processor: ✅ Advanced
2025-08-11 13:37:13,512 - app.services.enhanced_replicator_service - INFO - _display_enterprise_configuration:954 -      - Watermark Service: ✅ Multi-tenant
2025-08-11 13:37:13,512 - app.services.enhanced_replicator_service - INFO - _display_enterprise_configuration:955 -      - Discord Sender: ✅ ENVÍO DIRECTO enabled
2025-08-11 13:37:13,512 - app.services.enhanced_replicator_service - INFO - _display_enterprise_configuration:956 -    Dependencies:
2025-08-11 13:37:13,512 - app.services.enhanced_replicator_service - INFO - _display_enterprise_configuration:957 -      - Telethon: ✅
2025-08-11 13:37:13,512 - app.services.enhanced_replicator_service - INFO - _display_enterprise_configuration:958 -      - PIL: ✅
2025-08-11 13:37:13,513 - app.services.enhanced_replicator_service - INFO - _display_enterprise_configuration:959 -      - PyMuPDF: ✅
2025-08-11 13:37:13,513 - app.services.enhanced_replicator_service - INFO - _display_enterprise_configuration:960 -      - aiohttp: ✅
2025-08-11 13:37:13,513 - app.services.enhanced_replicator_service - INFO - start_listening:970 - 👂 Starting enterprise message listening - MODO ENVÍO DIRECTO...
2025-08-11 13:37:13,514 - app.services.enhanced_replicator_service - INFO - start_listening:974 -    👥 Monitoring enterprise group: -4989347027
2025-08-11 13:37:13,514 - app.services.enhanced_replicator_service - INFO - start_listening:974 -    👥 Monitoring enterprise group: -1001697798998
2025-08-11 13:37:43,516 - app.services.enhanced_replicator_service - WARNING - _perform_health_checks:1302 - ⚠️ Low direct sending rate: 0.00%
2025-08-11 13:38:13,520 - app.services.enhanced_replicator_service - WARNING - _perform_health_checks:1302 - ⚠️ Low direct sending rate: 0.00%
2025-08-11 13:38:22,118 - app.services.enhanced_replicator_service - INFO - stop:989 - 🛑 Stopping Enhanced Replicator Service Enterprise...
2025-08-11 13:38:22,120 - app.services.discord_sender - INFO - close:624 - ✅ Discord Sender cerrado correctamente
2025-08-11 13:38:22,120 - app.services.enhanced_replicator_service - INFO - _shutdown_discord_sender:1029 - 📤 Discord sender closed
2025-08-11 13:38:22,128 - app.services.enhanced_replicator_service - INFO - _shutdown_telegram:1021 - 📱 Telegram client disconnected
2025-08-11 13:38:22,128 - app.services.enhanced_replicator_service - INFO - start_listening:984 - 🛑 Enterprise listening stopped
2025-08-11 13:38:22,128 - app.services.enhanced_replicator_service - INFO - stop:1010 - ✅ Enhanced Replicator Service Enterprise stopped
2025-08-11 14:01:17,526 - app.services.file_processor - INFO - __init__:383 - 🚀 FileProcessorEnhanced initialized
2025-08-11 14:01:17,529 - app.services.watermark_service - INFO - __init__:97 - 🎨 Watermark Service Enterprise inicializado
2025-08-11 14:01:17,529 - app.services.discord_sender - INFO - __init__:189 - 🚀 Discord Sender Enterprise initialized - MODO ENVÍO DIRECTO
2025-08-11 14:01:17,529 - app.services.enhanced_replicator_service - INFO - __init__:165 - 🚀 Enhanced Replicator Service v3.0 Enterprise initialized - MODO ENVÍO DIRECTO
2025-08-11 14:01:17,530 - app.services.enhanced_replicator_service - INFO - initialize:175 - 🔧 Initializing Enhanced Replicator Service Enterprise...
2025-08-11 14:01:17,530 - app.services.enhanced_replicator_service - INFO - _verify_dependencies:221 - 🔍 Enterprise dependency verification:
2025-08-11 14:01:17,530 - app.services.enhanced_replicator_service - INFO - _verify_dependencies:225 -    telethon: ✅ Available
2025-08-11 14:01:17,530 - app.services.enhanced_replicator_service - WARNING - _verify_dependencies:225 -    telethon_video_support: ❌ Missing
2025-08-11 14:01:17,530 - app.services.enhanced_replicator_service - INFO - _verify_dependencies:225 -    aiohttp: ✅ Available
2025-08-11 14:01:17,530 - app.services.enhanced_replicator_service - INFO - _verify_dependencies:225 -    pil: ✅ Available
2025-08-11 14:01:17,531 - app.services.enhanced_replicator_service - INFO - _verify_dependencies:225 -    pymupdf: ✅ Available
2025-08-11 14:01:17,531 - app.services.enhanced_replicator_service - INFO - _verify_dependencies:229 -    📹 Video handling: Using document-based detection
2025-08-11 14:01:17,531 - app.services.enhanced_replicator_service - INFO - _initialize_telegram:246 - 📱 Connecting to Telegram Enterprise...
2025-08-11 14:01:23,207 - app.services.enhanced_replicator_service - INFO - _initialize_telegram:273 - ✅ Telegram Enterprise connected: Ja (@no_username)
2025-08-11 14:01:23,207 - app.services.file_processor_v2 - INFO - initialize:373 - ✅ File Processor initialized with 2 workers
2025-08-11 14:01:23,207 - app.services.file_processor - INFO - initialize:137 - ✅ V2 Processor Adapter initialized
2025-08-11 14:01:23,207 - app.services.file_processor - INFO - initialize:395 - ✅ Using V2 processor (microservices architecture)
2025-08-11 14:01:23,214 - app.services.file_processor_v2 - INFO - _processing_loop:441 - 🔄 Processing loop started
2025-08-11 14:01:23,707 - app.services.file_processor - INFO - _check_dependencies:415 - 📦 Dependencies:
2025-08-11 14:01:23,707 - app.services.file_processor - INFO - _check_dependencies:418 -    ffmpeg: ✅
2025-08-11 14:01:23,708 - app.services.file_processor - INFO - _check_dependencies:418 -    pymupdf: ✅
2025-08-11 14:01:23,708 - app.services.file_processor - INFO - _check_dependencies:418 -    pil: ✅
2025-08-11 14:01:23,708 - app.services.file_processor - INFO - initialize:405 - ✅ FileProcessorEnhanced ready
2025-08-11 14:01:23,708 - app.services.enhanced_replicator_service - INFO - _initialize_enterprise_services:295 - ✅ File Processor Enterprise initialized
2025-08-11 14:01:23,709 - app.services.watermark_service - INFO - _load_configurations:131 - 📁 Cargadas 1 configuraciones
2025-08-11 14:01:23,719 - app.services.watermark_service - INFO - _preload_fonts:189 - 🔤 Precargadas 6 fuentes
2025-08-11 14:01:23,719 - app.services.watermark_service - INFO - initialize:111 - ✅ Watermark Service Enterprise inicializado correctamente
2025-08-11 14:01:23,720 - app.services.watermark_service - INFO - initialize:112 -    Grupos configurados: 1
2025-08-11 14:01:23,720 - app.services.watermark_service - INFO - initialize:113 -    PIL disponible: ✅
2025-08-11 14:01:23,720 - app.services.enhanced_replicator_service - INFO - _initialize_enterprise_services:295 - ✅ Watermark Service Enterprise initialized
2025-08-11 14:01:23,721 - app.services.discord_sender - INFO - initialize:216 - ✅ Discord Sender Enterprise inicializado
2025-08-11 14:01:23,721 - app.services.enhanced_replicator_service - INFO - _initialize_enterprise_services:295 - ✅ Discord Sender Enterprise initialized
2025-08-11 14:01:23,721 - app.services.enhanced_replicator_service - INFO - _setup_enterprise_event_handlers:337 - 📡 Enterprise event handlers configured
2025-08-11 14:01:23,721 - app.services.enhanced_replicator_service - INFO - _start_background_tasks:869 - 🔄 Enterprise background tasks started
2025-08-11 14:01:23,722 - app.services.enhanced_replicator_service - INFO - initialize:199 - ✅ Enhanced Replicator Service Enterprise initialized successfully
2025-08-11 14:01:23,722 - app.services.enhanced_replicator_service - INFO - _display_enterprise_configuration:942 - 📊 Enterprise Configuration - ENVÍO DIRECTO:
2025-08-11 14:01:23,722 - app.services.enhanced_replicator_service - INFO - _display_enterprise_configuration:943 -    Groups configured: 2
2025-08-11 14:01:23,722 - app.services.enhanced_replicator_service - INFO - _display_enterprise_configuration:944 -    Max concurrent processing: 10
2025-08-11 14:01:23,722 - app.services.enhanced_replicator_service - INFO - _display_enterprise_configuration:945 -    Circuit breaker threshold: 5
2025-08-11 14:01:23,722 - app.services.enhanced_replicator_service - INFO - _display_enterprise_configuration:946 -    Processing timeout: 300s
2025-08-11 14:01:23,722 - app.services.enhanced_replicator_service - INFO - _display_enterprise_configuration:947 -    Direct Sending Settings:
2025-08-11 14:01:23,722 - app.services.enhanced_replicator_service - INFO - _display_enterprise_configuration:948 -      - Max file size: 25MB
2025-08-11 14:01:23,723 - app.services.enhanced_replicator_service - INFO - _display_enterprise_configuration:949 -      - Auto compress: True
2025-08-11 14:01:23,723 - app.services.enhanced_replicator_service - INFO - _display_enterprise_configuration:950 -      - Compression quality: 75
2025-08-11 14:01:23,723 - app.services.enhanced_replicator_service - INFO - _display_enterprise_configuration:951 -      - Prefer direct: True
2025-08-11 14:01:23,723 - app.services.enhanced_replicator_service - INFO - _display_enterprise_configuration:952 -    Enterprise Services:
2025-08-11 14:01:23,723 - app.services.enhanced_replicator_service - INFO - _display_enterprise_configuration:953 -      - File Processor: ✅ Advanced
2025-08-11 14:01:23,723 - app.services.enhanced_replicator_service - INFO - _display_enterprise_configuration:954 -      - Watermark Service: ✅ Multi-tenant
2025-08-11 14:01:23,723 - app.services.enhanced_replicator_service - INFO - _display_enterprise_configuration:955 -      - Discord Sender: ✅ ENVÍO DIRECTO enabled
2025-08-11 14:01:23,724 - app.services.enhanced_replicator_service - INFO - _display_enterprise_configuration:956 -    Dependencies:
2025-08-11 14:01:23,724 - app.services.enhanced_replicator_service - INFO - _display_enterprise_configuration:957 -      - Telethon: ✅
2025-08-11 14:01:23,724 - app.services.enhanced_replicator_service - INFO - _display_enterprise_configuration:958 -      - PIL: ✅
2025-08-11 14:01:23,724 - app.services.enhanced_replicator_service - INFO - _display_enterprise_configuration:959 -      - PyMuPDF: ✅
2025-08-11 14:01:23,724 - app.services.enhanced_replicator_service - INFO - _display_enterprise_configuration:960 -      - aiohttp: ✅
2025-08-11 14:01:23,724 - app.services.enhanced_replicator_service - INFO - start_listening:970 - 👂 Starting enterprise message listening - MODO ENVÍO DIRECTO...
2025-08-11 14:01:23,725 - app.services.enhanced_replicator_service - INFO - start_listening:974 -    👥 Monitoring enterprise group: -4989347027
2025-08-11 14:01:23,725 - app.services.enhanced_replicator_service - INFO - start_listening:974 -    👥 Monitoring enterprise group: -1001697798998
2025-08-11 14:01:24,863 - app.services.enhanced_replicator_service - ERROR - get_dashboard_stats:1216 - ❌ Dashboard stats error: object dict can't be used in 'await' expression
2025-08-11 14:01:53,727 - app.services.enhanced_replicator_service - WARNING - _perform_health_checks:1302 - ⚠️ Low direct sending rate: 0.00%
2025-08-11 14:02:23,728 - app.services.enhanced_replicator_service - WARNING - _perform_health_checks:1302 - ⚠️ Low direct sending rate: 0.00%
2025-08-11 14:02:53,729 - app.services.enhanced_replicator_service - WARNING - _perform_health_checks:1302 - ⚠️ Low direct sending rate: 0.00%
2025-08-11 14:03:23,731 - app.services.enhanced_replicator_service - WARNING - _perform_health_checks:1302 - ⚠️ Low direct sending rate: 0.00%
2025-08-11 14:03:53,736 - app.services.enhanced_replicator_service - WARNING - _perform_health_checks:1302 - ⚠️ Low direct sending rate: 0.00%
2025-08-11 14:04:23,739 - app.services.enhanced_replicator_service - WARNING - _perform_health_checks:1302 - ⚠️ Low direct sending rate: 0.00%
2025-08-11 14:04:53,740 - app.services.enhanced_replicator_service - WARNING - _perform_health_checks:1302 - ⚠️ Low direct sending rate: 0.00%
2025-08-11 14:05:23,745 - app.services.enhanced_replicator_service - WARNING - _perform_health_checks:1302 - ⚠️ Low direct sending rate: 0.00%
2025-08-11 14:05:53,748 - app.services.enhanced_replicator_service - WARNING - _perform_health_checks:1302 - ⚠️ Low direct sending rate: 0.00%
2025-08-11 14:06:23,749 - app.services.enhanced_replicator_service - WARNING - _perform_health_checks:1302 - ⚠️ Low direct sending rate: 0.00%
2025-08-11 14:06:53,749 - app.services.enhanced_replicator_service - WARNING - _perform_health_checks:1302 - ⚠️ Low direct sending rate: 0.00%
2025-08-11 14:07:23,751 - app.services.enhanced_replicator_service - WARNING - _perform_health_checks:1302 - ⚠️ Low direct sending rate: 0.00%
2025-08-11 14:07:53,752 - app.services.enhanced_replicator_service - WARNING - _perform_health_checks:1302 - ⚠️ Low direct sending rate: 0.00%
2025-08-11 14:08:23,757 - app.services.enhanced_replicator_service - WARNING - _perform_health_checks:1302 - ⚠️ Low direct sending rate: 0.00%
2025-08-11 14:08:53,762 - app.services.enhanced_replicator_service - WARNING - _perform_health_checks:1302 - ⚠️ Low direct sending rate: 0.00%
2025-08-11 14:09:23,767 - app.services.enhanced_replicator_service - WARNING - _perform_health_checks:1302 - ⚠️ Low direct sending rate: 0.00%
2025-08-11 14:09:53,771 - app.services.enhanced_replicator_service - WARNING - _perform_health_checks:1302 - ⚠️ Low direct sending rate: 0.00%
2025-08-11 14:10:23,775 - app.services.enhanced_replicator_service - WARNING - _perform_health_checks:1302 - ⚠️ Low direct sending rate: 0.00%
2025-08-11 14:10:29,753 - app.services.discord_sender - WARNING - _send_with_retry:440 - ⚠️ Error enviando mensaje 404: {"message": "Unknown Webhook", "code": 10015}
2025-08-11 14:10:29,753 - app.services.enhanced_replicator_service - WARNING - _handle_send_failure:915 - ⚠️ Send failure for text message to https://discord.com/api/webhooks/12730693950959944...
2025-08-11 14:10:47,404 - app.services.discord_sender - WARNING - _send_file_direct:373 - ⚠️ Error enviando archivo 404: {"message": "Unknown Webhook", "code": 10015}
2025-08-11 14:10:47,405 - app.services.enhanced_replicator_service - WARNING - _handle_send_failure:915 - ⚠️ Send failure for image to https://discord.com/api/webhooks/12730693950959944...
2025-08-11 14:10:53,778 - app.services.enhanced_replicator_service - WARNING - _perform_health_checks:1302 - ⚠️ Low direct sending rate: 0.00%
2025-08-11 14:10:57,371 - app.services.discord_sender - WARNING - _send_file_direct:373 - ⚠️ Error enviando archivo 404: {"message": "Unknown Webhook", "code": 10015}
2025-08-11 14:10:57,372 - app.services.enhanced_replicator_service - WARNING - _handle_send_failure:915 - ⚠️ Send failure for audio unknown_document to https://discord.com/api/webhooks/12730693950959944...
2025-08-11 14:11:23,779 - app.services.enhanced_replicator_service - WARNING - _perform_health_checks:1302 - ⚠️ Low direct sending rate: 0.00%
2025-08-11 14:11:23,970 - app.services.discord_sender - WARNING - _send_file_direct:373 - ⚠️ Error enviando archivo 404: {"message": "Unknown Webhook", "code": 10015}
2025-08-11 14:11:23,970 - app.services.enhanced_replicator_service - WARNING - _handle_send_failure:915 - ⚠️ Send failure for PDF DirectionMovementIndexDMIbyTraderGauls.pdf to https://discord.com/api/webhooks/12730693950959944...
2025-08-11 14:11:53,779 - app.services.enhanced_replicator_service - WARNING - _perform_health_checks:1302 - ⚠️ Low direct sending rate: 0.00%
2025-08-11 14:12:23,783 - app.services.enhanced_replicator_service - WARNING - _perform_health_checks:1302 - ⚠️ Low direct sending rate: 0.00%
2025-08-11 14:12:53,784 - app.services.enhanced_replicator_service - WARNING - _perform_health_checks:1302 - ⚠️ Low direct sending rate: 0.00%
2025-08-11 14:13:23,785 - app.services.enhanced_replicator_service - WARNING - _perform_health_checks:1302 - ⚠️ Low direct sending rate: 0.00%
2025-08-11 14:13:53,786 - app.services.enhanced_replicator_service - WARNING - _perform_health_checks:1302 - ⚠️ Low direct sending rate: 0.00%
2025-08-11 14:14:23,786 - app.services.enhanced_replicator_service - WARNING - _perform_health_checks:1302 - ⚠️ Low direct sending rate: 0.00%
2025-08-11 14:14:25,187 - app.services.enhanced_replicator_service - ERROR - get_dashboard_stats:1216 - ❌ Dashboard stats error: object dict can't be used in 'await' expression
2025-08-11 14:14:53,791 - app.services.enhanced_replicator_service - WARNING - _perform_health_checks:1302 - ⚠️ Low direct sending rate: 0.00%
2025-08-11 14:14:55,169 - app.services.enhanced_replicator_service - ERROR - get_dashboard_stats:1216 - ❌ Dashboard stats error: object dict can't be used in 'await' expression
2025-08-11 14:15:23,794 - app.services.enhanced_replicator_service - WARNING - _perform_health_checks:1302 - ⚠️ Low direct sending rate: 0.00%
2025-08-11 14:15:25,169 - app.services.enhanced_replicator_service - ERROR - get_dashboard_stats:1216 - ❌ Dashboard stats error: object dict can't be used in 'await' expression
2025-08-11 14:15:53,795 - app.services.enhanced_replicator_service - WARNING - _perform_health_checks:1302 - ⚠️ Low direct sending rate: 0.00%
2025-08-11 14:15:55,165 - app.services.enhanced_replicator_service - ERROR - get_dashboard_stats:1216 - ❌ Dashboard stats error: object dict can't be used in 'await' expression
2025-08-11 14:16:23,799 - app.services.enhanced_replicator_service - WARNING - _perform_health_checks:1302 - ⚠️ Low direct sending rate: 0.00%
2025-08-11 14:16:53,803 - app.services.enhanced_replicator_service - WARNING - _perform_health_checks:1302 - ⚠️ Low direct sending rate: 0.00%
2025-08-11 14:17:05,235 - app.services.enhanced_replicator_service - ERROR - get_dashboard_stats:1216 - ❌ Dashboard stats error: object dict can't be used in 'await' expression
2025-08-11 14:17:23,804 - app.services.enhanced_replicator_service - WARNING - _perform_health_checks:1302 - ⚠️ Low direct sending rate: 0.00%
2025-08-11 14:17:53,805 - app.services.enhanced_replicator_service - WARNING - _perform_health_checks:1302 - ⚠️ Low direct sending rate: 0.00%
2025-08-11 14:18:05,171 - app.services.enhanced_replicator_service - ERROR - get_dashboard_stats:1216 - ❌ Dashboard stats error: object dict can't be used in 'await' expression
2025-08-11 14:18:23,805 - app.services.enhanced_replicator_service - WARNING - _perform_health_checks:1302 - ⚠️ Low direct sending rate: 0.00%
2025-08-11 14:18:53,806 - app.services.enhanced_replicator_service - WARNING - _perform_health_checks:1302 - ⚠️ Low direct sending rate: 0.00%
2025-08-11 14:19:05,173 - app.services.enhanced_replicator_service - ERROR - get_dashboard_stats:1216 - ❌ Dashboard stats error: object dict can't be used in 'await' expression
2025-08-11 14:19:23,812 - app.services.enhanced_replicator_service - WARNING - _perform_health_checks:1302 - ⚠️ Low direct sending rate: 0.00%
2025-08-11 14:19:53,812 - app.services.enhanced_replicator_service - WARNING - _perform_health_checks:1302 - ⚠️ Low direct sending rate: 0.00%
2025-08-11 14:20:00,063 - app.services.enhanced_replicator_service - ERROR - get_dashboard_stats:1216 - ❌ Dashboard stats error: object dict can't be used in 'await' expression
2025-08-11 14:20:23,814 - app.services.enhanced_replicator_service - WARNING - _perform_health_checks:1302 - ⚠️ Low direct sending rate: 0.00%
2025-08-11 14:20:53,814 - app.services.enhanced_replicator_service - WARNING - _perform_health_checks:1302 - ⚠️ Low direct sending rate: 0.00%
2025-08-11 14:21:23,819 - app.services.enhanced_replicator_service - WARNING - _perform_health_checks:1302 - ⚠️ Low direct sending rate: 0.00%
2025-08-11 14:21:53,821 - app.services.enhanced_replicator_service - WARNING - _perform_health_checks:1302 - ⚠️ Low direct sending rate: 0.00%
2025-08-11 14:22:23,826 - app.services.enhanced_replicator_service - WARNING - _perform_health_checks:1302 - ⚠️ Low direct sending rate: 0.00%
2025-08-11 14:22:53,831 - app.services.enhanced_replicator_service - WARNING - _perform_health_checks:1302 - ⚠️ Low direct sending rate: 0.00%
2025-08-11 14:23:23,833 - app.services.enhanced_replicator_service - WARNING - _perform_health_checks:1302 - ⚠️ Low direct sending rate: 0.00%
2025-08-11 14:23:53,837 - app.services.enhanced_replicator_service - WARNING - _perform_health_checks:1302 - ⚠️ Low direct sending rate: 0.00%
2025-08-11 14:24:23,841 - app.services.enhanced_replicator_service - WARNING - _perform_health_checks:1302 - ⚠️ Low direct sending rate: 0.00%
2025-08-11 14:24:53,841 - app.services.enhanced_replicator_service - WARNING - _perform_health_checks:1302 - ⚠️ Low direct sending rate: 0.00%
2025-08-11 14:25:23,842 - app.services.enhanced_replicator_service - WARNING - _perform_health_checks:1302 - ⚠️ Low direct sending rate: 0.00%
2025-08-11 14:25:53,842 - app.services.enhanced_replicator_service - WARNING - _perform_health_checks:1302 - ⚠️ Low direct sending rate: 0.00%
2025-08-11 14:26:23,843 - app.services.enhanced_replicator_service - WARNING - _perform_health_checks:1302 - ⚠️ Low direct sending rate: 0.00%
2025-08-11 14:26:53,843 - app.services.enhanced_replicator_service - WARNING - _perform_health_checks:1302 - ⚠️ Low direct sending rate: 0.00%
2025-08-11 14:27:23,848 - app.services.enhanced_replicator_service - WARNING - _perform_health_checks:1302 - ⚠️ Low direct sending rate: 0.00%
2025-08-11 14:27:53,850 - app.services.enhanced_replicator_service - WARNING - _perform_health_checks:1302 - ⚠️ Low direct sending rate: 0.00%
2025-08-11 14:28:23,851 - app.services.enhanced_replicator_service - WARNING - _perform_health_checks:1302 - ⚠️ Low direct sending rate: 0.00%
2025-08-11 14:28:53,857 - app.services.enhanced_replicator_service - WARNING - _perform_health_checks:1302 - ⚠️ Low direct sending rate: 0.00%
2025-08-11 14:29:23,859 - app.services.enhanced_replicator_service - WARNING - _perform_health_checks:1302 - ⚠️ Low direct sending rate: 0.00%
2025-08-11 14:29:53,868 - app.services.enhanced_replicator_service - WARNING - _perform_health_checks:1302 - ⚠️ Low direct sending rate: 0.00%
2025-08-11 14:30:23,876 - app.services.enhanced_replicator_service - WARNING - _perform_health_checks:1302 - ⚠️ Low direct sending rate: 0.00%
2025-08-11 14:30:53,884 - app.services.enhanced_replicator_service - WARNING - _perform_health_checks:1302 - ⚠️ Low direct sending rate: 0.00%
2025-08-11 14:31:23,893 - app.services.enhanced_replicator_service - WARNING - _perform_health_checks:1302 - ⚠️ Low direct sending rate: 0.00%
2025-08-11 14:31:53,899 - app.services.enhanced_replicator_service - WARNING - _perform_health_checks:1302 - ⚠️ Low direct sending rate: 0.00%
2025-08-11 14:32:23,900 - app.services.enhanced_replicator_service - WARNING - _perform_health_checks:1302 - ⚠️ Low direct sending rate: 0.00%
2025-08-11 14:32:53,901 - app.services.enhanced_replicator_service - WARNING - _perform_health_checks:1302 - ⚠️ Low direct sending rate: 0.00%
2025-08-11 14:33:23,911 - app.services.enhanced_replicator_service - WARNING - _perform_health_checks:1302 - ⚠️ Low direct sending rate: 0.00%
2025-08-11 14:33:53,917 - app.services.enhanced_replicator_service - WARNING - _perform_health_checks:1302 - ⚠️ Low direct sending rate: 0.00%
2025-08-11 14:34:23,921 - app.services.enhanced_replicator_service - WARNING - _perform_health_checks:1302 - ⚠️ Low direct sending rate: 0.00%
2025-08-11 14:34:53,924 - app.services.enhanced_replicator_service - WARNING - _perform_health_checks:1302 - ⚠️ Low direct sending rate: 0.00%
2025-08-11 14:35:23,928 - app.services.enhanced_replicator_service - WARNING - _perform_health_checks:1302 - ⚠️ Low direct sending rate: 0.00%
2025-08-11 14:35:53,936 - app.services.enhanced_replicator_service - WARNING - _perform_health_checks:1302 - ⚠️ Low direct sending rate: 0.00%
2025-08-11 14:36:23,941 - app.services.enhanced_replicator_service - WARNING - _perform_health_checks:1302 - ⚠️ Low direct sending rate: 0.00%
2025-08-11 14:36:53,944 - app.services.enhanced_replicator_service - WARNING - _perform_health_checks:1302 - ⚠️ Low direct sending rate: 0.00%
2025-08-11 14:37:23,947 - app.services.enhanced_replicator_service - WARNING - _perform_health_checks:1302 - ⚠️ Low direct sending rate: 0.00%
2025-08-11 14:37:53,955 - app.services.enhanced_replicator_service - WARNING - _perform_health_checks:1302 - ⚠️ Low direct sending rate: 0.00%
2025-08-11 14:38:23,963 - app.services.enhanced_replicator_service - WARNING - _perform_health_checks:1302 - ⚠️ Low direct sending rate: 0.00%
2025-08-11 14:38:53,972 - app.services.enhanced_replicator_service - WARNING - _perform_health_checks:1302 - ⚠️ Low direct sending rate: 0.00%
2025-08-11 14:39:23,980 - app.services.enhanced_replicator_service - WARNING - _perform_health_checks:1302 - ⚠️ Low direct sending rate: 0.00%
2025-08-11 14:39:53,990 - app.services.enhanced_replicator_service - WARNING - _perform_health_checks:1302 - ⚠️ Low direct sending rate: 0.00%
2025-08-11 14:40:23,997 - app.services.enhanced_replicator_service - WARNING - _perform_health_checks:1302 - ⚠️ Low direct sending rate: 0.00%
2025-08-11 14:40:54,007 - app.services.enhanced_replicator_service - WARNING - _perform_health_checks:1302 - ⚠️ Low direct sending rate: 0.00%
2025-08-11 14:41:24,015 - app.services.enhanced_replicator_service - WARNING - _perform_health_checks:1302 - ⚠️ Low direct sending rate: 0.00%
2025-08-11 14:41:54,019 - app.services.enhanced_replicator_service - WARNING - _perform_health_checks:1302 - ⚠️ Low direct sending rate: 0.00%
2025-08-11 14:42:24,022 - app.services.enhanced_replicator_service - WARNING - _perform_health_checks:1302 - ⚠️ Low direct sending rate: 0.00%
2025-08-11 14:42:54,024 - app.services.enhanced_replicator_service - WARNING - _perform_health_checks:1302 - ⚠️ Low direct sending rate: 0.00%
2025-08-11 14:43:24,029 - app.services.enhanced_replicator_service - WARNING - _perform_health_checks:1302 - ⚠️ Low direct sending rate: 0.00%
2025-08-11 14:43:54,030 - app.services.enhanced_replicator_service - WARNING - _perform_health_checks:1302 - ⚠️ Low direct sending rate: 0.00%
2025-08-11 14:44:24,033 - app.services.enhanced_replicator_service - WARNING - _perform_health_checks:1302 - ⚠️ Low direct sending rate: 0.00%
2025-08-11 14:44:54,040 - app.services.enhanced_replicator_service - WARNING - _perform_health_checks:1302 - ⚠️ Low direct sending rate: 0.00%
2025-08-11 14:45:24,049 - app.services.enhanced_replicator_service - WARNING - _perform_health_checks:1302 - ⚠️ Low direct sending rate: 0.00%
2025-08-11 14:45:54,057 - app.services.enhanced_replicator_service - WARNING - _perform_health_checks:1302 - ⚠️ Low direct sending rate: 0.00%
2025-08-11 14:46:24,066 - app.services.enhanced_replicator_service - WARNING - _perform_health_checks:1302 - ⚠️ Low direct sending rate: 0.00%
2025-08-11 14:46:54,066 - app.services.enhanced_replicator_service - WARNING - _perform_health_checks:1302 - ⚠️ Low direct sending rate: 0.00%
2025-08-11 14:47:24,075 - app.services.enhanced_replicator_service - WARNING - _perform_health_checks:1302 - ⚠️ Low direct sending rate: 0.00%
2025-08-11 14:47:54,076 - app.services.enhanced_replicator_service - WARNING - _perform_health_checks:1302 - ⚠️ Low direct sending rate: 0.00%
2025-08-11 14:48:24,077 - app.services.enhanced_replicator_service - WARNING - _perform_health_checks:1302 - ⚠️ Low direct sending rate: 0.00%
