2025-08-17 10:43:28,457 - app.services.file_processor_v2 - INFO - initialize:373 - ✅ File Processor initialized with 2 workers
2025-08-17 10:43:28,465 - app.services.file_processor_v2 - INFO - _processing_loop:441 - 🔄 Processing loop started
2025-08-17 10:45:01,687 - app.services.file_processor_v2 - INFO - initialize:373 - ✅ File Processor initialized with 2 workers
2025-08-17 10:45:01,693 - app.services.file_processor_v2 - INFO - _processing_loop:441 - 🔄 Processing loop started
2025-08-17 11:01:29,364 - app.services.file_processor_v2 - INFO - initialize:373 - ✅ File Processor initialized with 2 workers
2025-08-17 11:01:29,374 - app.services.file_processor_v2 - INFO - _processing_loop:441 - 🔄 Processing loop started
2025-08-17 11:02:28,106 - app.services.file_processor_v2 - INFO - initialize:373 - ✅ File Processor initialized with 2 workers
2025-08-17 11:02:28,112 - app.services.file_processor_v2 - INFO - _processing_loop:441 - 🔄 Processing loop started
2025-08-17 11:02:52,647 - app.services.file_processor_v2 - INFO - initialize:373 - ✅ File Processor initialized with 2 workers
2025-08-17 11:02:52,655 - app.services.file_processor_v2 - INFO - _processing_loop:441 - 🔄 Processing loop started
2025-08-17 11:09:28,611 - app.services.file_processor_v2 - INFO - initialize:373 - ✅ File Processor initialized with 2 workers
2025-08-17 11:09:28,620 - app.services.file_processor_v2 - INFO - _processing_loop:441 - 🔄 Processing loop started
2025-08-17 11:13:19,492 - app.services.file_processor_v2 - INFO - initialize:373 - ✅ File Processor initialized with 2 workers
2025-08-17 11:13:19,497 - app.services.file_processor_v2 - INFO - _processing_loop:441 - 🔄 Processing loop started
2025-08-17 11:23:38,281 - app.services.file_processor_v2 - INFO - initialize:373 - ✅ File Processor initialized with 2 workers
2025-08-17 11:23:38,288 - app.services.file_processor_v2 - INFO - _processing_loop:441 - 🔄 Processing loop started
2025-08-17 15:47:49,962 - app.services.file_processor_v2 - INFO - initialize:373 - ✅ File Processor initialized with 2 workers
2025-08-17 15:47:49,972 - app.services.file_processor_v2 - INFO - _processing_loop:441 - 🔄 Processing loop started
2025-08-17 16:13:52,889 - app.services.file_processor_v2 - INFO - initialize:373 - ✅ File Processor initialized with 2 workers
2025-08-17 16:13:52,895 - app.services.file_processor_v2 - INFO - _processing_loop:441 - 🔄 Processing loop started
2025-08-17 16:18:54,514 - app.services.file_processor_v2 - INFO - initialize:373 - ✅ File Processor initialized with 2 workers
2025-08-17 16:18:54,520 - app.services.file_processor_v2 - INFO - _processing_loop:441 - 🔄 Processing loop started
2025-08-17 16:44:17,585 - app.services.file_processor_v2 - INFO - initialize:373 - ✅ File Processor initialized with 2 workers
2025-08-17 16:44:17,594 - app.services.file_processor_v2 - INFO - _processing_loop:441 - 🔄 Processing loop started
2025-08-17 17:55:29,940 - app.services.file_processor_v2 - INFO - initialize:373 - ✅ File Processor initialized with 2 workers
2025-08-17 17:55:29,954 - app.services.file_processor_v2 - INFO - _processing_loop:441 - 🔄 Processing loop started
2025-08-17 17:59:25,072 - app.services.file_processor_v2 - INFO - initialize:373 - ✅ File Processor initialized with 2 workers
2025-08-17 17:59:25,079 - app.services.file_processor_v2 - INFO - _processing_loop:441 - 🔄 Processing loop started
2025-08-17 18:01:23,886 - app.services.file_processor_v2 - INFO - initialize:373 - ✅ File Processor initialized with 2 workers
2025-08-17 18:01:23,892 - app.services.file_processor_v2 - INFO - _processing_loop:441 - 🔄 Processing loop started
2025-08-17 18:08:04,425 - app.services.file_processor_v2 - INFO - initialize:373 - ✅ File Processor initialized with 2 workers
2025-08-17 18:08:04,432 - app.services.file_processor_v2 - INFO - _processing_loop:441 - 🔄 Processing loop started
2025-08-17 18:11:54,466 - app.services.file_processor_v2 - INFO - initialize:373 - ✅ File Processor initialized with 2 workers
2025-08-17 18:11:54,474 - app.services.file_processor_v2 - INFO - _processing_loop:441 - 🔄 Processing loop started
2025-08-17 18:12:33,878 - app.services.file_processor_v2 - INFO - initialize:373 - ✅ File Processor initialized with 2 workers
2025-08-17 18:12:33,885 - app.services.file_processor_v2 - INFO - _processing_loop:441 - 🔄 Processing loop started
2025-08-17 18:15:14,764 - app.services.file_processor_v2 - INFO - initialize:373 - ✅ File Processor initialized with 2 workers
2025-08-17 18:15:14,771 - app.services.file_processor_v2 - INFO - _processing_loop:441 - 🔄 Processing loop started
2025-08-17 18:41:33,380 - app.services.file_processor_v2 - INFO - initialize:373 - ✅ File Processor initialized with 2 workers
2025-08-17 18:41:33,387 - app.services.file_processor_v2 - INFO - _processing_loop:441 - 🔄 Processing loop started
2025-08-17 18:45:56,354 - app.services.file_processor_v2 - INFO - initialize:373 - ✅ File Processor initialized with 2 workers
2025-08-17 18:45:56,362 - app.services.file_processor_v2 - INFO - _processing_loop:441 - 🔄 Processing loop started
2025-08-17 18:54:06,173 - app.services.file_processor_v2 - INFO - initialize:373 - ✅ File Processor initialized with 2 workers
2025-08-17 18:54:06,228 - app.services.file_processor_v2 - INFO - _processing_loop:441 - 🔄 Processing loop started
2025-08-17 19:02:03,240 - app.services.file_processor_v2 - INFO - initialize:373 - ✅ File Processor initialized with 2 workers
2025-08-17 19:02:03,248 - app.services.file_processor_v2 - INFO - _processing_loop:441 - 🔄 Processing loop started
2025-08-17 21:45:07,346 - __main__ - INFO - create_app:228 - ✅ Dashboard API routes registered
2025-08-17 21:45:07,347 - __main__ - INFO - <module>:240 - 🚀 Starting Zero Cost SaaS...
2025-08-17 21:46:11,250 - __main__ - INFO - create_app:228 - ✅ Dashboard API routes registered
2025-08-17 21:46:11,250 - __main__ - INFO - <module>:240 - 🚀 Starting Zero Cost SaaS...
2025-08-17 21:46:22,710 - main - INFO - create_app:228 - ✅ Dashboard API routes registered
2025-08-17 21:46:22,711 - main - INFO - lifespan:34 - 🚀 Starting Zero Cost SaaS Orchestrator...
2025-08-17 21:46:22,711 - app.services.registry.service_registry - INFO - __init__:76 - ✅ Service Registry initialized
2025-08-17 21:46:23,633 - app.services.file_processor - INFO - __init__:383 - 🚀 FileProcessorEnhanced initialized
2025-08-17 21:46:23,635 - app.services.discord_sender - INFO - __init__:189 - 🚀 Discord Sender Enterprise initialized - MODO ENVÍO DIRECTO
2025-08-17 21:46:23,635 - app.services.enhanced_replicator_service - INFO - __init__:183 - 🚀 Enhanced Replicator Service v3.0 Enterprise initialized - MODO ENVÍO DIRECTO
2025-08-17 21:46:23,635 - app.services.enhanced_replicator_service - INFO - initialize:193 - 🔧 Initializing Enhanced Replicator Service Enterprise...
2025-08-17 21:46:23,635 - app.services.enhanced_replicator_service - INFO - _verify_dependencies:239 - 🔍 Enterprise dependency verification:
2025-08-17 21:46:23,635 - app.services.enhanced_replicator_service - INFO - _verify_dependencies:243 -    telethon: ✅ Available
2025-08-17 21:46:23,636 - app.services.enhanced_replicator_service - WARNING - _verify_dependencies:243 -    telethon_video_support: ❌ Missing
2025-08-17 21:46:23,636 - app.services.enhanced_replicator_service - INFO - _verify_dependencies:243 -    aiohttp: ✅ Available
2025-08-17 21:46:23,636 - app.services.enhanced_replicator_service - INFO - _verify_dependencies:243 -    pil: ✅ Available
2025-08-17 21:46:23,636 - app.services.enhanced_replicator_service - INFO - _verify_dependencies:243 -    pymupdf: ✅ Available
2025-08-17 21:46:23,636 - app.services.enhanced_replicator_service - INFO - _verify_dependencies:247 -    📹 Video handling: Using document-based detection
2025-08-17 21:46:23,636 - app.services.enhanced_replicator_service - INFO - _initialize_telegram:264 - 📱 Connecting to Telegram Enterprise...
2025-08-17 21:46:24,666 - app.services.enhanced_replicator_service - INFO - _initialize_telegram:291 - ✅ Telegram Enterprise connected: Ja (@no_username)
2025-08-17 21:46:24,666 - app.services.file_processor_v2 - INFO - initialize:373 - ✅ File Processor initialized with 2 workers
2025-08-17 21:46:24,667 - app.services.file_processor - INFO - initialize:137 - ✅ V2 Processor Adapter initialized
2025-08-17 21:46:24,667 - app.services.file_processor - INFO - initialize:395 - ✅ Using V2 processor (microservices architecture)
2025-08-17 21:46:24,675 - app.services.file_processor_v2 - INFO - _processing_loop:441 - 🔄 Processing loop started
2025-08-17 21:46:24,754 - app.services.file_processor - INFO - _check_dependencies:415 - 📦 Dependencies:
2025-08-17 21:46:24,754 - app.services.file_processor - INFO - _check_dependencies:418 -    ffmpeg: ✅
2025-08-17 21:46:24,754 - app.services.file_processor - INFO - _check_dependencies:418 -    pymupdf: ✅
2025-08-17 21:46:24,754 - app.services.file_processor - INFO - _check_dependencies:418 -    pil: ✅
2025-08-17 21:46:24,755 - app.services.file_processor - INFO - initialize:405 - ✅ FileProcessorEnhanced ready
2025-08-17 21:46:24,755 - app.services.enhanced_replicator_service - INFO - _initialize_enterprise_services:313 - ✅ File Processor Enterprise initialized
2025-08-17 21:46:24,755 - app.services.enhanced_replicator_service - INFO - _initialize_enterprise_services:313 - ✅ Watermark Service Enterprise initialized
2025-08-17 21:46:24,755 - app.services.discord_sender - INFO - initialize:216 - ✅ Discord Sender Enterprise inicializado
2025-08-17 21:46:24,755 - app.services.enhanced_replicator_service - INFO - _initialize_enterprise_services:313 - ✅ Discord Sender Enterprise initialized
2025-08-17 21:46:24,755 - app.services.enhanced_replicator_service - INFO - _setup_enterprise_event_handlers:355 - 📡 Enterprise event handlers configured
2025-08-17 21:46:24,756 - app.services.enhanced_replicator_service - INFO - _start_background_tasks:896 - 🔄 Enterprise background tasks started
2025-08-17 21:46:24,756 - app.services.enhanced_replicator_service - INFO - initialize:217 - ✅ Enhanced Replicator Service Enterprise initialized successfully
2025-08-17 21:46:24,756 - app.services.enhanced_replicator_service - INFO - _display_enterprise_configuration:969 - 📊 Enterprise Configuration - ENVÍO DIRECTO:
2025-08-17 21:46:24,756 - app.services.enhanced_replicator_service - INFO - _display_enterprise_configuration:970 -    Groups configured: 2
2025-08-17 21:46:24,756 - app.services.enhanced_replicator_service - INFO - _display_enterprise_configuration:971 -    Max concurrent processing: 10
2025-08-17 21:46:24,756 - app.services.enhanced_replicator_service - INFO - _display_enterprise_configuration:972 -    Circuit breaker threshold: 5
2025-08-17 21:46:24,756 - app.services.enhanced_replicator_service - INFO - _display_enterprise_configuration:973 -    Processing timeout: 300s
2025-08-17 21:46:24,756 - app.services.enhanced_replicator_service - INFO - _display_enterprise_configuration:974 -    Direct Sending Settings:
2025-08-17 21:46:24,757 - app.services.enhanced_replicator_service - INFO - _display_enterprise_configuration:975 -      - Max file size: 25MB
2025-08-17 21:46:24,757 - app.services.enhanced_replicator_service - INFO - _display_enterprise_configuration:976 -      - Auto compress: True
2025-08-17 21:46:24,757 - app.services.enhanced_replicator_service - INFO - _display_enterprise_configuration:977 -      - Compression quality: 75
2025-08-17 21:46:24,757 - app.services.enhanced_replicator_service - INFO - _display_enterprise_configuration:978 -      - Prefer direct: True
2025-08-17 21:46:24,757 - app.services.enhanced_replicator_service - INFO - _display_enterprise_configuration:979 -    Enterprise Services:
2025-08-17 21:46:24,757 - app.services.enhanced_replicator_service - INFO - _display_enterprise_configuration:980 -      - File Processor: ✅ Advanced
2025-08-17 21:46:24,757 - app.services.enhanced_replicator_service - INFO - _display_enterprise_configuration:981 -      - Watermark Service: ✅ Multi-tenant
2025-08-17 21:46:24,757 - app.services.enhanced_replicator_service - INFO - _display_enterprise_configuration:982 -      - Discord Sender: ✅ ENVÍO DIRECTO enabled
2025-08-17 21:46:24,758 - app.services.enhanced_replicator_service - INFO - _display_enterprise_configuration:983 -    Dependencies:
2025-08-17 21:46:24,758 - app.services.enhanced_replicator_service - INFO - _display_enterprise_configuration:984 -      - Telethon: ✅
2025-08-17 21:46:24,758 - app.services.enhanced_replicator_service - INFO - _display_enterprise_configuration:985 -      - PIL: ✅
2025-08-17 21:46:24,758 - app.services.enhanced_replicator_service - INFO - _display_enterprise_configuration:986 -      - PyMuPDF: ✅
2025-08-17 21:46:24,758 - app.services.enhanced_replicator_service - INFO - _display_enterprise_configuration:987 -      - aiohttp: ✅
2025-08-17 21:46:24,758 - main - INFO - lifespan:47 - ✅ Replicator service initialized
2025-08-17 21:46:24,758 - app.services.registry.service_registry - INFO - start_all:111 - Starting all registered services...
2025-08-17 21:46:24,758 - app.services.registry.service_registry - INFO - start_all:124 - ✅ Started 0/0 services
2025-08-17 21:46:24,758 - main - INFO - lifespan:59 - ✅ System ready!
2025-08-17 21:46:54,761 - app.services.enhanced_replicator_service - WARNING - _perform_health_checks:1329 - ⚠️ Low direct sending rate: 0.00%
2025-08-17 21:47:24,764 - app.services.enhanced_replicator_service - WARNING - _perform_health_checks:1329 - ⚠️ Low direct sending rate: 0.00%
2025-08-17 21:47:54,766 - app.services.enhanced_replicator_service - WARNING - _perform_health_checks:1329 - ⚠️ Low direct sending rate: 0.00%
2025-08-17 21:48:07,035 - main - INFO - lifespan:64 - 🛑 Shutting down...
2025-08-17 21:48:07,035 - app.services.registry.service_registry - INFO - stop_all:128 - Stopping all services...
2025-08-17 21:48:07,035 - app.services.registry.service_registry - INFO - stop_all:139 - ✅ All services stopped
2025-08-17 21:48:07,036 - main - INFO - lifespan:73 - ✅ Shutdown complete
2025-08-17 21:48:26,655 - __main__ - INFO - create_app:228 - ✅ Dashboard API routes registered
2025-08-17 21:48:26,655 - __main__ - INFO - <module>:240 - 🚀 Starting Zero Cost SaaS...
2025-08-17 21:50:18,442 - __main__ - INFO - create_app:228 - ✅ Dashboard API routes registered
2025-08-17 21:50:18,442 - __main__ - INFO - <module>:240 - 🚀 Starting Zero Cost SaaS...
2025-08-17 21:50:27,824 - main - INFO - create_app:228 - ✅ Dashboard API routes registered
2025-08-17 21:50:27,825 - main - INFO - lifespan:34 - 🚀 Starting Zero Cost SaaS Orchestrator...
2025-08-17 21:50:27,825 - app.services.registry.service_registry - INFO - __init__:76 - ✅ Service Registry initialized
2025-08-17 21:50:28,343 - app.services.file_processor - INFO - __init__:383 - 🚀 FileProcessorEnhanced initialized
2025-08-17 21:50:28,343 - app.services.discord_sender - INFO - __init__:189 - 🚀 Discord Sender Enterprise initialized - MODO ENVÍO DIRECTO
2025-08-17 21:50:28,344 - app.services.enhanced_replicator_service - INFO - __init__:183 - 🚀 Enhanced Replicator Service v3.0 Enterprise initialized - MODO ENVÍO DIRECTO
2025-08-17 21:50:28,344 - app.services.enhanced_replicator_service - INFO - initialize:193 - 🔧 Initializing Enhanced Replicator Service Enterprise...
2025-08-17 21:50:28,344 - app.services.enhanced_replicator_service - INFO - _verify_dependencies:239 - 🔍 Enterprise dependency verification:
2025-08-17 21:50:28,344 - app.services.enhanced_replicator_service - INFO - _verify_dependencies:243 -    telethon: ✅ Available
2025-08-17 21:50:28,344 - app.services.enhanced_replicator_service - WARNING - _verify_dependencies:243 -    telethon_video_support: ❌ Missing
2025-08-17 21:50:28,344 - app.services.enhanced_replicator_service - INFO - _verify_dependencies:243 -    aiohttp: ✅ Available
2025-08-17 21:50:28,344 - app.services.enhanced_replicator_service - INFO - _verify_dependencies:243 -    pil: ✅ Available
2025-08-17 21:50:28,344 - app.services.enhanced_replicator_service - INFO - _verify_dependencies:243 -    pymupdf: ✅ Available
2025-08-17 21:50:28,344 - app.services.enhanced_replicator_service - INFO - _verify_dependencies:247 -    📹 Video handling: Using document-based detection
2025-08-17 21:50:28,345 - app.services.enhanced_replicator_service - INFO - _initialize_telegram:264 - 📱 Connecting to Telegram Enterprise...
2025-08-17 21:50:29,253 - app.services.enhanced_replicator_service - INFO - _initialize_telegram:291 - ✅ Telegram Enterprise connected: Ja (@no_username)
2025-08-17 21:50:29,254 - app.services.file_processor_v2 - INFO - initialize:373 - ✅ File Processor initialized with 2 workers
2025-08-17 21:50:29,254 - app.services.file_processor - INFO - initialize:137 - ✅ V2 Processor Adapter initialized
2025-08-17 21:50:29,254 - app.services.file_processor - INFO - initialize:395 - ✅ Using V2 processor (microservices architecture)
2025-08-17 21:50:29,257 - app.services.file_processor_v2 - INFO - _processing_loop:441 - 🔄 Processing loop started
2025-08-17 21:50:29,299 - app.services.file_processor - INFO - _check_dependencies:415 - 📦 Dependencies:
2025-08-17 21:50:29,300 - app.services.file_processor - INFO - _check_dependencies:418 -    ffmpeg: ✅
2025-08-17 21:50:29,300 - app.services.file_processor - INFO - _check_dependencies:418 -    pymupdf: ✅
2025-08-17 21:50:29,300 - app.services.file_processor - INFO - _check_dependencies:418 -    pil: ✅
2025-08-17 21:50:29,300 - app.services.file_processor - INFO - initialize:405 - ✅ FileProcessorEnhanced ready
2025-08-17 21:50:29,300 - app.services.enhanced_replicator_service - INFO - _initialize_enterprise_services:313 - ✅ File Processor Enterprise initialized
2025-08-17 21:50:29,300 - app.services.enhanced_replicator_service - INFO - _initialize_enterprise_services:313 - ✅ Watermark Service Enterprise initialized
2025-08-17 21:50:29,300 - app.services.discord_sender - INFO - initialize:216 - ✅ Discord Sender Enterprise inicializado
2025-08-17 21:50:29,300 - app.services.enhanced_replicator_service - INFO - _initialize_enterprise_services:313 - ✅ Discord Sender Enterprise initialized
2025-08-17 21:50:29,301 - app.services.enhanced_replicator_service - INFO - _setup_enterprise_event_handlers:355 - 📡 Enterprise event handlers configured
2025-08-17 21:50:29,301 - app.services.enhanced_replicator_service - INFO - _start_background_tasks:896 - 🔄 Enterprise background tasks started
2025-08-17 21:50:29,303 - app.services.enhanced_replicator_service - INFO - initialize:217 - ✅ Enhanced Replicator Service Enterprise initialized successfully
2025-08-17 21:50:29,303 - app.services.enhanced_replicator_service - INFO - _display_enterprise_configuration:969 - 📊 Enterprise Configuration - ENVÍO DIRECTO:
2025-08-17 21:50:29,303 - app.services.enhanced_replicator_service - INFO - _display_enterprise_configuration:970 -    Groups configured: 2
2025-08-17 21:50:29,304 - app.services.enhanced_replicator_service - INFO - _display_enterprise_configuration:971 -    Max concurrent processing: 10
2025-08-17 21:50:29,304 - app.services.enhanced_replicator_service - INFO - _display_enterprise_configuration:972 -    Circuit breaker threshold: 5
2025-08-17 21:50:29,304 - app.services.enhanced_replicator_service - INFO - _display_enterprise_configuration:973 -    Processing timeout: 300s
2025-08-17 21:50:29,304 - app.services.enhanced_replicator_service - INFO - _display_enterprise_configuration:974 -    Direct Sending Settings:
2025-08-17 21:50:29,304 - app.services.enhanced_replicator_service - INFO - _display_enterprise_configuration:975 -      - Max file size: 25MB
2025-08-17 21:50:29,304 - app.services.enhanced_replicator_service - INFO - _display_enterprise_configuration:976 -      - Auto compress: True
2025-08-17 21:50:29,304 - app.services.enhanced_replicator_service - INFO - _display_enterprise_configuration:977 -      - Compression quality: 75
2025-08-17 21:50:29,305 - app.services.enhanced_replicator_service - INFO - _display_enterprise_configuration:978 -      - Prefer direct: True
2025-08-17 21:50:29,305 - app.services.enhanced_replicator_service - INFO - _display_enterprise_configuration:979 -    Enterprise Services:
2025-08-17 21:50:29,305 - app.services.enhanced_replicator_service - INFO - _display_enterprise_configuration:980 -      - File Processor: ✅ Advanced
2025-08-17 21:50:29,305 - app.services.enhanced_replicator_service - INFO - _display_enterprise_configuration:981 -      - Watermark Service: ✅ Multi-tenant
2025-08-17 21:50:29,305 - app.services.enhanced_replicator_service - INFO - _display_enterprise_configuration:982 -      - Discord Sender: ✅ ENVÍO DIRECTO enabled
2025-08-17 21:50:29,305 - app.services.enhanced_replicator_service - INFO - _display_enterprise_configuration:983 -    Dependencies:
2025-08-17 21:50:29,305 - app.services.enhanced_replicator_service - INFO - _display_enterprise_configuration:984 -      - Telethon: ✅
2025-08-17 21:50:29,306 - app.services.enhanced_replicator_service - INFO - _display_enterprise_configuration:985 -      - PIL: ✅
2025-08-17 21:50:29,306 - app.services.enhanced_replicator_service - INFO - _display_enterprise_configuration:986 -      - PyMuPDF: ✅
2025-08-17 21:50:29,306 - app.services.enhanced_replicator_service - INFO - _display_enterprise_configuration:987 -      - aiohttp: ✅
2025-08-17 21:50:29,306 - main - INFO - lifespan:47 - ✅ Replicator service initialized
2025-08-17 21:50:29,306 - app.services.registry.service_registry - INFO - start_all:111 - Starting all registered services...
2025-08-17 21:50:29,306 - app.services.registry.service_registry - INFO - start_all:124 - ✅ Started 0/0 services
2025-08-17 21:50:29,307 - main - INFO - lifespan:59 - ✅ System ready!
2025-08-17 21:50:59,308 - app.services.enhanced_replicator_service - WARNING - _perform_health_checks:1329 - ⚠️ Low direct sending rate: 0.00%
2025-08-17 21:51:29,311 - app.services.enhanced_replicator_service - WARNING - _perform_health_checks:1329 - ⚠️ Low direct sending rate: 0.00%
2025-08-17 21:51:59,310 - app.services.enhanced_replicator_service - WARNING - _perform_health_checks:1329 - ⚠️ Low direct sending rate: 0.00%
2025-08-17 21:52:29,311 - app.services.enhanced_replicator_service - WARNING - _perform_health_checks:1329 - ⚠️ Low direct sending rate: 0.00%
2025-08-17 21:52:59,315 - app.services.enhanced_replicator_service - WARNING - _perform_health_checks:1329 - ⚠️ Low direct sending rate: 0.00%
2025-08-17 21:53:29,319 - app.services.enhanced_replicator_service - WARNING - _perform_health_checks:1329 - ⚠️ Low direct sending rate: 0.00%
2025-08-17 21:53:59,321 - app.services.enhanced_replicator_service - WARNING - _perform_health_checks:1329 - ⚠️ Low direct sending rate: 0.00%
2025-08-17 21:54:29,320 - app.services.enhanced_replicator_service - WARNING - _perform_health_checks:1329 - ⚠️ Low direct sending rate: 0.00%
2025-08-17 21:54:59,322 - app.services.enhanced_replicator_service - WARNING - _perform_health_checks:1329 - ⚠️ Low direct sending rate: 0.00%
2025-08-17 21:55:29,322 - app.services.enhanced_replicator_service - WARNING - _perform_health_checks:1329 - ⚠️ Low direct sending rate: 0.00%
2025-08-17 21:55:59,322 - app.services.enhanced_replicator_service - WARNING - _perform_health_checks:1329 - ⚠️ Low direct sending rate: 0.00%
2025-08-17 21:56:29,326 - app.services.enhanced_replicator_service - WARNING - _perform_health_checks:1329 - ⚠️ Low direct sending rate: 0.00%
2025-08-17 21:56:59,330 - app.services.enhanced_replicator_service - WARNING - _perform_health_checks:1329 - ⚠️ Low direct sending rate: 0.00%
2025-08-17 21:57:29,331 - app.services.enhanced_replicator_service - WARNING - _perform_health_checks:1329 - ⚠️ Low direct sending rate: 0.00%
2025-08-17 21:57:59,333 - app.services.enhanced_replicator_service - WARNING - _perform_health_checks:1329 - ⚠️ Low direct sending rate: 0.00%
2025-08-17 21:58:29,333 - app.services.enhanced_replicator_service - WARNING - _perform_health_checks:1329 - ⚠️ Low direct sending rate: 0.00%
2025-08-17 21:58:59,334 - app.services.enhanced_replicator_service - WARNING - _perform_health_checks:1329 - ⚠️ Low direct sending rate: 0.00%
2025-08-17 21:59:29,336 - app.services.enhanced_replicator_service - WARNING - _perform_health_checks:1329 - ⚠️ Low direct sending rate: 0.00%
2025-08-17 21:59:59,341 - app.services.enhanced_replicator_service - WARNING - _perform_health_checks:1329 - ⚠️ Low direct sending rate: 0.00%
2025-08-17 22:00:29,344 - app.services.enhanced_replicator_service - WARNING - _perform_health_checks:1329 - ⚠️ Low direct sending rate: 0.00%
2025-08-17 22:00:59,347 - app.services.enhanced_replicator_service - WARNING - _perform_health_checks:1329 - ⚠️ Low direct sending rate: 0.00%
2025-08-17 22:01:29,349 - app.services.enhanced_replicator_service - WARNING - _perform_health_checks:1329 - ⚠️ Low direct sending rate: 0.00%
2025-08-17 22:01:59,348 - app.services.enhanced_replicator_service - WARNING - _perform_health_checks:1329 - ⚠️ Low direct sending rate: 0.00%
2025-08-17 22:02:29,349 - app.services.enhanced_replicator_service - WARNING - _perform_health_checks:1329 - ⚠️ Low direct sending rate: 0.00%
2025-08-17 22:02:59,353 - app.services.enhanced_replicator_service - WARNING - _perform_health_checks:1329 - ⚠️ Low direct sending rate: 0.00%
2025-08-17 22:03:29,354 - app.services.enhanced_replicator_service - WARNING - _perform_health_checks:1329 - ⚠️ Low direct sending rate: 0.00%
2025-08-17 22:03:59,359 - app.services.enhanced_replicator_service - WARNING - _perform_health_checks:1329 - ⚠️ Low direct sending rate: 0.00%
2025-08-17 22:04:29,359 - app.services.enhanced_replicator_service - WARNING - _perform_health_checks:1329 - ⚠️ Low direct sending rate: 0.00%
2025-08-17 22:04:59,363 - app.services.enhanced_replicator_service - WARNING - _perform_health_checks:1329 - ⚠️ Low direct sending rate: 0.00%
2025-08-17 22:05:29,369 - app.services.enhanced_replicator_service - WARNING - _perform_health_checks:1329 - ⚠️ Low direct sending rate: 0.00%
2025-08-17 22:05:59,373 - app.services.enhanced_replicator_service - WARNING - _perform_health_checks:1329 - ⚠️ Low direct sending rate: 0.00%
2025-08-17 22:06:29,375 - app.services.enhanced_replicator_service - WARNING - _perform_health_checks:1329 - ⚠️ Low direct sending rate: 0.00%
2025-08-17 22:06:59,378 - app.services.enhanced_replicator_service - WARNING - _perform_health_checks:1329 - ⚠️ Low direct sending rate: 0.00%
2025-08-17 22:07:29,378 - app.services.enhanced_replicator_service - WARNING - _perform_health_checks:1329 - ⚠️ Low direct sending rate: 0.00%
2025-08-17 22:07:59,381 - app.services.enhanced_replicator_service - WARNING - _perform_health_checks:1329 - ⚠️ Low direct sending rate: 0.00%
2025-08-17 22:08:29,383 - app.services.enhanced_replicator_service - WARNING - _perform_health_checks:1329 - ⚠️ Low direct sending rate: 0.00%
2025-08-17 22:08:59,386 - app.services.enhanced_replicator_service - WARNING - _perform_health_checks:1329 - ⚠️ Low direct sending rate: 0.00%
2025-08-17 22:09:29,387 - app.services.enhanced_replicator_service - WARNING - _perform_health_checks:1329 - ⚠️ Low direct sending rate: 0.00%
2025-08-17 22:09:59,392 - app.services.enhanced_replicator_service - WARNING - _perform_health_checks:1329 - ⚠️ Low direct sending rate: 0.00%
2025-08-17 22:10:29,398 - app.services.enhanced_replicator_service - WARNING - _perform_health_checks:1329 - ⚠️ Low direct sending rate: 0.00%
2025-08-17 22:10:59,399 - app.services.enhanced_replicator_service - WARNING - _perform_health_checks:1329 - ⚠️ Low direct sending rate: 0.00%
2025-08-17 22:11:29,399 - app.services.enhanced_replicator_service - WARNING - _perform_health_checks:1329 - ⚠️ Low direct sending rate: 0.00%
2025-08-17 22:11:59,404 - app.services.enhanced_replicator_service - WARNING - _perform_health_checks:1329 - ⚠️ Low direct sending rate: 0.00%
2025-08-17 22:12:29,406 - app.services.enhanced_replicator_service - WARNING - _perform_health_checks:1329 - ⚠️ Low direct sending rate: 0.00%
2025-08-17 22:12:59,409 - app.services.enhanced_replicator_service - WARNING - _perform_health_checks:1329 - ⚠️ Low direct sending rate: 0.00%
2025-08-17 22:13:29,410 - app.services.enhanced_replicator_service - WARNING - _perform_health_checks:1329 - ⚠️ Low direct sending rate: 0.00%
2025-08-17 22:13:59,411 - app.services.enhanced_replicator_service - WARNING - _perform_health_checks:1329 - ⚠️ Low direct sending rate: 0.00%
2025-08-17 22:14:29,413 - app.services.enhanced_replicator_service - WARNING - _perform_health_checks:1329 - ⚠️ Low direct sending rate: 0.00%
2025-08-17 22:14:59,415 - app.services.enhanced_replicator_service - WARNING - _perform_health_checks:1329 - ⚠️ Low direct sending rate: 0.00%
2025-08-17 22:15:29,416 - app.services.enhanced_replicator_service - WARNING - _perform_health_checks:1329 - ⚠️ Low direct sending rate: 0.00%
2025-08-17 22:15:59,416 - app.services.enhanced_replicator_service - WARNING - _perform_health_checks:1329 - ⚠️ Low direct sending rate: 0.00%
2025-08-17 22:16:29,416 - app.services.enhanced_replicator_service - WARNING - _perform_health_checks:1329 - ⚠️ Low direct sending rate: 0.00%
2025-08-17 22:16:59,418 - app.services.enhanced_replicator_service - WARNING - _perform_health_checks:1329 - ⚠️ Low direct sending rate: 0.00%
2025-08-17 22:17:29,418 - app.services.enhanced_replicator_service - WARNING - _perform_health_checks:1329 - ⚠️ Low direct sending rate: 0.00%
2025-08-17 22:17:59,421 - app.services.enhanced_replicator_service - WARNING - _perform_health_checks:1329 - ⚠️ Low direct sending rate: 0.00%
2025-08-17 22:18:29,423 - app.services.enhanced_replicator_service - WARNING - _perform_health_checks:1329 - ⚠️ Low direct sending rate: 0.00%
2025-08-17 22:18:46,691 - app.services.discord_sender - INFO - send_message_with_file:310 - ✅ Archivo enviado DIRECTAMENTE: image_enterprise.jpg (0.1MB)
2025-08-17 22:18:46,692 - app.services.enhanced_replicator_service - INFO - _process_image_enterprise:731 - 🖼️ Enterprise image enviada DIRECTAMENTE para group -4989347027
2025-08-17 22:18:47,259 - app.services.discord_sender - INFO - send_message_with_file:310 - ✅ Archivo enviado DIRECTAMENTE: audio_20250817_221846.mp3 (0.0MB)
2025-08-17 22:18:47,259 - app.services.enhanced_replicator_service - INFO - _handle_audio_enterprise:605 - 🎵 Enterprise audio enviado DIRECTAMENTE: unknown_document
2025-08-17 22:18:53,585 - app.services.discord_sender - INFO - send_message_with_file:310 - ✅ Archivo enviado DIRECTAMENTE: video_enterprise.mp4 (3.0MB)
2025-08-17 22:18:53,586 - app.services.enhanced_replicator_service - INFO - _process_video_enterprise:825 - 🎬 Enterprise video enviado DIRECTAMENTE para group -4989347027
2025-08-17 22:18:59,424 - app.services.enhanced_replicator_service - WARNING - _perform_health_checks:1329 - ⚠️ Low direct sending rate: 60.00%
2025-08-17 22:19:29,427 - app.services.enhanced_replicator_service - WARNING - _perform_health_checks:1329 - ⚠️ Low direct sending rate: 60.00%
2025-08-17 22:19:59,434 - app.services.enhanced_replicator_service - WARNING - _perform_health_checks:1329 - ⚠️ Low direct sending rate: 60.00%
2025-08-17 22:20:29,434 - app.services.enhanced_replicator_service - WARNING - _perform_health_checks:1329 - ⚠️ Low direct sending rate: 60.00%
2025-08-17 22:20:59,435 - app.services.enhanced_replicator_service - WARNING - _perform_health_checks:1329 - ⚠️ Low direct sending rate: 60.00%
2025-08-17 22:21:29,435 - app.services.enhanced_replicator_service - WARNING - _perform_health_checks:1329 - ⚠️ Low direct sending rate: 60.00%
2025-08-17 22:21:59,435 - app.services.enhanced_replicator_service - WARNING - _perform_health_checks:1329 - ⚠️ Low direct sending rate: 60.00%
2025-08-17 22:22:29,435 - app.services.enhanced_replicator_service - WARNING - _perform_health_checks:1329 - ⚠️ Low direct sending rate: 60.00%
2025-08-17 22:22:59,435 - app.services.enhanced_replicator_service - WARNING - _perform_health_checks:1329 - ⚠️ Low direct sending rate: 60.00%
2025-08-17 22:23:29,440 - app.services.enhanced_replicator_service - WARNING - _perform_health_checks:1329 - ⚠️ Low direct sending rate: 60.00%
2025-08-17 22:23:59,443 - app.services.enhanced_replicator_service - WARNING - _perform_health_checks:1329 - ⚠️ Low direct sending rate: 60.00%
2025-08-17 22:24:29,444 - app.services.enhanced_replicator_service - WARNING - _perform_health_checks:1329 - ⚠️ Low direct sending rate: 60.00%
2025-08-17 22:24:59,444 - app.services.enhanced_replicator_service - WARNING - _perform_health_checks:1329 - ⚠️ Low direct sending rate: 60.00%
2025-08-17 22:25:29,444 - app.services.enhanced_replicator_service - WARNING - _perform_health_checks:1329 - ⚠️ Low direct sending rate: 60.00%
2025-08-17 22:25:59,444 - app.services.enhanced_replicator_service - WARNING - _perform_health_checks:1329 - ⚠️ Low direct sending rate: 60.00%
2025-08-17 22:26:29,445 - app.services.enhanced_replicator_service - WARNING - _perform_health_checks:1329 - ⚠️ Low direct sending rate: 60.00%
2025-08-17 22:26:59,447 - app.services.enhanced_replicator_service - WARNING - _perform_health_checks:1329 - ⚠️ Low direct sending rate: 60.00%
2025-08-17 22:27:29,451 - app.services.enhanced_replicator_service - WARNING - _perform_health_checks:1329 - ⚠️ Low direct sending rate: 60.00%
2025-08-17 22:27:59,452 - app.services.enhanced_replicator_service - WARNING - _perform_health_checks:1329 - ⚠️ Low direct sending rate: 60.00%
2025-08-17 22:28:29,456 - app.services.enhanced_replicator_service - WARNING - _perform_health_checks:1329 - ⚠️ Low direct sending rate: 60.00%
2025-08-17 22:28:59,456 - app.services.enhanced_replicator_service - WARNING - _perform_health_checks:1329 - ⚠️ Low direct sending rate: 60.00%
2025-08-17 22:29:29,461 - app.services.enhanced_replicator_service - WARNING - _perform_health_checks:1329 - ⚠️ Low direct sending rate: 60.00%
2025-08-17 22:29:59,462 - app.services.enhanced_replicator_service - WARNING - _perform_health_checks:1329 - ⚠️ Low direct sending rate: 60.00%
2025-08-17 22:30:29,463 - app.services.enhanced_replicator_service - WARNING - _perform_health_checks:1329 - ⚠️ Low direct sending rate: 60.00%
2025-08-17 22:30:59,465 - app.services.enhanced_replicator_service - WARNING - _perform_health_checks:1329 - ⚠️ Low direct sending rate: 60.00%
2025-08-17 22:31:29,467 - app.services.enhanced_replicator_service - WARNING - _perform_health_checks:1329 - ⚠️ Low direct sending rate: 60.00%
2025-08-17 22:31:59,472 - app.services.enhanced_replicator_service - WARNING - _perform_health_checks:1329 - ⚠️ Low direct sending rate: 60.00%
2025-08-17 22:32:29,472 - app.services.enhanced_replicator_service - WARNING - _perform_health_checks:1329 - ⚠️ Low direct sending rate: 60.00%
2025-08-17 22:32:59,473 - app.services.enhanced_replicator_service - WARNING - _perform_health_checks:1329 - ⚠️ Low direct sending rate: 60.00%
2025-08-17 22:33:29,474 - app.services.enhanced_replicator_service - WARNING - _perform_health_checks:1329 - ⚠️ Low direct sending rate: 60.00%
2025-08-17 22:33:59,475 - app.services.enhanced_replicator_service - WARNING - _perform_health_checks:1329 - ⚠️ Low direct sending rate: 60.00%
2025-08-17 22:34:29,476 - app.services.enhanced_replicator_service - WARNING - _perform_health_checks:1329 - ⚠️ Low direct sending rate: 60.00%
2025-08-17 22:34:59,477 - app.services.enhanced_replicator_service - WARNING - _perform_health_checks:1329 - ⚠️ Low direct sending rate: 60.00%
2025-08-17 22:35:29,481 - app.services.enhanced_replicator_service - WARNING - _perform_health_checks:1329 - ⚠️ Low direct sending rate: 60.00%
2025-08-17 22:35:59,481 - app.services.enhanced_replicator_service - WARNING - _perform_health_checks:1329 - ⚠️ Low direct sending rate: 60.00%
2025-08-17 22:36:29,485 - app.services.enhanced_replicator_service - WARNING - _perform_health_checks:1329 - ⚠️ Low direct sending rate: 60.00%
2025-08-17 22:36:59,485 - app.services.enhanced_replicator_service - WARNING - _perform_health_checks:1329 - ⚠️ Low direct sending rate: 60.00%
2025-08-17 22:37:29,485 - app.services.enhanced_replicator_service - WARNING - _perform_health_checks:1329 - ⚠️ Low direct sending rate: 60.00%
2025-08-17 22:37:59,493 - app.services.enhanced_replicator_service - WARNING - _perform_health_checks:1329 - ⚠️ Low direct sending rate: 60.00%
2025-08-17 22:38:29,497 - app.services.enhanced_replicator_service - WARNING - _perform_health_checks:1329 - ⚠️ Low direct sending rate: 60.00%
2025-08-17 22:38:59,496 - app.services.enhanced_replicator_service - WARNING - _perform_health_checks:1329 - ⚠️ Low direct sending rate: 60.00%
2025-08-17 22:39:29,501 - app.services.enhanced_replicator_service - WARNING - _perform_health_checks:1329 - ⚠️ Low direct sending rate: 60.00%
2025-08-17 22:39:59,510 - app.services.enhanced_replicator_service - WARNING - _perform_health_checks:1329 - ⚠️ Low direct sending rate: 60.00%
2025-08-17 22:40:29,517 - app.services.enhanced_replicator_service - WARNING - _perform_health_checks:1329 - ⚠️ Low direct sending rate: 60.00%
2025-08-17 22:40:59,522 - app.services.enhanced_replicator_service - WARNING - _perform_health_checks:1329 - ⚠️ Low direct sending rate: 60.00%
2025-08-17 22:41:29,522 - app.services.enhanced_replicator_service - WARNING - _perform_health_checks:1329 - ⚠️ Low direct sending rate: 60.00%
2025-08-17 22:41:59,523 - app.services.enhanced_replicator_service - WARNING - _perform_health_checks:1329 - ⚠️ Low direct sending rate: 60.00%
2025-08-17 22:42:29,523 - app.services.enhanced_replicator_service - WARNING - _perform_health_checks:1329 - ⚠️ Low direct sending rate: 60.00%
2025-08-17 22:42:59,528 - app.services.enhanced_replicator_service - WARNING - _perform_health_checks:1329 - ⚠️ Low direct sending rate: 60.00%
2025-08-17 22:43:29,529 - app.services.enhanced_replicator_service - WARNING - _perform_health_checks:1329 - ⚠️ Low direct sending rate: 60.00%
2025-08-17 22:43:59,532 - app.services.enhanced_replicator_service - WARNING - _perform_health_checks:1329 - ⚠️ Low direct sending rate: 60.00%
2025-08-17 22:44:29,533 - app.services.enhanced_replicator_service - WARNING - _perform_health_checks:1329 - ⚠️ Low direct sending rate: 60.00%
2025-08-17 22:44:59,532 - app.services.enhanced_replicator_service - WARNING - _perform_health_checks:1329 - ⚠️ Low direct sending rate: 60.00%
2025-08-17 22:45:29,534 - app.services.enhanced_replicator_service - WARNING - _perform_health_checks:1329 - ⚠️ Low direct sending rate: 60.00%
2025-08-17 22:45:59,537 - app.services.enhanced_replicator_service - WARNING - _perform_health_checks:1329 - ⚠️ Low direct sending rate: 60.00%
2025-08-17 22:46:29,539 - app.services.enhanced_replicator_service - WARNING - _perform_health_checks:1329 - ⚠️ Low direct sending rate: 60.00%
2025-08-17 22:46:59,542 - app.services.enhanced_replicator_service - WARNING - _perform_health_checks:1329 - ⚠️ Low direct sending rate: 60.00%
2025-08-17 22:47:29,541 - app.services.enhanced_replicator_service - WARNING - _perform_health_checks:1329 - ⚠️ Low direct sending rate: 60.00%
2025-08-17 22:47:59,541 - app.services.enhanced_replicator_service - WARNING - _perform_health_checks:1329 - ⚠️ Low direct sending rate: 60.00%
2025-08-17 22:48:29,544 - app.services.enhanced_replicator_service - WARNING - _perform_health_checks:1329 - ⚠️ Low direct sending rate: 60.00%
2025-08-17 23:58:34,008 - app.services.enhanced_replicator_service - WARNING - _perform_health_checks:1329 - ⚠️ Low direct sending rate: 60.00%
2025-08-18 00:13:42,499 - app.services.enhanced_replicator_service - WARNING - _perform_health_checks:1329 - ⚠️ Low direct sending rate: 60.00%
2025-08-18 07:00:04,570 - app.services.enhanced_replicator_service - WARNING - _perform_health_checks:1329 - ⚠️ Low direct sending rate: 60.00%
2025-08-18 07:00:34,843 - app.services.enhanced_replicator_service - WARNING - _perform_health_checks:1329 - ⚠️ Low direct sending rate: 60.00%
2025-08-18 07:42:14,016 - app.services.enhanced_replicator_service - WARNING - _perform_health_checks:1329 - ⚠️ Low direct sending rate: 60.00%
2025-08-18 07:42:43,827 - app.services.enhanced_replicator_service - WARNING - _perform_health_checks:1329 - ⚠️ Low direct sending rate: 60.00%
2025-08-18 08:52:55,003 - app.services.enhanced_replicator_service - WARNING - _perform_health_checks:1329 - ⚠️ Low direct sending rate: 60.00%
2025-08-18 09:08:01,819 - app.services.enhanced_replicator_service - WARNING - _perform_health_checks:1329 - ⚠️ Low direct sending rate: 60.00%
2025-08-18 11:22:45,181 - app.services.enhanced_replicator_service - WARNING - _perform_health_checks:1329 - ⚠️ Low direct sending rate: 60.00%
2025-08-18 11:23:16,134 - app.services.enhanced_replicator_service - WARNING - _perform_health_checks:1329 - ⚠️ Low direct sending rate: 60.00%
2025-08-18 11:23:46,137 - app.services.enhanced_replicator_service - WARNING - _perform_health_checks:1329 - ⚠️ Low direct sending rate: 60.00%
2025-08-18 11:24:16,137 - app.services.enhanced_replicator_service - WARNING - _perform_health_checks:1329 - ⚠️ Low direct sending rate: 60.00%
2025-08-18 11:24:46,141 - app.services.enhanced_replicator_service - WARNING - _perform_health_checks:1329 - ⚠️ Low direct sending rate: 60.00%
2025-08-18 11:25:16,142 - app.services.enhanced_replicator_service - WARNING - _perform_health_checks:1329 - ⚠️ Low direct sending rate: 60.00%
2025-08-18 11:25:46,143 - app.services.enhanced_replicator_service - WARNING - _perform_health_checks:1329 - ⚠️ Low direct sending rate: 60.00%
2025-08-18 11:26:16,144 - app.services.enhanced_replicator_service - WARNING - _perform_health_checks:1329 - ⚠️ Low direct sending rate: 60.00%
2025-08-18 11:26:46,145 - app.services.enhanced_replicator_service - WARNING - _perform_health_checks:1329 - ⚠️ Low direct sending rate: 60.00%
2025-08-18 11:27:16,222 - app.services.enhanced_replicator_service - WARNING - _perform_health_checks:1329 - ⚠️ Low direct sending rate: 60.00%
2025-08-18 11:27:46,224 - app.services.enhanced_replicator_service - WARNING - _perform_health_checks:1329 - ⚠️ Low direct sending rate: 60.00%
2025-08-18 11:28:16,227 - app.services.enhanced_replicator_service - WARNING - _perform_health_checks:1329 - ⚠️ Low direct sending rate: 60.00%
2025-08-18 11:28:46,230 - app.services.enhanced_replicator_service - WARNING - _perform_health_checks:1329 - ⚠️ Low direct sending rate: 60.00%
2025-08-18 11:29:16,233 - app.services.enhanced_replicator_service - WARNING - _perform_health_checks:1329 - ⚠️ Low direct sending rate: 60.00%
2025-08-18 11:29:46,235 - app.services.enhanced_replicator_service - WARNING - _perform_health_checks:1329 - ⚠️ Low direct sending rate: 60.00%
2025-08-18 11:30:16,239 - app.services.enhanced_replicator_service - WARNING - _perform_health_checks:1329 - ⚠️ Low direct sending rate: 60.00%
2025-08-18 11:30:46,240 - app.services.enhanced_replicator_service - WARNING - _perform_health_checks:1329 - ⚠️ Low direct sending rate: 60.00%
2025-08-18 11:31:16,245 - app.services.enhanced_replicator_service - WARNING - _perform_health_checks:1329 - ⚠️ Low direct sending rate: 60.00%
2025-08-18 11:31:46,246 - app.services.enhanced_replicator_service - WARNING - _perform_health_checks:1329 - ⚠️ Low direct sending rate: 60.00%
2025-08-18 11:32:16,250 - app.services.enhanced_replicator_service - WARNING - _perform_health_checks:1329 - ⚠️ Low direct sending rate: 60.00%
2025-08-18 11:32:46,253 - app.services.enhanced_replicator_service - WARNING - _perform_health_checks:1329 - ⚠️ Low direct sending rate: 60.00%
2025-08-18 11:33:16,254 - app.services.enhanced_replicator_service - WARNING - _perform_health_checks:1329 - ⚠️ Low direct sending rate: 60.00%
2025-08-18 11:33:46,256 - app.services.enhanced_replicator_service - WARNING - _perform_health_checks:1329 - ⚠️ Low direct sending rate: 60.00%
2025-08-18 11:34:02,604 - main - INFO - lifespan:64 - 🛑 Shutting down...
2025-08-18 11:34:02,607 - app.services.registry.service_registry - INFO - stop_all:128 - Stopping all services...
2025-08-18 11:34:02,609 - app.services.registry.service_registry - INFO - stop_all:139 - ✅ All services stopped
2025-08-18 11:34:02,609 - main - INFO - lifespan:73 - ✅ Shutdown complete
