2025-08-10 08:12:59,524 - __main__ - INFO - start_services:48 - 🚀 Starting Zero Cost Architecture...
2025-08-10 08:12:59,525 - __main__ - INFO - start_services:51 - 📦 Starting File Processor Microservice...
2025-08-10 08:13:00,231 - app.services.file_processor_v2 - INFO - initialize:373 - ✅ File Processor initialized with 2 workers
2025-08-10 08:13:00,232 - __main__ - INFO - start_services:57 - 🔄 Starting Enhanced Replicator Service...
2025-08-10 08:13:00,599 - app.services.file_processor - INFO - __init__:386 - 🚀 File Processor Enterprise inicializado
2025-08-10 08:13:00,599 - app.services.watermark_service - INFO - __init__:97 - 🎨 Watermark Service Enterprise inicializado
2025-08-10 08:13:00,599 - app.services.discord_sender - INFO - __init__:166 - 🚀 Discord Sender Enterprise inicializado
2025-08-10 08:13:00,599 - app.services.enhanced_replicator_service - INFO - __init__:147 - 🚀 Enhanced Replicator Service v3.0 Enterprise initialized
2025-08-10 08:13:00,599 - app.services.integration_bridge - INFO - initialize:59 - ✅ Using new microservice architecture
2025-08-10 08:13:00,599 - app.services.enhanced_replicator_service - INFO - initialize:157 - 🔧 Initializing Enhanced Replicator Service Enterprise...
2025-08-10 08:13:00,599 - app.services.enhanced_replicator_service - INFO - _verify_dependencies:203 - 🔍 Enterprise dependency verification:
2025-08-10 08:13:00,600 - app.services.enhanced_replicator_service - INFO - _verify_dependencies:207 -    telethon: ✅ Available
2025-08-10 08:13:00,600 - app.services.enhanced_replicator_service - WARNING - _verify_dependencies:207 -    telethon_video_support: ❌ Missing
2025-08-10 08:13:00,600 - app.services.enhanced_replicator_service - INFO - _verify_dependencies:207 -    aiohttp: ✅ Available
2025-08-10 08:13:00,600 - app.services.enhanced_replicator_service - INFO - _verify_dependencies:207 -    pil: ✅ Available
2025-08-10 08:13:00,600 - app.services.enhanced_replicator_service - INFO - _verify_dependencies:207 -    pymupdf: ✅ Available
2025-08-10 08:13:00,600 - app.services.enhanced_replicator_service - INFO - _verify_dependencies:211 -    📹 Video handling: Using document-based detection
2025-08-10 08:13:00,600 - app.services.enhanced_replicator_service - INFO - _initialize_telegram:228 - 📱 Connecting to Telegram Enterprise...
2025-08-10 08:13:00,606 - app.services.file_processor_v2 - INFO - _processing_loop:441 - 🔄 Processing loop started
2025-08-10 08:13:01,812 - app.services.enhanced_replicator_service - INFO - _initialize_telegram:255 - ✅ Telegram Enterprise connected: Ja (@no_username)
2025-08-10 08:13:01,812 - app.services.integration_bridge - INFO - initialize:59 - ✅ Using new microservice architecture
2025-08-10 08:13:01,812 - app.services.enhanced_replicator_service - INFO - _initialize_enterprise_services:277 - ✅ File Processor Enterprise initialized
2025-08-10 08:13:01,813 - app.services.watermark_service - INFO - _load_configurations:131 - 📁 Cargadas 1 configuraciones
2025-08-10 08:13:01,827 - app.services.watermark_service - INFO - _preload_fonts:189 - 🔤 Precargadas 6 fuentes
2025-08-10 08:13:01,827 - app.services.watermark_service - INFO - initialize:111 - ✅ Watermark Service Enterprise inicializado correctamente
2025-08-10 08:13:01,827 - app.services.watermark_service - INFO - initialize:112 -    Grupos configurados: 1
2025-08-10 08:13:01,827 - app.services.watermark_service - INFO - initialize:113 -    PIL disponible: ✅
2025-08-10 08:13:01,828 - app.services.enhanced_replicator_service - INFO - _initialize_enterprise_services:277 - ✅ Watermark Service Enterprise initialized
2025-08-10 08:13:01,828 - app.services.discord_sender - INFO - initialize:189 - ✅ Discord Sender Enterprise inicializado correctamente
2025-08-10 08:13:01,828 - app.services.enhanced_replicator_service - INFO - _initialize_enterprise_services:277 - ✅ Discord Sender Enterprise initialized
2025-08-10 08:13:01,828 - app.services.enhanced_replicator_service - INFO - _setup_enterprise_event_handlers:319 - 📡 Enterprise event handlers configured
2025-08-10 08:13:01,828 - app.services.enhanced_replicator_service - INFO - _start_background_tasks:668 - 🔄 Enterprise background tasks started
2025-08-10 08:13:01,828 - app.services.enhanced_replicator_service - INFO - initialize:181 - ✅ Enhanced Replicator Service Enterprise initialized successfully
2025-08-10 08:13:01,828 - app.services.enhanced_replicator_service - INFO - _display_enterprise_configuration:741 - 📊 Enterprise Configuration:
2025-08-10 08:13:01,828 - app.services.enhanced_replicator_service - INFO - _display_enterprise_configuration:742 -    Groups configured: 2
2025-08-10 08:13:01,829 - app.services.enhanced_replicator_service - INFO - _display_enterprise_configuration:743 -    Max concurrent processing: 10
2025-08-10 08:13:01,829 - app.services.enhanced_replicator_service - INFO - _display_enterprise_configuration:744 -    Circuit breaker threshold: 5
2025-08-10 08:13:01,829 - app.services.enhanced_replicator_service - INFO - _display_enterprise_configuration:745 -    Processing timeout: 300s
2025-08-10 08:13:01,829 - app.services.enhanced_replicator_service - INFO - _display_enterprise_configuration:746 -    Enterprise Services:
2025-08-10 08:13:01,829 - app.services.enhanced_replicator_service - INFO - _display_enterprise_configuration:747 -      - File Processor: ✅ Advanced
2025-08-10 08:13:01,829 - app.services.enhanced_replicator_service - INFO - _display_enterprise_configuration:748 -      - Watermark Service: ✅ Multi-tenant
2025-08-10 08:13:01,829 - app.services.enhanced_replicator_service - INFO - _display_enterprise_configuration:749 -      - Discord Sender: ✅ Circuit breaker enabled
2025-08-10 08:13:01,829 - app.services.enhanced_replicator_service - INFO - _display_enterprise_configuration:750 -    Dependencies:
2025-08-10 08:13:01,829 - app.services.enhanced_replicator_service - INFO - _display_enterprise_configuration:751 -      - Telethon: ✅
2025-08-10 08:13:01,829 - app.services.enhanced_replicator_service - INFO - _display_enterprise_configuration:752 -      - PIL: ✅
2025-08-10 08:13:01,830 - app.services.enhanced_replicator_service - INFO - _display_enterprise_configuration:753 -      - PyMuPDF: ✅
2025-08-10 08:13:01,830 - app.services.enhanced_replicator_service - INFO - _display_enterprise_configuration:754 -      - aiohttp: ✅
2025-08-10 08:13:01,830 - app.services.integration_bridge - INFO - initialize:208 - ✅ Enhanced Replicator Service V2 initialized
2025-08-10 08:13:01,830 - __main__ - INFO - start_services:64 - 📤 Starting Discord Sender...
2025-08-10 08:13:01,830 - app.services.discord_sender - INFO - __init__:166 - 🚀 Discord Sender Enterprise inicializado
2025-08-10 08:13:01,830 - app.services.discord_sender - INFO - initialize:189 - ✅ Discord Sender Enterprise inicializado correctamente
2025-08-10 08:13:01,830 - __main__ - INFO - start_services:71 - 🎨 Starting Watermark Service...
2025-08-10 08:13:01,830 - app.services.watermark_service - INFO - __init__:97 - 🎨 Watermark Service Enterprise inicializado
2025-08-10 08:13:01,831 - app.services.watermark_service - INFO - _load_configurations:131 - 📁 Cargadas 1 configuraciones
2025-08-10 08:13:01,837 - app.services.watermark_service - INFO - _preload_fonts:189 - 🔤 Precargadas 6 fuentes
2025-08-10 08:13:01,838 - app.services.watermark_service - INFO - initialize:111 - ✅ Watermark Service Enterprise inicializado correctamente
2025-08-10 08:13:01,838 - app.services.watermark_service - INFO - initialize:112 -    Grupos configurados: 1
2025-08-10 08:13:01,838 - app.services.watermark_service - INFO - initialize:113 -    PIL disponible: ✅
2025-08-10 08:13:01,838 - __main__ - INFO - start_services:79 - 📊 Starting Web Dashboard...
2025-08-10 08:13:01,844 - __main__ - INFO - start_services:90 - ✅ All services started successfully!
2025-08-10 08:13:42,297 - app.services.enhanced_replicator_service - INFO - _process_image_enterprise:576 - 🖼️ Enterprise image processed for group -4989347027
2025-08-10 08:13:52,077 - app.services.enhanced_replicator_service - ERROR - _handle_audio_enterprise:510 - ❌ Enterprise audio handling error: FileProcessorBridge.process_audio() takes 3 positional arguments but 4 were given
2025-08-10 08:13:57,117 - app.services.enhanced_replicator_service - ERROR - _process_video_enterprise:616 - ❌ Enterprise video processing error: FileProcessorBridge.process_video() takes 3 positional arguments but 4 were given
2025-08-10 08:13:57,118 - app.services.enhanced_replicator_service - ERROR - _process_message_enterprise:339 - ❌ Enterprise message processing failed: FileProcessorBridge.process_video() takes 3 positional arguments but 4 were given
2025-08-10 08:13:57,118 - app.services.enhanced_replicator_service - ERROR - handle_enterprise_message:313 - ❌ Enterprise message processing error: FileProcessorBridge.process_video() takes 3 positional arguments but 4 were given
2025-08-10 08:13:57,118 - app.services.enhanced_replicator_service - ERROR - _handle_processing_error:732 - ❌ Processing error for group -4989347027: FileProcessorBridge.process_video() takes 3 positional arguments but 4 were given
2025-08-10 08:13:58,610 - app.services.enhanced_replicator_service - ERROR - _handle_pdf_enterprise:467 - ❌ Enterprise PDF handling error: FileProcessorBridge.process_pdf() takes 3 positional arguments but 4 were given
2025-08-10 08:14:01,850 - app.services.enhanced_replicator_service - WARNING - _perform_health_checks:1055 - ⚠️ High error rate: 60.00%
2025-08-10 08:14:31,851 - app.services.enhanced_replicator_service - WARNING - _perform_health_checks:1055 - ⚠️ High error rate: 60.00%
2025-08-10 08:15:01,856 - app.services.enhanced_replicator_service - WARNING - _perform_health_checks:1055 - ⚠️ High error rate: 60.00%
2025-08-10 08:15:04,907 - __main__ - INFO - monitoring_loop:200 - 📊 System: CPU 10.8% | RAM 49.1% | Disk 2.3%
2025-08-10 08:15:31,857 - app.services.enhanced_replicator_service - WARNING - _perform_health_checks:1055 - ⚠️ High error rate: 60.00%
2025-08-10 08:16:01,860 - app.services.enhanced_replicator_service - WARNING - _perform_health_checks:1055 - ⚠️ High error rate: 60.00%
2025-08-10 08:16:31,861 - app.services.enhanced_replicator_service - WARNING - _perform_health_checks:1055 - ⚠️ High error rate: 60.00%
2025-08-10 08:17:01,867 - app.services.enhanced_replicator_service - WARNING - _perform_health_checks:1055 - ⚠️ High error rate: 60.00%
2025-08-10 08:17:31,871 - app.services.enhanced_replicator_service - WARNING - _perform_health_checks:1055 - ⚠️ High error rate: 60.00%
2025-08-10 08:18:01,873 - app.services.enhanced_replicator_service - WARNING - _perform_health_checks:1055 - ⚠️ High error rate: 60.00%
2025-08-10 08:18:31,874 - app.services.enhanced_replicator_service - WARNING - _perform_health_checks:1055 - ⚠️ High error rate: 60.00%
2025-08-10 08:19:01,875 - app.services.enhanced_replicator_service - WARNING - _perform_health_checks:1055 - ⚠️ High error rate: 60.00%
2025-08-10 08:19:31,876 - app.services.enhanced_replicator_service - WARNING - _perform_health_checks:1055 - ⚠️ High error rate: 60.00%
2025-08-10 08:20:01,877 - app.services.enhanced_replicator_service - WARNING - _perform_health_checks:1055 - ⚠️ High error rate: 60.00%
2025-08-10 08:20:09,924 - __main__ - INFO - monitoring_loop:200 - 📊 System: CPU 11.9% | RAM 52.0% | Disk 2.3%
2025-08-10 08:20:31,878 - app.services.enhanced_replicator_service - WARNING - _perform_health_checks:1055 - ⚠️ High error rate: 60.00%
2025-08-10 08:21:01,883 - app.services.enhanced_replicator_service - WARNING - _perform_health_checks:1055 - ⚠️ High error rate: 60.00%
2025-08-10 08:21:31,887 - app.services.enhanced_replicator_service - WARNING - _perform_health_checks:1055 - ⚠️ High error rate: 60.00%
2025-08-10 08:22:01,892 - app.services.enhanced_replicator_service - WARNING - _perform_health_checks:1055 - ⚠️ High error rate: 60.00%
2025-08-10 08:22:31,896 - app.services.enhanced_replicator_service - WARNING - _perform_health_checks:1055 - ⚠️ High error rate: 60.00%
2025-08-10 08:23:01,898 - app.services.enhanced_replicator_service - WARNING - _perform_health_checks:1055 - ⚠️ High error rate: 60.00%
2025-08-10 08:23:31,901 - app.services.enhanced_replicator_service - WARNING - _perform_health_checks:1055 - ⚠️ High error rate: 60.00%
2025-08-10 08:24:01,906 - app.services.enhanced_replicator_service - WARNING - _perform_health_checks:1055 - ⚠️ High error rate: 60.00%
2025-08-10 08:24:31,909 - app.services.enhanced_replicator_service - WARNING - _perform_health_checks:1055 - ⚠️ High error rate: 60.00%
2025-08-10 08:25:01,914 - app.services.enhanced_replicator_service - WARNING - _perform_health_checks:1055 - ⚠️ High error rate: 60.00%
2025-08-10 08:25:14,972 - __main__ - INFO - monitoring_loop:200 - 📊 System: CPU 57.4% | RAM 54.5% | Disk 2.3%
2025-08-10 08:25:31,915 - app.services.enhanced_replicator_service - WARNING - _perform_health_checks:1055 - ⚠️ High error rate: 60.00%
2025-08-10 08:26:01,919 - app.services.enhanced_replicator_service - WARNING - _perform_health_checks:1055 - ⚠️ High error rate: 60.00%
2025-08-10 08:26:31,921 - app.services.enhanced_replicator_service - WARNING - _perform_health_checks:1055 - ⚠️ High error rate: 60.00%
2025-08-10 08:27:01,922 - __main__ - INFO - start_services:48 - 🚀 Starting Zero Cost Architecture...
2025-08-10 08:27:01,922 - __main__ - INFO - start_services:51 - 📦 Starting File Processor Microservice...
2025-08-10 08:27:02,259 - app.services.file_processor_v2 - INFO - initialize:373 - ✅ File Processor initialized with 2 workers
2025-08-10 08:27:02,260 - __main__ - INFO - start_services:57 - 🔄 Starting Enhanced Replicator Service...
2025-08-10 08:27:02,486 - app.services.file_processor - INFO - __init__:411 - 🚀 File Processor Enterprise inicializado
2025-08-10 08:27:02,486 - app.services.watermark_service - INFO - __init__:97 - 🎨 Watermark Service Enterprise inicializado
2025-08-10 08:27:02,487 - app.services.discord_sender - INFO - __init__:166 - 🚀 Discord Sender Enterprise inicializado
2025-08-10 08:27:02,487 - app.services.enhanced_replicator_service - INFO - __init__:147 - 🚀 Enhanced Replicator Service v3.0 Enterprise initialized
2025-08-10 08:27:02,487 - app.services.integration_bridge - INFO - initialize:59 - ✅ Using new microservice architecture
2025-08-10 08:27:02,487 - app.services.enhanced_replicator_service - INFO - initialize:157 - 🔧 Initializing Enhanced Replicator Service Enterprise...
2025-08-10 08:27:02,487 - app.services.enhanced_replicator_service - INFO - _verify_dependencies:203 - 🔍 Enterprise dependency verification:
2025-08-10 08:27:02,487 - app.services.enhanced_replicator_service - INFO - _verify_dependencies:207 -    telethon: ✅ Available
2025-08-10 08:27:02,487 - app.services.enhanced_replicator_service - WARNING - _verify_dependencies:207 -    telethon_video_support: ❌ Missing
2025-08-10 08:27:02,487 - app.services.enhanced_replicator_service - INFO - _verify_dependencies:207 -    aiohttp: ✅ Available
2025-08-10 08:27:02,487 - app.services.enhanced_replicator_service - INFO - _verify_dependencies:207 -    pil: ✅ Available
2025-08-10 08:27:02,488 - app.services.enhanced_replicator_service - INFO - _verify_dependencies:207 -    pymupdf: ✅ Available
2025-08-10 08:27:02,488 - app.services.enhanced_replicator_service - INFO - _verify_dependencies:211 -    📹 Video handling: Using document-based detection
2025-08-10 08:27:02,488 - app.services.enhanced_replicator_service - INFO - _initialize_telegram:228 - 📱 Connecting to Telegram Enterprise...
2025-08-10 08:27:02,491 - app.services.file_processor_v2 - INFO - _processing_loop:441 - 🔄 Processing loop started
2025-08-10 08:27:03,433 - app.services.enhanced_replicator_service - INFO - _initialize_telegram:255 - ✅ Telegram Enterprise connected: Ja (@no_username)
2025-08-10 08:27:03,434 - app.services.integration_bridge - INFO - initialize:59 - ✅ Using new microservice architecture
2025-08-10 08:27:03,434 - app.services.enhanced_replicator_service - INFO - _initialize_enterprise_services:277 - ✅ File Processor Enterprise initialized
2025-08-10 08:27:03,434 - app.services.watermark_service - INFO - _load_configurations:131 - 📁 Cargadas 1 configuraciones
2025-08-10 08:27:03,448 - app.services.watermark_service - INFO - _preload_fonts:189 - 🔤 Precargadas 6 fuentes
2025-08-10 08:27:03,448 - app.services.watermark_service - INFO - initialize:111 - ✅ Watermark Service Enterprise inicializado correctamente
2025-08-10 08:27:03,448 - app.services.watermark_service - INFO - initialize:112 -    Grupos configurados: 1
2025-08-10 08:27:03,449 - app.services.watermark_service - INFO - initialize:113 -    PIL disponible: ✅
2025-08-10 08:27:03,449 - app.services.enhanced_replicator_service - INFO - _initialize_enterprise_services:277 - ✅ Watermark Service Enterprise initialized
2025-08-10 08:27:03,449 - app.services.discord_sender - INFO - initialize:189 - ✅ Discord Sender Enterprise inicializado correctamente
2025-08-10 08:27:03,449 - app.services.enhanced_replicator_service - INFO - _initialize_enterprise_services:277 - ✅ Discord Sender Enterprise initialized
2025-08-10 08:27:03,449 - app.services.enhanced_replicator_service - INFO - _setup_enterprise_event_handlers:319 - 📡 Enterprise event handlers configured
2025-08-10 08:27:03,450 - app.services.enhanced_replicator_service - INFO - _start_background_tasks:668 - 🔄 Enterprise background tasks started
2025-08-10 08:27:03,450 - app.services.enhanced_replicator_service - INFO - initialize:181 - ✅ Enhanced Replicator Service Enterprise initialized successfully
2025-08-10 08:27:03,450 - app.services.enhanced_replicator_service - INFO - _display_enterprise_configuration:741 - 📊 Enterprise Configuration:
2025-08-10 08:27:03,450 - app.services.enhanced_replicator_service - INFO - _display_enterprise_configuration:742 -    Groups configured: 2
2025-08-10 08:27:03,450 - app.services.enhanced_replicator_service - INFO - _display_enterprise_configuration:743 -    Max concurrent processing: 10
2025-08-10 08:27:03,450 - app.services.enhanced_replicator_service - INFO - _display_enterprise_configuration:744 -    Circuit breaker threshold: 5
2025-08-10 08:27:03,450 - app.services.enhanced_replicator_service - INFO - _display_enterprise_configuration:745 -    Processing timeout: 300s
2025-08-10 08:27:03,450 - app.services.enhanced_replicator_service - INFO - _display_enterprise_configuration:746 -    Enterprise Services:
2025-08-10 08:27:03,450 - app.services.enhanced_replicator_service - INFO - _display_enterprise_configuration:747 -      - File Processor: ✅ Advanced
2025-08-10 08:27:03,451 - app.services.enhanced_replicator_service - INFO - _display_enterprise_configuration:748 -      - Watermark Service: ✅ Multi-tenant
2025-08-10 08:27:03,451 - app.services.enhanced_replicator_service - INFO - _display_enterprise_configuration:749 -      - Discord Sender: ✅ Circuit breaker enabled
2025-08-10 08:27:03,451 - app.services.enhanced_replicator_service - INFO - _display_enterprise_configuration:750 -    Dependencies:
2025-08-10 08:27:03,451 - app.services.enhanced_replicator_service - INFO - _display_enterprise_configuration:751 -      - Telethon: ✅
2025-08-10 08:27:03,451 - app.services.enhanced_replicator_service - INFO - _display_enterprise_configuration:752 -      - PIL: ✅
2025-08-10 08:27:03,451 - app.services.enhanced_replicator_service - INFO - _display_enterprise_configuration:753 -      - PyMuPDF: ✅
2025-08-10 08:27:03,451 - app.services.enhanced_replicator_service - INFO - _display_enterprise_configuration:754 -      - aiohttp: ✅
2025-08-10 08:27:03,451 - app.services.integration_bridge - INFO - initialize:208 - ✅ Enhanced Replicator Service V2 initialized
2025-08-10 08:27:03,452 - __main__ - INFO - start_services:64 - 📤 Starting Discord Sender...
2025-08-10 08:27:03,452 - app.services.discord_sender - INFO - __init__:166 - 🚀 Discord Sender Enterprise inicializado
2025-08-10 08:27:03,452 - app.services.discord_sender - INFO - initialize:189 - ✅ Discord Sender Enterprise inicializado correctamente
2025-08-10 08:27:03,452 - __main__ - INFO - start_services:71 - 🎨 Starting Watermark Service...
2025-08-10 08:27:03,452 - app.services.watermark_service - INFO - __init__:97 - 🎨 Watermark Service Enterprise inicializado
2025-08-10 08:27:03,453 - app.services.watermark_service - INFO - _load_configurations:131 - 📁 Cargadas 1 configuraciones
2025-08-10 08:27:03,459 - app.services.watermark_service - INFO - _preload_fonts:189 - 🔤 Precargadas 6 fuentes
2025-08-10 08:27:03,459 - app.services.watermark_service - INFO - initialize:111 - ✅ Watermark Service Enterprise inicializado correctamente
2025-08-10 08:27:03,460 - app.services.watermark_service - INFO - initialize:112 -    Grupos configurados: 1
2025-08-10 08:27:03,460 - app.services.watermark_service - INFO - initialize:113 -    PIL disponible: ✅
2025-08-10 08:27:03,460 - __main__ - INFO - start_services:79 - 📊 Starting Web Dashboard...
2025-08-10 08:27:03,464 - __main__ - INFO - start_services:90 - ✅ All services started successfully!
2025-08-10 08:27:19,799 - app.services.enhanced_replicator_service - INFO - _process_image_enterprise:576 - 🖼️ Enterprise image processed for group -4989347027
2025-08-10 08:27:20,924 - app.services.enhanced_replicator_service - ERROR - _handle_audio_enterprise:510 - ❌ Enterprise audio handling error: FileProcessorBridge.process_audio() takes 3 positional arguments but 4 were given
2025-08-10 08:27:30,193 - app.services.enhanced_replicator_service - ERROR - _handle_pdf_enterprise:467 - ❌ Enterprise PDF handling error: FileProcessorBridge.process_pdf() takes 3 positional arguments but 4 were given
2025-08-10 08:27:38,371 - app.services.enhanced_replicator_service - ERROR - _process_video_enterprise:616 - ❌ Enterprise video processing error: FileProcessorBridge.process_video() takes 3 positional arguments but 4 were given
2025-08-10 08:27:38,371 - app.services.enhanced_replicator_service - ERROR - _process_message_enterprise:339 - ❌ Enterprise message processing failed: FileProcessorBridge.process_video() takes 3 positional arguments but 4 were given
2025-08-10 08:27:38,372 - app.services.enhanced_replicator_service - ERROR - handle_enterprise_message:313 - ❌ Enterprise message processing error: FileProcessorBridge.process_video() takes 3 positional arguments but 4 were given
2025-08-10 08:27:38,372 - app.services.enhanced_replicator_service - ERROR - _handle_processing_error:732 - ❌ Processing error for group -4989347027: FileProcessorBridge.process_video() takes 3 positional arguments but 4 were given
2025-08-10 08:28:03,455 - app.services.enhanced_replicator_service - WARNING - _perform_health_checks:1055 - ⚠️ High error rate: 60.00%
2025-08-10 08:28:33,455 - app.services.enhanced_replicator_service - WARNING - _perform_health_checks:1055 - ⚠️ High error rate: 60.00%
2025-08-10 08:29:03,459 - app.services.enhanced_replicator_service - WARNING - _perform_health_checks:1055 - ⚠️ High error rate: 60.00%
2025-08-10 08:29:33,464 - app.services.enhanced_replicator_service - WARNING - _perform_health_checks:1055 - ⚠️ High error rate: 60.00%
2025-08-10 08:30:03,467 - app.services.enhanced_replicator_service - WARNING - _perform_health_checks:1055 - ⚠️ High error rate: 60.00%
2025-08-10 08:30:07,501 - __main__ - INFO - monitoring_loop:200 - 📊 System: CPU 1.5% | RAM 54.8% | Disk 2.3%
2025-08-10 08:30:33,469 - app.services.enhanced_replicator_service - WARNING - _perform_health_checks:1055 - ⚠️ High error rate: 60.00%
2025-08-10 08:31:03,471 - app.services.enhanced_replicator_service - WARNING - _perform_health_checks:1055 - ⚠️ High error rate: 60.00%
2025-08-10 08:31:33,471 - app.services.enhanced_replicator_service - WARNING - _perform_health_checks:1055 - ⚠️ High error rate: 60.00%
2025-08-10 08:32:03,477 - app.services.enhanced_replicator_service - WARNING - _perform_health_checks:1055 - ⚠️ High error rate: 60.00%
2025-08-10 08:32:33,479 - app.services.enhanced_replicator_service - WARNING - _perform_health_checks:1055 - ⚠️ High error rate: 60.00%
2025-08-10 08:33:03,481 - app.services.enhanced_replicator_service - WARNING - _perform_health_checks:1055 - ⚠️ High error rate: 60.00%
2025-08-10 08:33:33,487 - app.services.enhanced_replicator_service - WARNING - _perform_health_checks:1055 - ⚠️ High error rate: 60.00%
2025-08-10 08:34:03,489 - app.services.enhanced_replicator_service - WARNING - _perform_health_checks:1055 - ⚠️ High error rate: 60.00%
2025-08-10 08:34:33,490 - app.services.enhanced_replicator_service - WARNING - _perform_health_checks:1055 - ⚠️ High error rate: 60.00%
2025-08-10 08:35:03,492 - app.services.enhanced_replicator_service - WARNING - _perform_health_checks:1055 - ⚠️ High error rate: 60.00%
2025-08-10 08:35:12,523 - __main__ - INFO - monitoring_loop:200 - 📊 System: CPU 5.9% | RAM 56.1% | Disk 2.3%
2025-08-10 08:35:33,494 - app.services.enhanced_replicator_service - WARNING - _perform_health_checks:1055 - ⚠️ High error rate: 60.00%
2025-08-10 08:36:03,500 - app.services.enhanced_replicator_service - WARNING - _perform_health_checks:1055 - ⚠️ High error rate: 60.00%
2025-08-10 08:36:33,501 - app.services.enhanced_replicator_service - WARNING - _perform_health_checks:1055 - ⚠️ High error rate: 60.00%
2025-08-10 08:37:03,503 - app.services.enhanced_replicator_service - WARNING - _perform_health_checks:1055 - ⚠️ High error rate: 60.00%
2025-08-10 08:37:33,509 - app.services.enhanced_replicator_service - WARNING - _perform_health_checks:1055 - ⚠️ High error rate: 60.00%
2025-08-10 08:38:03,514 - app.services.enhanced_replicator_service - WARNING - _perform_health_checks:1055 - ⚠️ High error rate: 60.00%
2025-08-10 08:38:33,520 - app.services.enhanced_replicator_service - WARNING - _perform_health_checks:1055 - ⚠️ High error rate: 60.00%
2025-08-10 08:39:03,522 - app.services.enhanced_replicator_service - WARNING - _perform_health_checks:1055 - ⚠️ High error rate: 60.00%
2025-08-10 08:39:33,527 - app.services.enhanced_replicator_service - WARNING - _perform_health_checks:1055 - ⚠️ High error rate: 60.00%
2025-08-10 08:40:03,528 - app.services.enhanced_replicator_service - WARNING - _perform_health_checks:1055 - ⚠️ High error rate: 60.00%
2025-08-10 08:40:17,554 - __main__ - INFO - monitoring_loop:200 - 📊 System: CPU 1.0% | RAM 54.5% | Disk 2.3%
2025-08-10 08:40:33,533 - app.services.enhanced_replicator_service - WARNING - _perform_health_checks:1055 - ⚠️ High error rate: 60.00%
2025-08-10 08:41:03,536 - app.services.enhanced_replicator_service - WARNING - _perform_health_checks:1055 - ⚠️ High error rate: 60.00%
2025-08-10 08:41:33,542 - app.services.enhanced_replicator_service - WARNING - _perform_health_checks:1055 - ⚠️ High error rate: 60.00%
2025-08-10 08:42:03,547 - app.services.enhanced_replicator_service - WARNING - _perform_health_checks:1055 - ⚠️ High error rate: 60.00%
2025-08-10 08:42:33,554 - app.services.enhanced_replicator_service - WARNING - _perform_health_checks:1055 - ⚠️ High error rate: 60.00%
2025-08-10 08:43:03,551 - app.services.enhanced_replicator_service - WARNING - _perform_health_checks:1055 - ⚠️ High error rate: 60.00%
2025-08-10 08:43:33,557 - app.services.enhanced_replicator_service - WARNING - _perform_health_checks:1055 - ⚠️ High error rate: 60.00%
2025-08-10 10:09:01,413 - app.services.enhanced_replicator_service - WARNING - _perform_health_checks:1055 - ⚠️ High error rate: 60.00%
2025-08-10 10:39:09,091 - app.services.enhanced_replicator_service - WARNING - _perform_health_checks:1055 - ⚠️ High error rate: 60.00%
2025-08-10 11:09:15,841 - app.services.enhanced_replicator_service - WARNING - _perform_health_checks:1055 - ⚠️ High error rate: 60.00%
2025-08-10 11:54:23,519 - app.services.enhanced_replicator_service - WARNING - _perform_health_checks:1055 - ⚠️ High error rate: 60.00%
2025-08-10 14:25:46,585 - __main__ - INFO - monitoring_loop:200 - 📊 System: CPU 23.4% | RAM 30.9% | Disk 2.3%
2025-08-10 14:25:51,030 - app.services.enhanced_replicator_service - WARNING - _perform_health_checks:1055 - ⚠️ High error rate: 60.00%
2025-08-10 14:26:21,551 - app.services.enhanced_replicator_service - WARNING - _perform_health_checks:1055 - ⚠️ High error rate: 60.00%
2025-08-10 14:26:51,552 - app.services.enhanced_replicator_service - WARNING - _perform_health_checks:1055 - ⚠️ High error rate: 60.00%
2025-08-10 14:27:21,556 - app.services.enhanced_replicator_service - WARNING - _perform_health_checks:1055 - ⚠️ High error rate: 60.00%
2025-08-10 14:27:51,560 - app.services.enhanced_replicator_service - WARNING - _perform_health_checks:1055 - ⚠️ High error rate: 60.00%
2025-08-10 14:28:21,566 - app.services.enhanced_replicator_service - WARNING - _perform_health_checks:1055 - ⚠️ High error rate: 60.00%
2025-08-10 14:28:51,571 - app.services.enhanced_replicator_service - WARNING - _perform_health_checks:1055 - ⚠️ High error rate: 60.00%
2025-08-10 14:29:21,576 - app.services.enhanced_replicator_service - WARNING - _perform_health_checks:1055 - ⚠️ High error rate: 60.00%
2025-08-10 14:29:51,577 - app.services.enhanced_replicator_service - WARNING - _perform_health_checks:1055 - ⚠️ High error rate: 60.00%
2025-08-10 14:30:21,578 - app.services.enhanced_replicator_service - WARNING - _perform_health_checks:1055 - ⚠️ High error rate: 60.00%
2025-08-10 14:30:52,136 - __main__ - INFO - monitoring_loop:200 - 📊 System: CPU 5.2% | RAM 38.3% | Disk 2.3%
2025-08-10 14:30:52,137 - app.services.enhanced_replicator_service - WARNING - _perform_health_checks:1055 - ⚠️ High error rate: 60.00%
2025-08-10 14:31:22,138 - app.services.enhanced_replicator_service - WARNING - _perform_health_checks:1055 - ⚠️ High error rate: 60.00%
2025-08-10 14:31:53,143 - app.services.enhanced_replicator_service - WARNING - _perform_health_checks:1055 - ⚠️ High error rate: 60.00%
2025-08-10 14:32:23,143 - app.services.enhanced_replicator_service - WARNING - _perform_health_checks:1055 - ⚠️ High error rate: 60.00%
2025-08-10 14:32:54,152 - app.services.enhanced_replicator_service - WARNING - _perform_health_checks:1055 - ⚠️ High error rate: 60.00%
2025-08-10 14:33:24,157 - app.services.enhanced_replicator_service - WARNING - _perform_health_checks:1055 - ⚠️ High error rate: 60.00%
2025-08-10 14:33:55,235 - app.services.enhanced_replicator_service - WARNING - _perform_health_checks:1055 - ⚠️ High error rate: 60.00%
2025-08-10 14:34:25,236 - app.services.enhanced_replicator_service - WARNING - _perform_health_checks:1055 - ⚠️ High error rate: 60.00%
2025-08-10 14:34:56,243 - app.services.enhanced_replicator_service - WARNING - _perform_health_checks:1055 - ⚠️ High error rate: 60.00%
2025-08-10 14:35:26,243 - app.services.enhanced_replicator_service - WARNING - _perform_health_checks:1055 - ⚠️ High error rate: 60.00%
2025-08-10 14:35:57,244 - __main__ - INFO - monitoring_loop:200 - 📊 System: CPU 9.4% | RAM 38.9% | Disk 2.3%
2025-08-10 14:35:57,245 - app.services.enhanced_replicator_service - WARNING - _perform_health_checks:1055 - ⚠️ High error rate: 60.00%
2025-08-10 14:36:27,245 - app.services.enhanced_replicator_service - WARNING - _perform_health_checks:1055 - ⚠️ High error rate: 60.00%
2025-08-10 14:36:58,246 - app.services.enhanced_replicator_service - WARNING - _perform_health_checks:1055 - ⚠️ High error rate: 60.00%
2025-08-10 14:37:34,647 - __main__ - INFO - start_services:48 - 🚀 Starting Zero Cost Architecture...
2025-08-10 14:37:34,647 - __main__ - INFO - start_services:51 - 📦 Starting File Processor Microservice...
2025-08-10 14:37:35,246 - app.services.file_processor_v2 - INFO - initialize:373 - ✅ File Processor initialized with 2 workers
2025-08-10 14:37:35,246 - __main__ - INFO - start_services:57 - 🔄 Starting Enhanced Replicator Service...
2025-08-10 14:37:35,572 - app.services.file_processor - INFO - __init__:383 - 🚀 FileProcessorEnhanced initialized
2025-08-10 14:37:35,573 - app.services.watermark_service - INFO - __init__:97 - 🎨 Watermark Service Enterprise inicializado
2025-08-10 14:37:35,573 - app.services.discord_sender - INFO - __init__:166 - 🚀 Discord Sender Enterprise inicializado
2025-08-10 14:37:35,573 - app.services.enhanced_replicator_service - INFO - __init__:147 - 🚀 Enhanced Replicator Service v3.0 Enterprise initialized
2025-08-10 14:37:35,573 - app.services.integration_bridge - INFO - initialize:59 - ✅ Using new microservice architecture
2025-08-10 14:37:35,573 - app.services.enhanced_replicator_service - INFO - initialize:157 - 🔧 Initializing Enhanced Replicator Service Enterprise...
2025-08-10 14:37:35,574 - app.services.enhanced_replicator_service - INFO - _verify_dependencies:203 - 🔍 Enterprise dependency verification:
2025-08-10 14:37:35,574 - app.services.enhanced_replicator_service - INFO - _verify_dependencies:207 -    telethon: ✅ Available
2025-08-10 14:37:35,574 - app.services.enhanced_replicator_service - WARNING - _verify_dependencies:207 -    telethon_video_support: ❌ Missing
2025-08-10 14:37:35,574 - app.services.enhanced_replicator_service - INFO - _verify_dependencies:207 -    aiohttp: ✅ Available
2025-08-10 14:37:35,574 - app.services.enhanced_replicator_service - INFO - _verify_dependencies:207 -    pil: ✅ Available
2025-08-10 14:37:35,575 - app.services.enhanced_replicator_service - INFO - _verify_dependencies:207 -    pymupdf: ✅ Available
2025-08-10 14:37:35,575 - app.services.enhanced_replicator_service - INFO - _verify_dependencies:211 -    📹 Video handling: Using document-based detection
2025-08-10 14:37:35,575 - app.services.enhanced_replicator_service - INFO - _initialize_telegram:228 - 📱 Connecting to Telegram Enterprise...
2025-08-10 14:37:35,580 - app.services.file_processor_v2 - INFO - _processing_loop:441 - 🔄 Processing loop started
2025-08-10 14:37:36,583 - app.services.enhanced_replicator_service - INFO - _initialize_telegram:255 - ✅ Telegram Enterprise connected: Ja (@no_username)
2025-08-10 14:37:36,583 - app.services.integration_bridge - INFO - initialize:59 - ✅ Using new microservice architecture
2025-08-10 14:37:36,583 - app.services.enhanced_replicator_service - INFO - _initialize_enterprise_services:277 - ✅ File Processor Enterprise initialized
2025-08-10 14:37:36,586 - app.services.watermark_service - INFO - _load_configurations:131 - 📁 Cargadas 1 configuraciones
2025-08-10 14:37:36,603 - app.services.watermark_service - INFO - _preload_fonts:189 - 🔤 Precargadas 6 fuentes
2025-08-10 14:37:36,603 - app.services.watermark_service - INFO - initialize:111 - ✅ Watermark Service Enterprise inicializado correctamente
2025-08-10 14:37:36,603 - app.services.watermark_service - INFO - initialize:112 -    Grupos configurados: 1
2025-08-10 14:37:36,603 - app.services.watermark_service - INFO - initialize:113 -    PIL disponible: ✅
2025-08-10 14:37:36,603 - app.services.enhanced_replicator_service - INFO - _initialize_enterprise_services:277 - ✅ Watermark Service Enterprise initialized
2025-08-10 14:37:36,604 - app.services.discord_sender - INFO - initialize:189 - ✅ Discord Sender Enterprise inicializado correctamente
2025-08-10 14:37:36,604 - app.services.enhanced_replicator_service - INFO - _initialize_enterprise_services:277 - ✅ Discord Sender Enterprise initialized
2025-08-10 14:37:36,604 - app.services.enhanced_replicator_service - INFO - _setup_enterprise_event_handlers:319 - 📡 Enterprise event handlers configured
2025-08-10 14:37:36,605 - app.services.enhanced_replicator_service - INFO - _start_background_tasks:668 - 🔄 Enterprise background tasks started
2025-08-10 14:37:36,605 - app.services.enhanced_replicator_service - INFO - initialize:181 - ✅ Enhanced Replicator Service Enterprise initialized successfully
2025-08-10 14:37:36,605 - app.services.enhanced_replicator_service - INFO - _display_enterprise_configuration:741 - 📊 Enterprise Configuration:
2025-08-10 14:37:36,605 - app.services.enhanced_replicator_service - INFO - _display_enterprise_configuration:742 -    Groups configured: 2
2025-08-10 14:37:36,606 - app.services.enhanced_replicator_service - INFO - _display_enterprise_configuration:743 -    Max concurrent processing: 10
2025-08-10 14:37:36,606 - app.services.enhanced_replicator_service - INFO - _display_enterprise_configuration:744 -    Circuit breaker threshold: 5
2025-08-10 14:37:36,606 - app.services.enhanced_replicator_service - INFO - _display_enterprise_configuration:745 -    Processing timeout: 300s
2025-08-10 14:37:36,606 - app.services.enhanced_replicator_service - INFO - _display_enterprise_configuration:746 -    Enterprise Services:
2025-08-10 14:37:36,606 - app.services.enhanced_replicator_service - INFO - _display_enterprise_configuration:747 -      - File Processor: ✅ Advanced
2025-08-10 14:37:36,606 - app.services.enhanced_replicator_service - INFO - _display_enterprise_configuration:748 -      - Watermark Service: ✅ Multi-tenant
2025-08-10 14:37:36,606 - app.services.enhanced_replicator_service - INFO - _display_enterprise_configuration:749 -      - Discord Sender: ✅ Circuit breaker enabled
2025-08-10 14:37:36,607 - app.services.enhanced_replicator_service - INFO - _display_enterprise_configuration:750 -    Dependencies:
2025-08-10 14:37:36,607 - app.services.enhanced_replicator_service - INFO - _display_enterprise_configuration:751 -      - Telethon: ✅
2025-08-10 14:37:36,607 - app.services.enhanced_replicator_service - INFO - _display_enterprise_configuration:752 -      - PIL: ✅
2025-08-10 14:37:36,607 - app.services.enhanced_replicator_service - INFO - _display_enterprise_configuration:753 -      - PyMuPDF: ✅
2025-08-10 14:37:36,607 - app.services.enhanced_replicator_service - INFO - _display_enterprise_configuration:754 -      - aiohttp: ✅
2025-08-10 14:37:36,607 - app.services.integration_bridge - INFO - initialize:208 - ✅ Enhanced Replicator Service V2 initialized
2025-08-10 14:37:36,607 - __main__ - INFO - start_services:64 - 📤 Starting Discord Sender...
2025-08-10 14:37:36,607 - app.services.discord_sender - INFO - __init__:166 - 🚀 Discord Sender Enterprise inicializado
2025-08-10 14:37:36,608 - app.services.discord_sender - INFO - initialize:189 - ✅ Discord Sender Enterprise inicializado correctamente
2025-08-10 14:37:36,608 - __main__ - INFO - start_services:71 - 🎨 Starting Watermark Service...
2025-08-10 14:37:36,608 - app.services.watermark_service - INFO - __init__:97 - 🎨 Watermark Service Enterprise inicializado
2025-08-10 14:37:36,608 - app.services.watermark_service - INFO - _load_configurations:131 - 📁 Cargadas 1 configuraciones
2025-08-10 14:37:36,613 - app.services.watermark_service - INFO - _preload_fonts:189 - 🔤 Precargadas 6 fuentes
2025-08-10 14:37:36,613 - app.services.watermark_service - INFO - initialize:111 - ✅ Watermark Service Enterprise inicializado correctamente
2025-08-10 14:37:36,614 - app.services.watermark_service - INFO - initialize:112 -    Grupos configurados: 1
2025-08-10 14:37:36,614 - app.services.watermark_service - INFO - initialize:113 -    PIL disponible: ✅
2025-08-10 14:37:36,614 - __main__ - INFO - start_services:79 - 📊 Starting Web Dashboard...
2025-08-10 14:37:36,618 - __main__ - INFO - start_services:90 - ✅ All services started successfully!
2025-08-10 14:39:32,502 - app.services.enhanced_replicator_service - INFO - _process_image_enterprise:576 - 🖼️ Enterprise image processed for group -4989347027
2025-08-10 14:39:40,450 - app.services.enhanced_replicator_service - ERROR - _process_video_enterprise:616 - ❌ Enterprise video processing error: FileProcessorBridge.process_video() takes 3 positional arguments but 4 were given
2025-08-10 14:39:40,450 - app.services.enhanced_replicator_service - ERROR - _process_message_enterprise:339 - ❌ Enterprise message processing failed: FileProcessorBridge.process_video() takes 3 positional arguments but 4 were given
2025-08-10 14:39:40,450 - app.services.enhanced_replicator_service - ERROR - handle_enterprise_message:313 - ❌ Enterprise message processing error: FileProcessorBridge.process_video() takes 3 positional arguments but 4 were given
2025-08-10 14:39:40,450 - app.services.enhanced_replicator_service - ERROR - _handle_processing_error:732 - ❌ Processing error for group -4989347027: FileProcessorBridge.process_video() takes 3 positional arguments but 4 were given
2025-08-10 14:39:41,841 - app.services.enhanced_replicator_service - ERROR - _handle_audio_enterprise:510 - ❌ Enterprise audio handling error: FileProcessorBridge.process_audio() takes 3 positional arguments but 4 were given
2025-08-10 14:39:51,424 - app.services.enhanced_replicator_service - ERROR - _handle_pdf_enterprise:467 - ❌ Enterprise PDF handling error: FileProcessorBridge.process_pdf() takes 3 positional arguments but 4 were given
2025-08-10 14:40:06,633 - app.services.enhanced_replicator_service - WARNING - _perform_health_checks:1055 - ⚠️ High error rate: 60.00%
2025-08-10 14:40:36,634 - app.services.enhanced_replicator_service - WARNING - _perform_health_checks:1055 - ⚠️ High error rate: 60.00%
2025-08-10 14:40:40,683 - __main__ - INFO - monitoring_loop:200 - 📊 System: CPU 1.8% | RAM 39.7% | Disk 2.3%
2025-08-10 14:41:06,638 - app.services.enhanced_replicator_service - WARNING - _perform_health_checks:1055 - ⚠️ High error rate: 60.00%
2025-08-10 14:41:36,640 - app.services.enhanced_replicator_service - WARNING - _perform_health_checks:1055 - ⚠️ High error rate: 60.00%
2025-08-10 14:42:06,641 - app.services.enhanced_replicator_service - WARNING - _perform_health_checks:1055 - ⚠️ High error rate: 60.00%
2025-08-10 14:42:36,643 - app.services.enhanced_replicator_service - WARNING - _perform_health_checks:1055 - ⚠️ High error rate: 60.00%
2025-08-10 14:43:06,647 - app.services.enhanced_replicator_service - WARNING - _perform_health_checks:1055 - ⚠️ High error rate: 60.00%
2025-08-10 14:43:36,647 - app.services.enhanced_replicator_service - WARNING - _perform_health_checks:1055 - ⚠️ High error rate: 60.00%
2025-08-10 14:44:12,638 - __main__ - INFO - start_services:48 - 🚀 Starting Zero Cost Architecture...
2025-08-10 14:44:12,638 - __main__ - INFO - start_services:51 - 📦 Starting File Processor Microservice...
2025-08-10 14:44:12,994 - app.services.file_processor_v2 - INFO - initialize:373 - ✅ File Processor initialized with 2 workers
2025-08-10 14:44:12,994 - __main__ - INFO - start_services:57 - 🔄 Starting Enhanced Replicator Service...
2025-08-10 14:44:13,233 - app.services.file_processor - INFO - __init__:383 - 🚀 FileProcessorEnhanced initialized
2025-08-10 14:44:13,234 - app.services.watermark_service - INFO - __init__:97 - 🎨 Watermark Service Enterprise inicializado
2025-08-10 14:44:13,234 - app.services.discord_sender - INFO - __init__:166 - 🚀 Discord Sender Enterprise inicializado
2025-08-10 14:44:13,234 - app.services.enhanced_replicator_service - INFO - __init__:147 - 🚀 Enhanced Replicator Service v3.0 Enterprise initialized
2025-08-10 14:44:13,235 - app.services.integration_bridge - INFO - initialize:59 - ✅ Using new microservice architecture
2025-08-10 14:44:13,235 - app.services.enhanced_replicator_service - INFO - initialize:157 - 🔧 Initializing Enhanced Replicator Service Enterprise...
2025-08-10 14:44:13,235 - app.services.enhanced_replicator_service - INFO - _verify_dependencies:203 - 🔍 Enterprise dependency verification:
2025-08-10 14:44:13,235 - app.services.enhanced_replicator_service - INFO - _verify_dependencies:207 -    telethon: ✅ Available
2025-08-10 14:44:13,235 - app.services.enhanced_replicator_service - WARNING - _verify_dependencies:207 -    telethon_video_support: ❌ Missing
2025-08-10 14:44:13,235 - app.services.enhanced_replicator_service - INFO - _verify_dependencies:207 -    aiohttp: ✅ Available
2025-08-10 14:44:13,235 - app.services.enhanced_replicator_service - INFO - _verify_dependencies:207 -    pil: ✅ Available
2025-08-10 14:44:13,235 - app.services.enhanced_replicator_service - INFO - _verify_dependencies:207 -    pymupdf: ✅ Available
2025-08-10 14:44:13,235 - app.services.enhanced_replicator_service - INFO - _verify_dependencies:211 -    📹 Video handling: Using document-based detection
2025-08-10 14:44:13,236 - app.services.enhanced_replicator_service - INFO - _initialize_telegram:228 - 📱 Connecting to Telegram Enterprise...
2025-08-10 14:44:13,239 - app.services.file_processor_v2 - INFO - _processing_loop:441 - 🔄 Processing loop started
2025-08-10 14:44:14,191 - app.services.enhanced_replicator_service - INFO - _initialize_telegram:255 - ✅ Telegram Enterprise connected: Ja (@no_username)
2025-08-10 14:44:14,191 - app.services.integration_bridge - INFO - initialize:59 - ✅ Using new microservice architecture
2025-08-10 14:44:14,191 - app.services.enhanced_replicator_service - INFO - _initialize_enterprise_services:277 - ✅ File Processor Enterprise initialized
2025-08-10 14:44:14,192 - app.services.watermark_service - INFO - _load_configurations:131 - 📁 Cargadas 1 configuraciones
2025-08-10 14:44:14,206 - app.services.watermark_service - INFO - _preload_fonts:189 - 🔤 Precargadas 6 fuentes
2025-08-10 14:44:14,206 - app.services.watermark_service - INFO - initialize:111 - ✅ Watermark Service Enterprise inicializado correctamente
2025-08-10 14:44:14,206 - app.services.watermark_service - INFO - initialize:112 -    Grupos configurados: 1
2025-08-10 14:44:14,206 - app.services.watermark_service - INFO - initialize:113 -    PIL disponible: ✅
2025-08-10 14:44:14,206 - app.services.enhanced_replicator_service - INFO - _initialize_enterprise_services:277 - ✅ Watermark Service Enterprise initialized
2025-08-10 14:44:14,207 - app.services.discord_sender - INFO - initialize:189 - ✅ Discord Sender Enterprise inicializado correctamente
2025-08-10 14:44:14,207 - app.services.enhanced_replicator_service - INFO - _initialize_enterprise_services:277 - ✅ Discord Sender Enterprise initialized
2025-08-10 14:44:14,207 - app.services.enhanced_replicator_service - INFO - _setup_enterprise_event_handlers:319 - 📡 Enterprise event handlers configured
2025-08-10 14:44:14,207 - app.services.enhanced_replicator_service - INFO - _start_background_tasks:668 - 🔄 Enterprise background tasks started
2025-08-10 14:44:14,207 - app.services.enhanced_replicator_service - INFO - initialize:181 - ✅ Enhanced Replicator Service Enterprise initialized successfully
2025-08-10 14:44:14,207 - app.services.enhanced_replicator_service - INFO - _display_enterprise_configuration:741 - 📊 Enterprise Configuration:
2025-08-10 14:44:14,207 - app.services.enhanced_replicator_service - INFO - _display_enterprise_configuration:742 -    Groups configured: 2
2025-08-10 14:44:14,208 - app.services.enhanced_replicator_service - INFO - _display_enterprise_configuration:743 -    Max concurrent processing: 10
2025-08-10 14:44:14,208 - app.services.enhanced_replicator_service - INFO - _display_enterprise_configuration:744 -    Circuit breaker threshold: 5
2025-08-10 14:44:14,208 - app.services.enhanced_replicator_service - INFO - _display_enterprise_configuration:745 -    Processing timeout: 300s
2025-08-10 14:44:14,208 - app.services.enhanced_replicator_service - INFO - _display_enterprise_configuration:746 -    Enterprise Services:
2025-08-10 14:44:14,208 - app.services.enhanced_replicator_service - INFO - _display_enterprise_configuration:747 -      - File Processor: ✅ Advanced
2025-08-10 14:44:14,208 - app.services.enhanced_replicator_service - INFO - _display_enterprise_configuration:748 -      - Watermark Service: ✅ Multi-tenant
2025-08-10 14:44:14,208 - app.services.enhanced_replicator_service - INFO - _display_enterprise_configuration:749 -      - Discord Sender: ✅ Circuit breaker enabled
2025-08-10 14:44:14,208 - app.services.enhanced_replicator_service - INFO - _display_enterprise_configuration:750 -    Dependencies:
2025-08-10 14:44:14,208 - app.services.enhanced_replicator_service - INFO - _display_enterprise_configuration:751 -      - Telethon: ✅
2025-08-10 14:44:14,208 - app.services.enhanced_replicator_service - INFO - _display_enterprise_configuration:752 -      - PIL: ✅
2025-08-10 14:44:14,208 - app.services.enhanced_replicator_service - INFO - _display_enterprise_configuration:753 -      - PyMuPDF: ✅
2025-08-10 14:44:14,209 - app.services.enhanced_replicator_service - INFO - _display_enterprise_configuration:754 -      - aiohttp: ✅
2025-08-10 14:44:14,209 - app.services.integration_bridge - INFO - initialize:208 - ✅ Enhanced Replicator Service V2 initialized
2025-08-10 14:44:14,209 - __main__ - INFO - start_services:64 - 📤 Starting Discord Sender...
2025-08-10 14:44:14,209 - app.services.discord_sender - INFO - __init__:166 - 🚀 Discord Sender Enterprise inicializado
2025-08-10 14:44:14,210 - app.services.discord_sender - INFO - initialize:189 - ✅ Discord Sender Enterprise inicializado correctamente
2025-08-10 14:44:14,210 - __main__ - INFO - start_services:71 - 🎨 Starting Watermark Service...
2025-08-10 14:44:14,210 - app.services.watermark_service - INFO - __init__:97 - 🎨 Watermark Service Enterprise inicializado
2025-08-10 14:44:14,210 - app.services.watermark_service - INFO - _load_configurations:131 - 📁 Cargadas 1 configuraciones
2025-08-10 14:44:14,216 - app.services.watermark_service - INFO - _preload_fonts:189 - 🔤 Precargadas 6 fuentes
2025-08-10 14:44:14,216 - app.services.watermark_service - INFO - initialize:111 - ✅ Watermark Service Enterprise inicializado correctamente
2025-08-10 14:44:14,216 - app.services.watermark_service - INFO - initialize:112 -    Grupos configurados: 1
2025-08-10 14:44:14,217 - app.services.watermark_service - INFO - initialize:113 -    PIL disponible: ✅
2025-08-10 14:44:14,217 - __main__ - INFO - start_services:79 - 📊 Starting Web Dashboard...
2025-08-10 14:44:14,220 - __main__ - INFO - start_services:90 - ✅ All services started successfully!
2025-08-10 14:44:30,788 - app.services.enhanced_replicator_service - ERROR - _process_video_enterprise:616 - ❌ Enterprise video processing error: FileProcessorBridge.process_video() takes 3 positional arguments but 4 were given
2025-08-10 14:44:30,789 - app.services.enhanced_replicator_service - ERROR - _process_message_enterprise:339 - ❌ Enterprise message processing failed: FileProcessorBridge.process_video() takes 3 positional arguments but 4 were given
2025-08-10 14:44:30,789 - app.services.enhanced_replicator_service - ERROR - handle_enterprise_message:313 - ❌ Enterprise message processing error: FileProcessorBridge.process_video() takes 3 positional arguments but 4 were given
2025-08-10 14:44:30,789 - app.services.enhanced_replicator_service - ERROR - _handle_processing_error:732 - ❌ Processing error for group -4989347027: FileProcessorBridge.process_video() takes 3 positional arguments but 4 were given
2025-08-10 14:44:44,226 - app.services.enhanced_replicator_service - WARNING - _perform_health_checks:1055 - ⚠️ High error rate: 300.00%
2025-08-10 14:49:09,874 - __main__ - INFO - start_services:48 - 🚀 Starting Zero Cost Architecture...
2025-08-10 14:49:09,875 - __main__ - INFO - start_services:51 - 📦 Starting File Processor Microservice...
2025-08-10 14:49:10,229 - app.services.file_processor_v2 - INFO - initialize:373 - ✅ File Processor initialized with 2 workers
2025-08-10 14:49:10,229 - __main__ - INFO - start_services:57 - 🔄 Starting Enhanced Replicator Service...
2025-08-10 14:49:10,229 - __main__ - ERROR - main:297 - Fatal error: No module named 'app.services.integration_bridge'
2025-08-10 14:49:10,229 - __main__ - INFO - shutdown:253 - 🛑 Shutting down services...
2025-08-10 14:49:10,230 - app.services.file_processor_v2 - INFO - _processing_loop:441 - 🔄 Processing loop started
2025-08-10 14:49:11,233 - app.services.file_processor_v2 - INFO - shutdown:517 - ✅ Service stopped
2025-08-10 14:49:11,233 - __main__ - INFO - shutdown:272 - ✅ All services stopped
2025-08-10 14:54:17,680 - __main__ - INFO - start_services:48 - 🚀 Starting Zero Cost Architecture...
2025-08-10 14:54:17,680 - __main__ - INFO - start_services:51 - 📦 Starting File Processor Microservice...
2025-08-10 14:54:17,994 - app.services.file_processor_v2 - INFO - initialize:373 - ✅ File Processor initialized with 2 workers
2025-08-10 14:54:17,994 - __main__ - INFO - start_services:57 - 🔄 Starting Enhanced Replicator Service...
2025-08-10 14:54:18,250 - app.services.file_processor - INFO - __init__:383 - 🚀 FileProcessorEnhanced initialized
2025-08-10 14:54:18,251 - app.services.watermark_service - INFO - __init__:97 - 🎨 Watermark Service Enterprise inicializado
2025-08-10 14:54:18,251 - app.services.discord_sender - INFO - __init__:166 - 🚀 Discord Sender Enterprise inicializado
2025-08-10 14:54:18,251 - app.services.enhanced_replicator_service - INFO - __init__:147 - 🚀 Enhanced Replicator Service v3.0 Enterprise initialized
2025-08-10 14:54:18,251 - app.services.enhanced_replicator_service - INFO - initialize:157 - 🔧 Initializing Enhanced Replicator Service Enterprise...
2025-08-10 14:54:18,252 - app.services.enhanced_replicator_service - INFO - _verify_dependencies:203 - 🔍 Enterprise dependency verification:
2025-08-10 14:54:18,252 - app.services.enhanced_replicator_service - INFO - _verify_dependencies:207 -    telethon: ✅ Available
2025-08-10 14:54:18,252 - app.services.enhanced_replicator_service - WARNING - _verify_dependencies:207 -    telethon_video_support: ❌ Missing
2025-08-10 14:54:18,252 - app.services.enhanced_replicator_service - INFO - _verify_dependencies:207 -    aiohttp: ✅ Available
2025-08-10 14:54:18,252 - app.services.enhanced_replicator_service - INFO - _verify_dependencies:207 -    pil: ✅ Available
2025-08-10 14:54:18,253 - app.services.enhanced_replicator_service - INFO - _verify_dependencies:207 -    pymupdf: ✅ Available
2025-08-10 14:54:18,253 - app.services.enhanced_replicator_service - INFO - _verify_dependencies:211 -    📹 Video handling: Using document-based detection
2025-08-10 14:54:18,253 - app.services.enhanced_replicator_service - INFO - _initialize_telegram:228 - 📱 Connecting to Telegram Enterprise...
2025-08-10 14:54:18,255 - app.services.file_processor_v2 - INFO - _processing_loop:441 - 🔄 Processing loop started
2025-08-10 14:54:19,818 - app.services.enhanced_replicator_service - INFO - _initialize_telegram:255 - ✅ Telegram Enterprise connected: Ja (@no_username)
2025-08-10 14:54:19,818 - app.services.file_processor - INFO - initialize:137 - ✅ V2 Processor Adapter initialized
2025-08-10 14:54:19,818 - app.services.file_processor - INFO - initialize:395 - ✅ Using V2 processor (microservices architecture)
2025-08-10 14:54:20,805 - app.services.file_processor - INFO - _check_dependencies:415 - 📦 Dependencies:
2025-08-10 14:54:20,805 - app.services.file_processor - INFO - _check_dependencies:418 -    ffmpeg: ✅
2025-08-10 14:54:20,805 - app.services.file_processor - INFO - _check_dependencies:418 -    pymupdf: ✅
2025-08-10 14:54:20,806 - app.services.file_processor - INFO - _check_dependencies:418 -    pil: ✅
2025-08-10 14:54:20,806 - app.services.file_processor - INFO - initialize:405 - ✅ FileProcessorEnhanced ready
2025-08-10 14:54:20,806 - app.services.enhanced_replicator_service - INFO - _initialize_enterprise_services:277 - ✅ File Processor Enterprise initialized
2025-08-10 14:54:20,806 - app.services.watermark_service - INFO - _load_configurations:131 - 📁 Cargadas 1 configuraciones
2025-08-10 14:54:20,817 - app.services.watermark_service - INFO - _preload_fonts:189 - 🔤 Precargadas 6 fuentes
2025-08-10 14:54:20,818 - app.services.watermark_service - INFO - initialize:111 - ✅ Watermark Service Enterprise inicializado correctamente
2025-08-10 14:54:20,818 - app.services.watermark_service - INFO - initialize:112 -    Grupos configurados: 1
2025-08-10 14:54:20,818 - app.services.watermark_service - INFO - initialize:113 -    PIL disponible: ✅
2025-08-10 14:54:20,818 - app.services.enhanced_replicator_service - INFO - _initialize_enterprise_services:277 - ✅ Watermark Service Enterprise initialized
2025-08-10 14:54:20,819 - app.services.discord_sender - INFO - initialize:189 - ✅ Discord Sender Enterprise inicializado correctamente
2025-08-10 14:54:20,819 - app.services.enhanced_replicator_service - INFO - _initialize_enterprise_services:277 - ✅ Discord Sender Enterprise initialized
2025-08-10 14:54:20,819 - app.services.enhanced_replicator_service - INFO - _setup_enterprise_event_handlers:319 - 📡 Enterprise event handlers configured
2025-08-10 14:54:20,820 - app.services.enhanced_replicator_service - INFO - _start_background_tasks:668 - 🔄 Enterprise background tasks started
2025-08-10 14:54:20,820 - app.services.enhanced_replicator_service - INFO - initialize:181 - ✅ Enhanced Replicator Service Enterprise initialized successfully
2025-08-10 14:54:20,820 - app.services.enhanced_replicator_service - INFO - _display_enterprise_configuration:741 - 📊 Enterprise Configuration:
2025-08-10 14:54:20,820 - app.services.enhanced_replicator_service - INFO - _display_enterprise_configuration:742 -    Groups configured: 2
2025-08-10 14:54:20,820 - app.services.enhanced_replicator_service - INFO - _display_enterprise_configuration:743 -    Max concurrent processing: 10
2025-08-10 14:54:20,820 - app.services.enhanced_replicator_service - INFO - _display_enterprise_configuration:744 -    Circuit breaker threshold: 5
2025-08-10 14:54:20,821 - app.services.enhanced_replicator_service - INFO - _display_enterprise_configuration:745 -    Processing timeout: 300s
2025-08-10 14:54:20,821 - app.services.enhanced_replicator_service - INFO - _display_enterprise_configuration:746 -    Enterprise Services:
2025-08-10 14:54:20,821 - app.services.enhanced_replicator_service - INFO - _display_enterprise_configuration:747 -      - File Processor: ✅ Advanced
2025-08-10 14:54:20,821 - app.services.enhanced_replicator_service - INFO - _display_enterprise_configuration:748 -      - Watermark Service: ✅ Multi-tenant
2025-08-10 14:54:20,821 - app.services.enhanced_replicator_service - INFO - _display_enterprise_configuration:749 -      - Discord Sender: ✅ Circuit breaker enabled
2025-08-10 14:54:20,821 - app.services.enhanced_replicator_service - INFO - _display_enterprise_configuration:750 -    Dependencies:
2025-08-10 14:54:20,821 - app.services.enhanced_replicator_service - INFO - _display_enterprise_configuration:751 -      - Telethon: ✅
2025-08-10 14:54:20,821 - app.services.enhanced_replicator_service - INFO - _display_enterprise_configuration:752 -      - PIL: ✅
2025-08-10 14:54:20,821 - app.services.enhanced_replicator_service - INFO - _display_enterprise_configuration:753 -      - PyMuPDF: ✅
2025-08-10 14:54:20,822 - app.services.enhanced_replicator_service - INFO - _display_enterprise_configuration:754 -      - aiohttp: ✅
2025-08-10 14:54:20,822 - __main__ - INFO - start_services:64 - 📤 Starting Discord Sender...
2025-08-10 14:54:20,822 - app.services.discord_sender - INFO - __init__:166 - 🚀 Discord Sender Enterprise inicializado
2025-08-10 14:54:20,822 - app.services.discord_sender - INFO - initialize:189 - ✅ Discord Sender Enterprise inicializado correctamente
2025-08-10 14:54:20,822 - __main__ - INFO - start_services:71 - 🎨 Starting Watermark Service...
2025-08-10 14:54:20,823 - app.services.watermark_service - INFO - __init__:97 - 🎨 Watermark Service Enterprise inicializado
2025-08-10 14:54:20,823 - app.services.watermark_service - INFO - _load_configurations:131 - 📁 Cargadas 1 configuraciones
2025-08-10 14:54:20,828 - app.services.watermark_service - INFO - _preload_fonts:189 - 🔤 Precargadas 6 fuentes
2025-08-10 14:54:20,829 - app.services.watermark_service - INFO - initialize:111 - ✅ Watermark Service Enterprise inicializado correctamente
2025-08-10 14:54:20,829 - app.services.watermark_service - INFO - initialize:112 -    Grupos configurados: 1
2025-08-10 14:54:20,829 - app.services.watermark_service - INFO - initialize:113 -    PIL disponible: ✅
2025-08-10 14:54:20,829 - __main__ - INFO - start_services:79 - 📊 Starting Web Dashboard...
2025-08-10 14:54:20,834 - __main__ - INFO - start_services:90 - ✅ All services started successfully!
2025-08-10 14:54:46,726 - app.services.enhanced_replicator_service - INFO - _process_image_enterprise:576 - 🖼️ Enterprise image processed for group -4989347027
2025-08-10 14:54:48,423 - app.services.enhanced_replicator_service - INFO - _process_video_enterprise:607 - 🎬 Enterprise video processed for group -4989347027
2025-08-10 14:54:50,037 - app.services.enhanced_replicator_service - INFO - _handle_audio_enterprise:503 - 🎵 Enterprise audio processed: unknown_document
2025-08-10 14:54:50,195 - app.services.file_processor_v2 - INFO - _processing_loop:489 - ✅ Processed video_enterprise.mp4
2025-08-10 14:54:50,195 - app.services.file_processor_v2 - INFO - fail_job:195 - 🔄 Retrying job 554b7085899af83a_1754852089.576856
2025-08-10 14:54:50,196 - app.services.file_processor_v2 - INFO - fail_job:195 - 🔄 Retrying job 554b7085899af83a_1754852089.576856
2025-08-10 14:55:00,134 - app.services.file_processor_v2 - INFO - _processing_loop:489 - ✅ Processed DirectionMovementIndexDMIbyTraderGauls.pdf
2025-08-10 14:55:00,680 - app.services.enhanced_replicator_service - INFO - _handle_pdf_enterprise:460 - 📄 Enterprise PDF processed: DirectionMovementIndexDMIbyTraderGauls.pdf
2025-08-10 14:55:22,895 - __main__ - INFO - monitoring_loop:200 - 📊 System: CPU 7.8% | RAM 41.4% | Disk 2.3%
